$VNIMU,+00.1307,-00.3381,-00.1211,-00.075,+09.798,-00.040,+00.001675,-00.001278,-00.001061,+25.1,+084.780*6C
$VNIMU,+00.1329,-00.3370,-00.1184,-00.048,+09.781,-00.053,+00.001170,-00.001171,-00.002131,+25.1,+084.764*60
$VNIMU,+00.1264,-00.3335,-00.1221,-00.091,+09.746,-00.054,+00.000616,-00.002254,-00.001068,+25.1,+084.768*6E
$VNIMU,+00.1275,-00.3358,-00.1181,-00.099,+09.809,-00.056,+00.000499,-00.002198,-00.000641,+25.1,+084.755*66
$VNIMU,+00.1296,-00.3324,-00.1210,-00.109,+09.787,-00.034,+00.000696,-00.000492,-00.000948,+25.1,+084.780*60
$VNIMU,+00.1318,-00.3381,-00.1225,-00.086,+09.796,-00.030,+00.000058,-00.001955,-00.001879,+25.1,+084.764*67
$VNIMU,+00.1285,-00.3336,-00.1209,-00.070,+09.788,-00.035,+00.000804,-00.000981,-00.000932,+25.1,+084.751*63
$VNIMU,+00.1285,-00.3336,-00.1223,-00.104,+09.782,-00.023,+00.000400,-00.001457,-00.001660,+25.1,+084.764*64
$VNIMU,+00.1253,-00.3324,-00.1180,-00.102,+09.795,-00.034,+00.000931,-00.001813,-00.002132,+25.1,+084.764*60
$VNIMU,+00.1328,-00.3370,-00.1239,-00.105,+09.805,-00.036,+00.001684,-00.000965,-00.001138,+25.1,+084.777*64
$VNIMU,+00.1339,-00.3381,-00.1226,-00.102,+09.791,-00.051,+00.000383,-00.000830,-00.001140,+25.1,+084.755*6D
$VNIMU,+00.1275,-00.3370,-00.1181,-00.081,+09.823,-00.016,+00.001147,-00.000582,-00.001935,+25.1,+084.780*66
$VNIMU,+00.1264,-00.3335,-00.1208,-00.059,+09.810,-00.047,+00.001077,-00.001843,-00.002456,+25.1,+084.768*6A
$VNIMU,+00.1274,-00.3335,-00.1195,-00.118,+09.779,-00.021,+00.000964,-00.000252,-00.001639,+25.1,+084.764*6D
$VNIMU,+00.1307,-00.3381,-00.1170,-00.068,+09.795,-00.019,+00.001705,-00.001332,-00.001307,+25.1,+084.780*6F
$VNIMU,+00.1339,-00.3381,-00.1226,-00.071,+09.790,-00.025,+00.000738,-00.000974,-00.001612,+25.1,+084.768*61
$VNIMU,+00.1318,-00.3347,-00.1184,-00.100,+09.813,+00.024,+00.000416,-00.000859,-00.001260,+25.1,+084.780*61
$VNIMU,+00.1231,-00.3324,-00.1206,-00.104,+09.794,-00.040,+00.000786,-00.001268,-00.002458,+25.1,+084.764*60
$VNIMU,+00.1285,-00.3324,-00.1209,-00.087,+09.785,-00.035,+00.002293,-00.001099,-00.001780,+25.1,+084.768*6E
$VNIMU,+00.1318,-00.3370,-00.1225,-00.115,+09.810,-00.049,-00.000083,-00.001599,-00.001865,+25.1,+084.780*66
$VNIMU,+00.1339,-00.3404,-00.1213,-00.094,+09.808,-00.007,+00.001134,-00.001764,-00.001094,+25.1,+084.764*69
$VNIMU,+00.1296,-00.3370,-00.1210,-00.086,+09.826,-00.055,+00.000658,-00.000747,-00.001253,+25.1,+084.777*65
$VNIMU,+00.1253,-00.3370,-00.1194,-00.099,+09.801,+00.003,+00.000910,-00.001251,-00.000723,+25.1,+084.768*60
$VNIMU,+00.1285,-00.3336,-00.1209,-00.105,+09.796,+00.014,+00.000934,-00.000985,-00.001880,+25.1,+084.768*6F
$VNIMU,+00.1318,-00.3347,-00.1211,-00.093,+09.791,-00.004,-00.000301,-00.000175,-00.001601,+25.1,+084.768*61
$VNIMU,+00.1339,-00.3359,-00.1212,-00.094,+09.809,-00.015,+00.000533,-00.003297,-00.001945,+25.1,+084.768*65
$VNIMU,+00.1264,-00.3370,-00.1222,-00.091,+09.785,-00.036,+00.001145,-00.001920,+00.000050,+25.1,+084.768*60
$VNIMU,+00.1253,-00.3335,-00.1180,-00.104,+09.794,-00.035,+00.000411,-00.001245,-00.001918,+25.1,+084.768*6F
$VNIMU,+00.1264,-00.3324,-00.1181,-00.117,+09.817,-00.030,+00.000506,-00.000431,-00.001328,+25.1,+084.780*65
$VNIMU,+00.1285,-00.3358,-00.1209,-00.112,+09.806,-00.001,+00.001499,-00.001358,-00.001530,+25.1,+084.768*63
$VNIMU,+00.1328,-00.3347,-00.1198,-00.079,+09.793,+00.003,+00.002063,-00.000284,-00.000669,+25.1,+084.768*66
$VNIMU,+00.1329,-00.3370,-00.1198,-00.110,+09.802,-00.007,+00.000459,-00.000453,-00.001820,+25.1,+084.768*69
$VNIMU,+00.1253,-00.3335,-00.1194,-00.099,+09.816,+00.019,+00.000588,-00.001068,-00.002394,+25.1,+084.755*6D
$VNIMU,+00.1296,-00.3347,-00.1196,-00.094,+09.796,-00.021,+00.000991,-00.000171,-00.001346,+25.1,+084.768*6A
$VNIMU,+00.1307,-00.3358,-00.1210,-00.091,+09.794,-00.039,+00.002467,-00.001344,-00.001473,+25.1,+084.768*6C
$VNIMU,+00.1296,-00.3393,-00.1169,-00.087,+09.796,+00.008,+00.001487,-00.001286,-00.002372,+25.1,+084.780*6F
$VNIMU,+00.1286,-00.3381,-00.1196,-00.071,+09.804,-00.002,+00.001405,-00.001105,-00.000349,+25.1,+084.755*6C
$VNIMU,+00.1242,-00.3324,-00.1179,-00.106,+09.787,+00.014,+00.000997,-00.000811,-00.001707,+25.1,+084.780*63
$VNIMU,+00.1275,-00.3335,-00.1154,-00.102,+09.792,-00.005,+00.000045,-00.001384,-00.001653,+25.1,+084.768*68
$VNIMU,+00.1307,-00.3370,-00.1224,-00.085,+09.797,-00.014,+00.000374,-00.000024,-00.001719,+25.1,+084.768*64
$VNIMU,+00.1339,-00.3404,-00.1213,-00.088,+09.802,+00.000,+00.000763,-00.000469,-00.000215,+25.1,+084.780*65
$VNIMU,+00.1296,-00.3370,-00.1196,-00.084,+09.804,+00.002,+00.001656,-00.002001,-00.002452,+25.1,+084.768*6C
$VNIMU,+00.1264,-00.3324,-00.1181,-00.104,+09.791,-00.027,+00.001725,-00.001058,-00.001656,+25.1,+084.768*62
$VNIMU,+00.1242,-00.3312,-00.1166,-00.103,+09.766,-00.016,+00.001751,-00.001474,-00.000878,+25.1,+084.768*6D
$VNIMU,+00.1318,-00.3347,-00.1211,-00.076,+09.808,-00.025,+00.001894,-00.000670,-00.001049,+25.1,+084.768*6E
$VNIMU,+00.1307,-00.3347,-00.1197,-00.081,+09.779,-00.043,+00.001106,-00.002006,-00.000739,+25.1,+084.768*6A
$VNIMU,+00.1307,-00.3370,-00.1170,-00.064,+09.798,-00.007,+00.001255,-00.001259,-00.001491,+25.1,+084.768*6D
$VNIMU,+00.1231,-00.3312,-00.1206,-00.090,+09.793,+00.013,+00.001622,-00.001579,-00.002611,+25.1,+084.768*64
$VNIMU,+00.1285,-00.3370,-00.1196,-00.086,+09.796,-00.032,+00.000718,-00.000004,-00.002318,+25.1,+084.768*69
$VNIMU,+00.1307,-00.3347,-00.1183,-00.090,+09.803,+00.017,+00.001447,-00.001490,-00.001607,+25.1,+084.780*69
$VNIMU,+00.1339,-00.3370,-00.1212,-00.106,+09.785,-00.040,+00.002105,-00.001989,-00.001326,+25.1,+084.780*63
$VNIMU,+00.1307,-00.3370,-00.1224,-00.082,+09.800,+00.011,+00.001029,-00.001159,-00.001750,+25.1,+084.768*6C
$VNIMU,+00.1296,-00.3336,-00.1182,-00.104,+09.802,-00.005,+00.002387,-00.001123,-00.001454,+25.1,+084.768*68
$VNIMU,+00.1253,-00.3358,-00.1207,-00.120,+09.799,+00.000,+00.001538,-00.000593,-00.000593,+25.1,+084.780*6D
$VNIMU,+00.1350,-00.3359,-00.1254,-00.104,+09.794,-00.024,+00.001411,-00.002209,-00.000792,+25.1,+084.768*6A
$VNIMU,+00.1361,-00.3382,-00.1214,-00.077,+09.791,-00.020,+00.001907,+00.000463,-00.001157,+25.1,+084.768*64
$VNIMU,+00.1296,-00.3381,-00.1196,-00.075,+09.811,-00.015,+00.001619,-00.001544,-00.000894,+25.1,+084.768*60
$VNIMU,+00.1242,-00.3335,-00.1193,-00.098,+09.800,-00.046,+00.001251,-00.000653,-00.002902,+25.1,+084.780*60
$VNIMU,+00.1253,-00.3335,-00.1194,-00.087,+09.798,-00.021,+00.001563,+00.000143,-00.001812,+25.1,+084.764*69
$VNIMU,+00.1296,-00.3358,-00.1196,-00.092,+09.766,-00.030,+00.002442,-00.000660,-00.002183,+25.1,+084.764*6F
$VNIMU,+00.1329,-00.3381,-00.1198,-00.066,+09.799,-00.040,+00.000594,-00.002146,-00.001469,+25.1,+084.768*6B
$VNIMU,+00.1328,-00.3359,-00.1198,-00.092,+09.784,-00.054,+00.001626,-00.001478,-00.001106,+25.1,+084.780*67
$VNIMU,+00.1253,-00.3324,-00.1180,-00.098,+09.801,-00.003,+00.001214,-00.002237,-00.001031,+25.1,+084.768*6B
$VNIMU,+00.1307,-00.3347,-00.1197,-00.092,+09.803,-00.007,+00.001058,-00.000521,-00.001241,+25.1,+084.768*69
$VNIMU,+00.1307,-00.3347,-00.1210,-00.104,+09.806,-00.033,+00.001749,-00.000759,-00.001532,+25.1,+084.768*60
$VNIMU,+00.1339,-00.3370,-00.1199,-00.079,+09.782,+00.009,+00.000655,-00.002284,-00.001332,+25.1,+084.768*60
$VNIMU,+00.1328,-00.3347,-00.1184,-00.053,+09.794,+00.003,+00.001498,-00.000289,-00.002677,+25.1,+084.768*67
$VNIMU,+00.1253,-00.3301,-00.1193,-00.092,+09.804,-00.023,+00.001442,-00.001533,-00.001769,+25.1,+084.755*62
$VNIMU,+00.1274,-00.3347,-00.1209,-00.108,+09.786,-00.017,+00.001807,-00.001160,-00.001760,+25.1,+084.768*6D
$VNIMU,+00.1329,-00.3381,-00.1225,-00.087,+09.795,-00.033,+00.001702,-00.001227,-00.001678,+25.1,+084.768*60
$VNIMU,+00.1339,-00.3370,-00.1185,-00.101,+09.791,-00.035,+00.001943,-00.001938,-00.000602,+25.1,+084.768*69
$VNIMU,+00.1296,-00.3370,-00.1210,-00.081,+09.795,-00.021,+00.001824,-00.001722,-00.001586,+25.1,+084.780*67
$VNIMU,+00.1253,-00.3313,-00.1207,-00.085,+09.787,-00.053,+00.002375,-00.001942,-00.001432,+25.1,+084.780*65
$VNIMU,+00.1242,-00.3335,-00.1207,-00.113,+09.789,-00.041,+00.000587,-00.001184,-00.001557,+25.1,+084.780*6B
$VNIMU,+00.1328,-00.3347,-00.1184,-00.065,+09.787,-00.003,+00.001807,-00.000987,-00.000875,+25.1,+084.768*67
$VNIMU,+00.1318,-00.3381,-00.1184,-00.080,+09.798,-00.031,+00.001821,-00.001807,-00.001249,+25.1,+084.768*62
$VNIMU,+00.1318,-00.3381,-00.1211,-00.056,+09.794,-00.021,+00.001651,-00.001927,-00.001469,+25.1,+084.755*6B
$VNIMU,+00.1253,-00.3335,-00.1098,-00.097,+09.803,-00.042,+00.000517,-00.001343,-00.001388,+25.1,+084.780*68
$VNIMU,+00.1285,-00.3347,-00.1223,-00.082,+09.781,-00.023,+00.001791,-00.001999,-00.001838,+25.1,+084.768*64
$VNIMU,+00.1317,-00.3336,-00.1224,-00.098,+09.785,-00.017,+00.002278,-00.000059,-00.001652,+25.1,+084.768*60
$VNIMU,+00.1339,-00.3393,-00.1199,-00.082,+09.777,-00.052,+00.001191,-00.002058,-00.001000,+25.1,+084.780*62
$VNIMU,+00.1285,-00.3370,-00.1196,-00.065,+09.810,-00.029,+00.001549,-00.000425,-00.001094,+25.1,+084.780*6D
$VNIMU,+00.1264,-00.3347,-00.1194,-00.089,+09.796,-00.030,+00.001219,-00.001503,-00.001081,+25.1,+084.768*6B
$VNIMU,+00.1264,-00.3347,-00.1181,-00.104,+09.777,-00.043,+00.001105,-00.000248,-00.001361,+25.1,+084.768*6A
$VNIMU,+00.1328,-00.3370,-00.1225,-00.088,+09.772,-00.042,+00.001318,-00.001538,-00.001912,+25.1,+084.768*6A
$VNIMU,+00.1339,-00.3347,-00.1226,-00.091,+09.796,-00.068,+00.002109,-00.001474,-00.002602,+25.1,+084.768*62
$VNIMU,+00.1307,-00.3370,-00.1210,-00.080,+09.809,-00.041,+00.002189,-00.000721,-00.002027,+25.1,+084.764*6B
$VNIMU,+00.1242,-00.3324,-00.1193,-00.125,+09.782,-00.019,+00.000749,-00.000844,-00.001029,+25.1,+084.768*68
$VNIMU,+00.1253,-00.3335,-00.1180,-00.090,+09.783,-00.015,+00.001565,-00.001252,-00.000656,+25.1,+084.768*66
$VNIMU,+00.1307,-00.3370,-00.1210,-00.065,+09.805,-00.024,+00.002087,-00.001515,-00.001773,+25.1,+084.764*61
$VNIMU,+00.1339,-00.3370,-00.1185,-00.102,+09.784,-00.044,+00.001317,-00.001477,-00.002341,+25.1,+084.780*63
$VNIMU,+00.1318,-00.3370,-00.1184,-00.077,+09.777,-00.013,+00.000970,-00.000611,-00.001493,+25.1,+084.768*68
$VNIMU,+00.1264,-00.3313,-00.1167,-00.088,+09.791,-00.014,+00.002078,-00.001687,-00.001413,+25.1,+084.780*66
$VNIMU,+00.1285,-00.3347,-00.1182,-00.077,+09.785,+00.001,+00.001514,-00.000120,-00.001104,+25.1,+084.768*66
$VNIMU,+00.1307,-00.3336,-00.1210,-00.079,+09.810,-00.032,+00.002000,-00.001997,-00.001957,+25.1,+084.768*60
$VNIMU,+00.1328,-00.3370,-00.1212,-00.096,+09.797,-00.025,+00.002119,+00.000843,-00.001905,+25.1,+084.768*6B
$VNIMU,+00.1296,-00.3358,-00.1210,-00.067,+09.792,-00.053,+00.001424,-00.000877,-00.001153,+25.1,+084.780*69
$VNIMU,+00.1253,-00.3358,-00.1194,-00.086,+09.796,-00.046,+00.002042,-00.001470,-00.001765,+25.1,+084.780*6E
$VNIMU,+00.1274,-00.3335,-00.1181,-00.111,+09.794,-00.031,+00.001405,-00.000033,-00.002352,+25.1,+084.780*6C
$VNIMU,+00.1329,-00.3381,-00.1198,-00.067,+09.774,-00.073,+00.001375,-00.001296,-00.001440,+25.1,+084.768*67
$VNIMU,+00.1372,-00.3393,-00.1201,-00.076,+09.782,-00.017,+00.001749,-00.000423,-00.000747,+25.1,+084.755*6B
$VNIMU,+00.1275,-00.3347,-00.1181,-00.060,+09.775,-00.041,+00.000969,-00.001055,-00.002065,+25.1,+084.768*61
$VNIMU,+00.1264,-00.3347,-00.1208,-00.097,+09.785,-00.033,+00.001422,-00.001449,-00.002676,+25.1,+084.768*6F
$VNIMU,+00.1242,-00.3335,-00.1193,-00.072,+09.804,-00.045,+00.002484,-00.000777,-00.001839,+25.1,+084.768*65
$VNIMU,+00.1339,-00.3370,-00.1185,-00.074,+09.793,-00.041,+00.001785,-00.000981,-00.001967,+25.1,+084.780*67
$VNIMU,+00.1339,-00.3393,-00.1212,-00.087,+09.785,-00.050,+00.001635,-00.002409,-00.000614,+25.1,+084.768*65
$VNIMU,+00.1307,-00.3358,-00.1210,-00.082,+09.792,-00.036,+00.001493,-00.001351,-00.001732,+25.1,+084.768*6D
$VNIMU,+00.1253,-00.3335,-00.1180,-00.080,+09.788,-00.020,+00.001914,+00.000368,-00.002175,+25.1,+084.780*6D
$VNIMU,+00.1318,-00.3358,-00.1211,-00.090,+09.798,-00.066,+00.002297,-00.000271,-00.001659,+25.1,+084.780*67
$VNIMU,+00.1285,-00.3336,-00.1195,-00.084,+09.808,-00.046,-00.000424,-00.000031,-00.001239,+25.1,+084.768*6C
$VNIMU,+00.1339,-00.3359,-00.1199,-00.107,+09.801,-00.041,+00.002263,-00.001807,-00.001891,+25.1,+084.777*60
$VNIMU,+00.1275,-00.3358,-00.1209,-00.067,+09.820,-00.037,+00.001674,+00.000814,-00.001279,+25.1,+084.780*67
$VNIMU,+00.1264,-00.3335,-00.1181,-00.094,+09.776,-00.007,+00.002293,-00.001140,-00.001825,+25.1,+084.780*6E
$VNIMU,+00.1264,-00.3313,-00.1194,-00.095,+09.785,-00.064,+00.001473,-00.001534,-00.001146,+25.1,+084.768*60
$VNIMU,+00.1328,-00.3370,-00.1225,-00.093,+09.801,-00.027,+00.002465,-00.001526,-00.002463,+25.1,+084.777*6F
$VNIMU,+00.1328,-00.3359,-00.1225,-00.067,+09.781,-00.064,+00.001271,-00.002260,-00.001150,+25.1,+084.768*61
$VNIMU,+00.1307,-00.3370,-00.1183,-00.067,+09.809,-00.019,+00.001528,-00.000176,-00.001745,+25.1,+084.780*64
$VNIMU,+00.1231,-00.3312,-00.1165,-00.077,+09.795,-00.014,+00.002174,-00.001114,-00.001693,+25.1,+084.768*6D
$VNIMU,+00.1253,-00.3335,-00.1207,-00.076,+09.772,-00.043,+00.001139,-00.000481,-00.002226,+25.1,+084.777*64
$VNIMU,+00.1285,-00.3358,-00.1209,-00.107,+09.784,-00.025,+00.002100,-00.002193,-00.001598,+25.1,+084.780*60
$VNIMU,+00.1329,-00.3393,-00.1212,-00.092,+09.775,-00.056,+00.001014,-00.001181,-00.001372,+25.1,+084.768*6E
$VNIMU,+00.1296,-00.3393,-00.1156,-00.083,+09.809,-00.052,+00.002253,-00.001403,-00.000855,+25.1,+084.780*6C
$VNIMU,+00.1242,-00.3324,-00.1166,-00.105,+09.782,-00.026,+00.001286,-00.000553,-00.001454,+25.1,+084.780*68
$VNIMU,+00.1307,-00.3370,-00.1224,-00.115,+09.802,-00.050,+00.000511,-00.002346,-00.001133,+25.1,+084.768*61
$VNIMU,+00.1296,-00.3358,-00.1196,-00.102,+09.803,-00.050,+00.001167,-00.001656,-00.002324,+25.1,+084.780*6D
$VNIMU,+00.1307,-00.3358,-00.1210,-00.073,+09.793,-00.032,+00.001371,-00.000260,-00.001368,+25.1,+084.780*62
$VNIMU,+00.1307,-00.3358,-00.1210,-00.055,+09.791,-00.060,+00.001163,-00.001340,-00.001801,+25.1,+084.768*62
$VNIMU,+00.1274,-00.3301,-00.1208,-00.108,+09.804,-00.056,+00.001559,-00.001240,-00.001386,+25.1,+084.777*6B
$VNIMU,+00.1253,-00.3301,-00.1193,-00.092,+09.772,-00.009,+00.002792,-00.001676,-00.001120,+25.1,+084.768*6E
$VNIMU,+00.1318,-00.3358,-00.1225,-00.096,+09.791,-00.067,+00.001924,-00.002161,-00.002283,+25.1,+084.768*68
$VNIMU,+00.1339,-00.3347,-00.1198,-00.078,+09.779,-00.041,+00.001978,-00.001139,-00.001753,+25.1,+084.768*6E
$VNIMU,+00.1253,-00.3392,-00.1194,-00.093,+09.771,-00.089,+00.001789,-00.000591,-00.000451,+25.1,+084.768*69
$VNIMU,+00.1253,-00.3313,-00.1207,-00.053,+09.779,-00.041,+00.001201,-00.001981,-00.001439,+25.1,+084.780*69
$VNIMU,+00.1274,-00.3324,-00.1181,-00.087,+09.784,-00.006,+00.001083,-00.000492,-00.001920,+25.1,+084.768*68
$VNIMU,+00.1296,-00.3358,-00.1196,-00.096,+09.778,-00.040,+00.001697,-00.000935,-00.001799,+25.1,+084.780*61
$VNIMU,+00.1339,-00.3359,-00.1212,-00.083,+09.789,-00.039,+00.001866,-00.000808,-00.001758,+25.1,+084.768*6B
$VNIMU,+00.1318,-00.3370,-00.1184,-00.100,+09.815,-00.032,+00.001753,-00.000410,-00.002073,+25.1,+084.768*65
$VNIMU,+00.1253,-00.3347,-00.1207,-00.118,+09.811,-00.036,+00.001996,-00.002197,-00.000491,+25.1,+084.768*6B
$VNIMU,+00.1285,-00.3358,-00.1209,-00.088,+09.800,-00.045,+00.001961,-00.000741,-00.001146,+25.1,+084.768*65
$VNIMU,+00.1307,-00.3358,-00.1197,-00.101,+09.803,-00.019,+00.001631,+00.000064,-00.001731,+25.1,+084.780*6C
$VNIMU,+00.1318,-00.3393,-00.1211,-00.099,+09.815,-00.062,+00.001907,-00.001361,-00.002246,+25.1,+084.768*68
$VNIMU,+00.1285,-00.3347,-00.1196,-00.065,+09.814,-00.051,+00.002046,+00.000090,-00.002020,+25.1,+084.780*6B
$VNIMU,+00.1285,-00.3347,-00.1196,-00.079,+09.791,-00.043,+00.001676,-00.002328,-00.001633,+25.1,+084.780*62
$VNIMU,+00.1253,-00.3335,-00.1207,-00.086,+09.782,-00.028,+00.001672,-00.000908,-00.001638,+25.1,+084.768*6B
$VNIMU,+00.1361,-00.3347,-00.1213,-00.097,+09.790,-00.025,+00.002049,-00.001677,-00.001985,+25.1,+084.764*6B
$VNIMU,+00.1339,-00.3381,-00.1212,-00.080,+09.803,-00.058,+00.001254,-00.001219,-00.001719,+25.1,+084.780*64
$VNIMU,+00.1264,-00.3358,-00.1181,-00.075,+09.793,-00.036,+00.001425,-00.001245,-00.001785,+25.1,+084.764*62
$VNIMU,+00.1253,-00.3335,-00.1221,-00.079,+09.793,-00.039,+00.001537,-00.000835,-00.002037,+25.1,+084.780*6E
$VNIMU,+00.1253,-00.3347,-00.1180,-00.065,+09.789,-00.065,+00.001624,-00.000881,-00.002728,+25.1,+084.768*6D
$VNIMU,+00.1307,-00.3336,-00.1224,-00.089,+09.787,-00.048,+00.001338,-00.000431,-00.001173,+25.1,+084.780*67
$VNIMU,+00.1318,-00.3381,-00.1211,-00.097,+09.804,-00.049,+00.002203,-00.001896,-00.001026,+25.1,+084.780*62
$VNIMU,+00.1296,-00.3370,-00.1169,-00.073,+09.781,-00.044,+00.000652,-00.001317,-00.003409,+25.1,+084.768*6F
$VNIMU,+00.1231,-00.3347,-00.1179,-00.100,+09.800,-00.074,+00.001062,-00.000244,-00.002111,+25.1,+084.768*68
$VNIMU,+00.1274,-00.3324,-00.1208,-00.070,+09.790,-00.055,+00.001578,-00.002132,-00.002934,+25.1,+084.768*6B
$VNIMU,+00.1285,-00.3336,-00.1195,-00.077,+09.807,-00.028,+00.001560,-00.000760,-00.001971,+25.1,+084.768*65
$VNIMU,+00.1340,-00.3427,-00.1199,-00.080,+09.797,-00.015,+00.001435,-00.002426,-00.000895,+25.1,+084.768*6E
$VNIMU,+00.1286,-00.3393,-00.1209,-00.088,+09.817,-00.009,+00.000695,-00.000652,-00.001254,+25.1,+084.768*69
$VNIMU,+00.1242,-00.3358,-00.1193,-00.087,+09.812,-00.042,+00.001293,-00.000529,-00.002355,+25.1,+084.780*6A
$VNIMU,+00.1253,-00.3347,-00.1194,-00.103,+09.798,-00.053,+00.001997,-00.001161,-00.002208,+25.1,+084.780*6C
$VNIMU,+00.1328,-00.3370,-00.1239,-00.079,+09.792,-00.054,+00.001141,-00.000555,-00.001572,+25.1,+084.780*68
$VNIMU,+00.1339,-00.3381,-00.1212,-00.079,+09.798,-00.047,+00.000795,-00.001535,-00.002172,+25.1,+084.768*6F
$VNIMU,+00.1307,-00.3381,-00.1211,-00.098,+09.774,-00.051,+00.001676,-00.001187,-00.001665,+25.1,+084.777*67
$VNIMU,+00.1264,-00.3358,-00.1194,-00.090,+09.806,-00.012,+00.001678,-00.000546,-00.001923,+25.1,+084.768*69
$VNIMU,+00.1220,-00.3324,-00.1205,-00.083,+09.783,-00.043,+00.000778,-00.000454,-00.001780,+25.1,+084.780*6E
$VNIMU,+00.1318,-00.3347,-00.1184,-00.075,+09.779,-00.079,+00.000005,-00.000914,-00.001042,+25.1,+084.780*63
$VNIMU,+00.1307,-00.3381,-00.1211,-00.078,+09.794,-00.038,-00.000409,-00.001025,-00.001207,+25.1,+084.768*62
$VNIMU,+00.1318,-00.3358,-00.1211,-00.084,+09.808,-00.056,+00.001174,-00.001330,-00.002238,+25.1,+084.768*69
$VNIMU,+00.1242,-00.3335,-00.1193,-00.098,+09.802,-00.037,+00.000432,-00.001698,-00.001507,+25.1,+084.780*6A
$VNIMU,+00.1296,-00.3313,-00.1182,-00.092,+09.794,-00.071,+00.001481,-00.000390,-00.001438,+25.1,+084.780*67
$VNIMU,+00.1307,-00.3336,-00.1197,-00.101,+09.775,-00.035,+00.001567,-00.001806,-00.001644,+25.1,+084.768*6A
$VNIMU,+00.1318,-00.3370,-00.1184,-00.082,+09.794,-00.046,+00.001732,-00.000567,-00.001498,+25.1,+084.780*69
$VNIMU,+00.1253,-00.3358,-00.1180,-00.087,+09.820,-00.018,+00.000658,-00.001800,-00.001467,+25.1,+084.768*60
$VNIMU,+00.1307,-00.3347,-00.1197,-00.086,+09.790,-00.056,+00.001627,-00.001363,-00.001419,+25.1,+084.755*67
$VNIMU,+00.1231,-00.3347,-00.1179,-00.091,+09.806,-00.060,+00.000728,-00.001258,-00.000984,+25.1,+084.780*66
$VNIMU,+00.1328,-00.3359,-00.1212,-00.078,+09.793,-00.031,+00.000837,-00.000335,-00.001831,+25.1,+084.777*62
$VNIMU,+00.1350,-00.3370,-00.1226,-00.072,+09.784,-00.011,+00.001544,-00.001877,-00.001700,+25.1,+084.768*68
$VNIMU,+00.1275,-00.3370,-00.1181,-00.082,+09.810,-00.101,+00.001154,-00.001420,-00.001314,+25.1,+084.780*61
$VNIMU,+00.1253,-00.3335,-00.1180,-00.072,+09.795,-00.028,+00.001684,-00.000980,-00.002827,+25.1,+084.768*60
$VNIMU,+00.1264,-00.3335,-00.1181,-00.073,+09.793,-00.032,+00.001775,-00.002271,-00.002782,+25.1,+084.768*61
$VNIMU,+00.1285,-00.3347,-00.1223,-00.090,+09.789,-00.058,+00.001981,-00.000531,-00.001825,+25.1,+084.780*69
$VNIMU,+00.1361,-00.3382,-00.1200,-00.082,+09.783,-00.067,+00.001115,-00.001590,-00.001202,+25.1,+084.777*67
$VNIMU,+00.1339,-00.3370,-00.1185,-00.089,+09.798,-00.066,+00.001111,-00.001181,-00.001412,+25.1,+084.755*6E
$VNIMU,+00.1264,-00.3335,-00.1194,-00.115,+09.800,-00.031,+00.000834,-00.000239,-00.001587,+25.1,+084.768*63
$VNIMU,+00.1296,-00.3336,-00.1210,-00.094,+09.786,-00.042,+00.000750,-00.000911,-00.001563,+25.1,+084.780*6F
$VNIMU,+00.1328,-00.3359,-00.1212,-00.078,+09.788,-00.047,+00.000704,-00.000743,-00.001068,+25.1,+084.777*67
$VNIMU,+00.1296,-00.3370,-00.1155,-00.072,+09.797,-00.049,+00.000604,-00.001459,-00.001403,+25.1,+084.780*6B
$VNIMU,+00.1285,-00.3347,-00.1209,-00.093,+09.826,-00.043,+00.001542,-00.001011,-00.001663,+25.1,+084.768*6D
$VNIMU,+00.1264,-00.3347,-00.1194,-00.104,+09.804,-00.054,+00.000975,-00.001124,-00.001384,+25.1,+084.755*60
$VNIMU,+00.1274,-00.3335,-00.1195,-00.095,+09.799,-00.021,+00.000720,-00.000570,-00.001482,+25.1,+084.780*66
$VNIMU,+00.1318,-00.3370,-00.1211,-00.097,+09.793,-00.070,+00.000756,-00.001241,-00.001597,+25.1,+084.755*67
$VNIMU,+00.1339,-00.3393,-00.1199,-00.095,+09.808,-00.019,+00.001392,-00.001792,-00.001946,+25.1,+084.780*64
$VNIMU,+00.1296,-00.3370,-00.1183,-00.099,+09.811,-00.028,+00.001628,-00.001659,-00.001473,+25.1,+084.768*6F
$VNIMU,+00.1275,-00.3347,-00.1168,-00.089,+09.779,-00.032,+00.001961,-00.002338,-00.001355,+25.1,+084.780*6E
$VNIMU,+00.1242,-00.3335,-00.1193,-00.079,+09.809,-00.058,+00.000731,-00.000616,-00.001891,+25.1,+084.780*62
$VNIMU,+00.1317,-00.3324,-00.1211,-00.075,+09.778,-00.050,+00.002147,-00.000982,-00.001665,+25.1,+084.780*65
$VNIMU,+00.1307,-00.3370,-00.1210,-00.104,+09.772,-00.029,+00.001133,-00.002929,-00.001864,+25.1,+084.768*6D
$VNIMU,+00.1328,-00.3359,-00.1198,-00.081,+09.788,-00.028,+00.000564,-00.001592,-00.000867,+25.1,+084.755*64
$VNIMU,+00.1242,-00.3335,-00.1193,-00.102,+09.792,-00.014,+00.001646,-00.002060,-00.000109,+25.1,+084.768*60
$VNIMU,+00.1264,-00.3358,-00.1208,-00.097,+09.793,-00.027,+00.001902,-00.001595,-00.001157,+25.1,+084.764*67
$VNIMU,+00.1328,-00.3359,-00.1184,-00.108,+09.809,-00.041,+00.001616,-00.001677,-00.001537,+25.1,+084.780*6E
$VNIMU,+00.1307,-00.3381,-00.1197,-00.081,+09.795,-00.039,+00.001628,-00.001534,-00.001639,+25.1,+084.768*63
$VNIMU,+00.1296,-00.3381,-00.1196,-00.076,+09.818,-00.049,+00.000660,-00.001064,-00.001507,+25.1,+084.768*6D
$VNIMU,+00.1275,-00.3370,-00.1222,-00.094,+09.797,-00.041,+00.000833,-00.000463,-00.001367,+25.1,+084.780*62
$VNIMU,+00.1253,-00.3335,-00.1180,-00.094,+09.781,-00.039,+00.002164,-00.001059,-00.001174,+25.1,+084.768*67
$VNIMU,+00.1328,-00.3347,-00.1198,-00.080,+09.802,-00.050,+00.001263,-00.001630,-00.001213,+25.1,+084.780*62
$VNIMU,+00.1328,-00.3359,-00.1212,-00.058,+09.780,-00.033,+00.001187,-00.000750,-00.001005,+25.1,+084.755*6B
$VNIMU,+00.1275,-00.3358,-00.1168,-00.051,+09.802,-00.017,+00.001075,-00.001897,-00.002829,+25.1,+084.780*63
$VNIMU,+00.1221,-00.3347,-00.1192,-00.076,+09.780,-00.035,+00.000257,-00.000541,-00.002179,+25.1,+084.768*67
$VNIMU,+00.1221,-00.3347,-00.1178,-00.091,+09.795,-00.046,+00.000853,-00.001224,-00.001888,+25.1,+084.768*65
$VNIMU,+00.1296,-00.3347,-00.1223,-00.085,+09.795,-00.032,-00.000361,-00.001603,-00.001842,+25.1,+084.780*6F
$VNIMU,+00.1329,-00.3393,-00.1225,-00.074,+09.805,-00.033,+00.002420,-00.000571,-00.002079,+25.1,+084.768*68
$VNIMU,+00.1329,-00.3381,-00.1198,-00.090,+09.774,-00.045,+00.001277,-00.001608,-00.001501,+25.1,+084.768*6E
$VNIMU,+00.1253,-00.3335,-00.1166,-00.075,+09.787,-00.111,+00.001005,-00.001471,-00.001683,+25.1,+084.768*69
$VNIMU,+00.1296,-00.3358,-00.1210,-00.090,+09.804,-00.024,+00.000870,-00.000410,-00.001687,+25.1,+084.768*68
$VNIMU,+00.1285,-00.3347,-00.1168,-00.111,+09.792,-00.033,+00.001783,-00.000821,-00.000573,+25.1,+084.780*65
$VNIMU,+00.1318,-00.3381,-00.1198,-00.083,+09.785,-00.029,+00.001683,+00.000052,-00.001771,+25.1,+084.768*6E
$VNIMU,+00.1318,-00.3347,-00.1211,-00.081,+09.820,-00.049,+00.001093,-00.001358,-00.003255,+25.1,+084.768*6A
$VNIMU,+00.1274,-00.3335,-00.1195,-00.087,+09.801,-00.059,+00.001184,-00.001783,-00.000973,+25.1,+084.764*6A
$VNIMU,+00.1274,-00.3313,-00.1222,-00.093,+09.795,-00.019,+00.001096,-00.001477,-00.001771,+25.1,+084.780*6F
$VNIMU,+00.1328,-00.3347,-00.1212,-00.095,+09.814,-00.019,+00.002707,-00.001317,-00.001386,+25.1,+084.764*6E
$VNIMU,+00.1307,-00.3313,-00.1183,-00.079,+09.793,-00.062,+00.000408,-00.000857,-00.001452,+25.1,+084.780*63
$VNIMU,+00.1307,-00.3370,-00.1183,-00.086,+09.798,-00.040,+00.001480,-00.002332,-00.001732,+25.1,+084.780*63
$VNIMU,+00.1242,-00.3335,-00.1193,-00.087,+09.794,-00.052,+00.001546,-00.000590,-00.001175,+25.1,+084.768*69
$VNIMU,+00.1264,-00.3324,-00.1167,-00.059,+09.797,-00.037,+00.000802,-00.001168,-00.000970,+25.1,+084.784*65
$VNIMU,+00.1296,-00.3358,-00.1196,-00.082,+09.789,-00.035,+00.001563,-00.002192,-00.001034,+25.1,+084.780*67
$VNIMU,+00.1350,-00.3393,-00.1227,-00.078,+09.804,-00.041,+00.001476,-00.000854,-00.000973,+25.1,+084.768*67
$VNIMU,+00.1296,-00.3370,-00.1183,-00.091,+09.782,-00.061,+00.000383,-00.001245,-00.001014,+25.1,+084.768*66
$VNIMU,+00.1242,-00.3347,-00.1207,-00.125,+09.796,-00.028,+00.001358,-00.001378,-00.000544,+25.1,+084.780*6D
$VNIMU,+00.1285,-00.3313,-00.1182,-00.075,+09.813,-00.050,+00.001119,-00.000756,-00.001086,+25.1,+084.768*62
$VNIMU,+00.1296,-00.3370,-00.1183,-00.090,+09.807,-00.046,+00.002042,-00.000408,-00.001790,+25.1,+084.768*69
$VNIMU,+00.1318,-00.3393,-00.1198,-00.096,+09.803,-00.024,+00.001743,-00.000293,-00.001426,+25.1,+084.768*60
$VNIMU,+00.1328,-00.3359,-00.1212,-00.113,+09.821,+00.002,+00.000981,-00.000638,-00.002013,+25.1,+084.755*61
$VNIMU,+00.1286,-00.3381,-00.1155,-00.090,+09.773,+00.001,+00.001619,-00.001896,-00.001257,+25.1,+084.768*6B
$VNIMU,+00.1264,-00.3335,-00.1208,-00.086,+09.794,-00.022,+00.001417,-00.000621,-00.002156,+25.1,+084.780*62
$VNIMU,+00.1318,-00.3347,-00.1211,-00.111,+09.811,-00.035,+00.002176,+00.000251,-00.001591,+25.1,+084.780*66
$VNIMU,+00.1339,-00.3381,-00.1226,-00.074,+09.797,-00.051,+00.002007,-00.001595,-00.001756,+25.1,+084.780*6C
$VNIMU,+00.1296,-00.3370,-00.1183,-00.071,+09.796,-00.029,+00.001284,-00.000284,-00.001080,+25.1,+084.780*61
$VNIMU,+00.1242,-00.3347,-00.1180,-00.077,+09.784,-00.007,+00.001448,-00.001180,-00.002305,+25.1,+084.755*63
$VNIMU,+00.1253,-00.3324,-00.1180,-00.075,+09.793,-00.033,+00.001006,-00.001436,-00.001758,+25.1,+084.780*64
$VNIMU,+00.1285,-00.3347,-00.1223,-00.090,+09.790,-00.018,+00.001558,-00.001855,-00.000538,+25.1,+084.780*63
$VNIMU,+00.1328,-00.3347,-00.1184,-00.072,+09.788,-00.017,+00.001108,-00.000483,-00.000335,+25.1,+084.768*6B
$VNIMU,+00.1318,-00.3347,-00.1184,-00.068,+09.795,-00.019,+00.001228,-00.000708,-00.000375,+25.1,+084.755*6A
$VNIMU,+00.1264,-00.3335,-00.1194,-00.087,+09.786,-00.023,-00.000302,-00.001882,-00.001627,+25.1,+084.768*61
$VNIMU,+00.1285,-00.3313,-00.1168,-00.072,+09.801,-00.035,+00.001200,-00.000153,-00.000710,+25.1,+084.768*60
$VNIMU,+00.1275,-00.3358,-00.1209,-00.096,+09.807,-00.027,+00.001125,-00.001430,-00.001419,+25.1,+084.768*65
$VNIMU,+00.1339,-00.3347,-00.1198,-00.084,+09.822,-00.045,+00.001124,-00.000235,-00.001838,+25.1,+084.768*65
$VNIMU,+00.1275,-00.3370,-00.1222,-00.083,+09.820,-00.070,+00.000057,-00.000261,-00.002026,+25.1,+084.768*68
$VNIMU,+00.1264,-00.3381,-00.1154,-00.092,+09.789,-00.023,+00.000571,-00.000584,-00.000229,+25.1,+084.768*6C
$VNIMU,+00.1253,-00.3324,-00.1194,-00.074,+09.789,-00.027,+00.000708,-00.001112,-00.001666,+25.1,+084.768*6F
$VNIMU,+00.1307,-00.3347,-00.1238,-00.082,+09.783,-00.013,+00.001015,-00.000275,-00.001836,+25.1,+084.768*69
$VNIMU,+00.1328,-00.3359,-00.1212,-00.084,+09.781,-00.040,+00.000342,-00.000541,-00.001794,+25.1,+084.780*60
$VNIMU,+00.1296,-00.3358,-00.1196,-00.082,+09.792,-00.024,+00.000226,-00.000995,-00.001587,+25.1,+084.768*6C
$VNIMU,+00.1231,-00.3347,-00.1206,-00.060,+09.782,-00.011,+00.000627,-00.001602,-00.001654,+25.1,+084.780*60
$VNIMU,+00.1232,-00.3358,-00.1179,-00.086,+09.782,-00.041,+00.001516,-00.001460,-00.002478,+25.1,+084.768*64
$VNIMU,+00.1296,-00.3347,-00.1210,-00.092,+09.809,-00.036,+00.001274,-00.001348,-00.000987,+25.1,+084.780*66
$VNIMU,+00.1328,-00.3347,-00.1212,-00.071,+09.795,-00.028,+00.001459,-00.000992,-00.002284,+25.1,+084.768*61
$VNIMU,+00.1329,-00.3393,-00.1198,-00.088,+09.798,+00.011,+00.000742,-00.001844,-00.001621,+25.1,+084.768*64
$VNIMU,+00.1221,-00.3335,-00.1205,-00.119,+09.795,-00.043,+00.000270,+00.000064,-00.000335,+25.1,+084.768*6B
$VNIMU,+00.1296,-00.3370,-00.1183,-00.086,+09.812,-00.039,+00.001168,-00.001284,-00.000920,+25.1,+084.780*69
$VNIMU,+00.1285,-00.3324,-00.1209,-00.099,+09.812,-00.042,+00.000600,-00.001337,-00.001844,+25.1,+084.768*6C
$VNIMU,+00.1307,-00.3358,-00.1197,-00.088,+09.794,-00.026,+00.000941,-00.001185,-00.001974,+25.1,+084.768*68
$VNIMU,+00.1275,-00.3381,-00.1209,-00.086,+09.810,-00.045,+00.001372,-00.002662,-00.001184,+25.1,+084.764*69
$VNIMU,+00.1285,-00.3358,-00.1209,-00.099,+09.794,-00.029,+00.000363,-00.000987,-00.001793,+25.1,+084.768*6E
$VNIMU,+00.1253,-00.3335,-00.1207,-00.086,+09.793,-00.023,+00.001964,-00.000414,-00.002225,+25.1,+084.780*65
$VNIMU,+00.1307,-00.3358,-00.1197,-00.092,+09.791,-00.026,+00.001405,-00.001483,-00.001361,+25.1,+084.768*67
$VNIMU,+00.1329,-00.3370,-00.1184,-00.097,+09.787,-00.026,+00.001666,-00.003010,-00.001067,+25.1,+084.780*69
$VNIMU,+00.1296,-00.3347,-00.1182,-00.103,+09.788,-00.061,+00.000468,-00.000789,-00.000868,+25.1,+084.780*61
$VNIMU,+00.1253,-00.3313,-00.1193,-00.078,+09.777,-00.051,+00.001044,-00.000991,-00.000779,+25.1,+084.768*62
$VNIMU,+00.1242,-00.3370,-00.1180,-00.067,+09.769,-00.035,+00.000994,-00.000674,-00.001347,+25.1,+084.768*6F
$VNIMU,+00.1328,-00.3336,-00.1198,-00.092,+09.771,-00.024,+00.001470,-00.000281,-00.000788,+25.1,+084.768*64
$VNIMU,+00.1318,-00.3347,-00.1211,-00.064,+09.809,-00.060,+00.001585,-00.001860,-00.001366,+25.1,+084.768*60
$VNIMU,+00.1318,-00.3381,-00.1198,-00.083,+09.786,-00.040,+00.001402,-00.000366,-00.000728,+25.1,+084.768*66
$VNIMU,+00.1231,-00.3347,-00.1179,-00.097,+09.798,-00.050,+00.001274,-00.001359,-00.001764,+25.1,+084.780*67
$VNIMU,+00.1274,-00.3324,-00.1195,-00.109,+09.787,-00.054,+00.001290,-00.000713,-00.001785,+25.1,+084.768*65
$VNIMU,+00.1285,-00.3336,-00.1182,-00.086,+09.801,-00.010,+00.001584,-00.002001,-00.001441,+25.1,+084.768*66
$VNIMU,+00.1339,-00.3393,-00.1199,-00.088,+09.806,-00.044,+00.001508,-00.001201,-00.001239,+25.1,+084.768*61
$VNIMU,+00.1275,-00.3381,-00.1195,-00.110,+09.807,-00.036,+00.002163,+00.000349,-00.002438,+25.1,+084.771*6F
$VNIMU,+00.1275,-00.3370,-00.1181,-00.111,+09.770,-00.057,+00.000202,-00.000903,-00.001896,+25.1,+084.780*6C
$VNIMU,+00.1242,-00.3324,-00.1166,-00.083,+09.799,-00.030,+00.002005,-00.000867,-00.002245,+25.1,+084.768*69
$VNIMU,+00.1361,-00.3359,-00.1227,-00.078,+09.783,-00.032,+00.000716,-00.001266,-00.002198,+25.1,+084.768*66
$VNIMU,+00.1296,-00.3358,-00.1210,-00.056,+09.776,-00.029,+00.000284,-00.001582,-00.001893,+25.1,+084.768*64
$VNIMU,+00.1275,-00.3358,-00.1195,-00.080,+09.778,-00.042,+00.001260,-00.000822,-00.001958,+25.1,+084.768*64
$VNIMU,+00.1242,-00.3347,-00.1207,-00.075,+09.784,-00.038,+00.001787,-00.000573,-00.001413,+25.1,+084.780*63
$VNIMU,+00.1274,-00.3313,-00.1195,-00.069,+09.790,-00.016,+00.000595,+00.000185,-00.000635,+25.1,+084.768*61
$VNIMU,+00.1296,-00.3347,-00.1182,-00.082,+09.776,-00.029,+00.001929,-00.001317,-00.001546,+25.1,+084.768*69
$VNIMU,+00.1318,-00.3358,-00.1184,-00.082,+09.796,-00.037,+00.000921,-00.001217,-00.000229,+25.1,+084.768*60
$VNIMU,+00.1328,-00.3359,-00.1225,-00.087,+09.804,-00.033,+00.001588,-00.001198,-00.000920,+25.1,+084.768*67
$VNIMU,+00.1221,-00.3324,-00.1192,-00.091,+09.803,-00.016,+00.002061,-00.000810,-00.002224,+25.1,+084.780*6F
$VNIMU,+00.1264,-00.3335,-00.1181,-00.081,+09.812,-00.039,+00.000572,-00.001219,-00.002403,+25.1,+084.768*62
$VNIMU,+00.1307,-00.3336,-00.1169,-00.100,+09.809,-00.063,+00.001199,-00.002128,-00.001416,+25.1,+084.764*67
$VNIMU,+00.1318,-00.3393,-00.1198,-00.086,+09.819,-00.049,+00.001664,-00.000955,-00.001941,+25.1,+084.768*68
$VNIMU,+00.1285,-00.3358,-00.1209,-00.094,+09.806,-00.053,+00.001242,-00.002019,-00.001413,+25.1,+084.768*6E
$VNIMU,+00.1307,-00.3370,-00.1210,-00.081,+09.803,-00.039,+00.001651,-00.002172,-00.002449,+25.1,+084.780*6A
$VNIMU,+00.1231,-00.3358,-00.1206,-00.084,+09.795,-00.047,+00.000794,-00.001002,-00.001155,+25.1,+084.768*6E
$VNIMU,+00.1339,-00.3370,-00.1212,-00.087,+09.800,-00.062,+00.000784,-00.001216,-00.002142,+25.1,+084.780*6A
$VNIMU,+00.1328,-00.3359,-00.1225,-00.052,+09.782,-00.023,+00.001918,-00.000933,-00.002210,+25.1,+084.780*6E
$VNIMU,+00.1318,-00.3347,-00.1184,-00.079,+09.797,-00.026,+00.001079,-00.001700,-00.001227,+25.1,+084.768*62
$VNIMU,+00.1242,-00.3347,-00.1207,-00.088,+09.793,+00.008,+00.001364,-00.000755,-00.002133,+25.1,+084.768*6F
$VNIMU,+00.1275,-00.3347,-00.1168,-00.089,+09.780,-00.027,+00.001954,-00.001680,-00.002437,+25.1,+084.768*69
$VNIMU,+00.1285,-00.3347,-00.1182,-00.067,+09.780,-00.025,+00.001058,-00.000506,-00.000662,+25.1,+084.780*6F
$VNIMU,+00.1339,-00.3381,-00.1199,-00.074,+09.786,-00.032,+00.001233,-00.002422,-00.001217,+25.1,+084.777*6E
$VNIMU,+00.1318,-00.3370,-00.1197,-00.088,+09.806,-00.020,+00.001717,-00.000392,-00.001940,+25.1,+084.780*66
$VNIMU,+00.1285,-00.3347,-00.1196,-00.082,+09.794,-00.025,+00.001405,-00.000931,-00.001571,+25.1,+084.768*66
$VNIMU,+00.1296,-00.3324,-00.1196,-00.062,+09.811,-00.035,+00.001204,-00.001349,-00.000776,+25.1,+084.768*6B
$VNIMU,+00.1307,-00.3358,-00.1210,-00.085,+09.777,-00.025,+00.001284,-00.000319,-00.002067,+25.1,+084.768*6A
$VNIMU,+00.1318,-00.3358,-00.1211,-00.093,+09.806,-00.055,+00.000730,-00.001576,-00.001881,+25.1,+084.780*6C
$VNIMU,+00.1285,-00.3370,-00.1209,-00.087,+09.781,-00.039,+00.000680,-00.001886,-00.002517,+25.1,+084.780*6C
$VNIMU,+00.1242,-00.3335,-00.1179,-00.107,+09.790,-00.022,+00.001393,-00.001209,-00.002624,+25.1,+084.768*6F
$VNIMU,+00.1275,-00.3347,-00.1195,-00.064,+09.780,-00.035,+00.002568,-00.002392,-00.002609,+25.1,+084.764*6D
$VNIMU,+00.1318,-00.3370,-00.1211,-00.080,+09.783,+00.015,+00.001458,-00.001291,-00.002957,+25.1,+084.780*6F
$VNIMU,+00.1318,-00.3370,-00.1184,-00.072,+09.803,+00.009,+00.001660,-00.000734,-00.001390,+25.1,+084.768*61
$VNIMU,+00.1275,-00.3358,-00.1195,-00.059,+09.774,-00.026,+00.000416,-00.001323,-00.001093,+25.1,+084.768*6D
$VNIMU,+00.1307,-00.3336,-00.1197,-00.092,+09.766,-00.054,+00.000561,-00.001093,-00.002672,+25.1,+084.780*67
$VNIMU,+00.1253,-00.3335,-00.1166,-00.096,+09.779,-00.035,+00.000473,-00.001454,-00.001505,+25.1,+084.768*6C
$VNIMU,+00.1318,-00.3347,-00.1184,-00.077,+09.796,-00.031,+00.001032,-00.000729,-00.002368,+25.1,+084.768*67
$VNIMU,+00.1350,-00.3347,-00.1185,-00.066,+09.803,-00.016,+00.000650,-00.002271,-00.001733,+25.1,+084.780*6A
$VNIMU,+00.1318,-00.3347,-00.1197,-00.070,+09.807,-00.015,+00.001676,-00.000326,-00.003227,+25.1,+084.768*65
$VNIMU,+00.1264,-00.3358,-00.1167,-00.084,+09.798,-00.041,+00.001536,-00.001337,-00.001272,+25.1,+084.771*61
$VNIMU,+00.1307,-00.3324,-00.1197,-00.102,+09.796,-00.033,-00.000638,-00.001272,-00.001320,+25.1,+084.768*61
$VNIMU,+00.1275,-00.3347,-00.1181,-00.082,+09.803,-00.039,+00.001400,-00.001366,-00.001892,+25.1,+084.771*67
$VNIMU,+00.1329,-00.3416,-00.1185,-00.090,+09.787,-00.037,+00.000982,+00.000120,-00.002092,+25.1,+084.768*64
$VNIMU,+00.1274,-00.3335,-00.1195,-00.096,+09.809,-00.010,+00.000176,-00.002075,-00.002216,+25.1,+084.768*68
$VNIMU,+00.1275,-00.3358,-00.1195,-00.072,+09.792,-00.055,+00.002308,-00.000096,-00.001093,+25.1,+084.780*68
$VNIMU,+00.1253,-00.3347,-00.1180,-00.101,+09.810,-00.023,+00.000559,-00.001354,-00.001860,+25.1,+084.771*61
$VNIMU,+00.1307,-00.3347,-00.1197,-00.088,+09.792,-00.041,+00.000858,-00.000643,-00.000982,+25.1,+084.768*6C
$VNIMU,+00.1339,-00.3393,-00.1212,-00.088,+09.792,-00.071,+00.000401,-00.000797,-00.002569,+25.1,+084.768*66
$VNIMU,+00.1275,-00.3370,-00.1181,-00.068,+09.782,-00.055,+00.000007,-00.000468,-00.001873,+25.1,+084.780*60
$VNIMU,+00.1231,-00.3347,-00.1179,-00.088,+09.793,-00.009,+00.001276,-00.002200,-00.000548,+25.1,+084.768*69
$VNIMU,+00.1231,-00.3312,-00.1192,-00.060,+09.790,-00.027,+00.000021,-00.001300,-00.002673,+25.1,+084.768*6F
$VNIMU,+00.1274,-00.3347,-00.1222,-00.087,+09.798,-00.023,+00.001124,-00.000450,-00.001718,+25.1,+084.768*6A
$VNIMU,+00.1339,-00.3336,-00.1198,-00.083,+09.812,-00.069,+00.001680,-00.002037,-00.000973,+25.1,+084.780*6B
$VNIMU,+00.1318,-00.3347,-00.1211,-00.076,+09.785,-00.038,+00.000919,-00.002664,-00.001719,+25.1,+084.780*6E
$VNIMU,+00.1264,-00.3335,-00.1167,-00.086,+09.787,-00.056,+00.001979,-00.001222,-00.000847,+25.1,+084.768*67
$VNIMU,+00.1275,-00.3358,-00.1181,-00.089,+09.797,-00.015,+00.000520,-00.000524,-00.001681,+25.1,+084.768*69
$VNIMU,+00.1275,-00.3347,-00.1195,-00.108,+09.771,-00.040,+00.002718,-00.001221,-00.002450,+25.1,+084.780*61
$VNIMU,+00.1318,-00.3393,-00.1211,-00.112,+09.777,-00.019,+00.000375,-00.000446,-00.001484,+25.1,+084.780*6D
$VNIMU,+00.1307,-00.3370,-00.1197,-00.079,+09.784,-00.024,+00.001239,+00.000135,-00.001065,+25.1,+084.768*6F
$VNIMU,+00.1285,-00.3347,-00.1182,-00.097,+09.802,-00.048,+00.001345,-00.000743,-00.002327,+25.1,+084.780*64
$VNIMU,+00.1253,-00.3347,-00.1207,-00.086,+09.788,-00.000,+00.001623,-00.001186,-00.001994,+25.1,+084.768*6C
$VNIMU,+00.1329,-00.3393,-00.1225,-00.079,+09.775,-00.029,+00.000935,-00.000797,-00.001240,+25.1,+084.768*6C
$VNIMU,+00.1329,-00.3381,-00.1225,-00.092,+09.809,-00.048,+00.001169,-00.001728,-00.001878,+25.1,+084.768*6D
$VNIMU,+00.1318,-00.3381,-00.1170,-00.077,+09.770,-00.023,+00.001054,-00.001821,-00.001319,+25.1,+084.768*6E
$VNIMU,+00.1242,-00.3324,-00.1207,-00.058,+09.798,-00.029,+00.001339,-00.001577,-00.001506,+25.1,+084.768*63
$VNIMU,+00.1274,-00.3335,-00.1208,-00.067,+09.786,-00.008,+00.001336,-00.001835,-00.002102,+25.1,+084.780*68
$VNIMU,+00.1275,-00.3358,-00.1168,-00.067,+09.793,-00.050,+00.001367,-00.000375,-00.000680,+25.1,+084.768*6D
$VNIMU,+00.1350,-00.3359,-00.1226,-00.065,+09.787,-00.027,+00.002231,-00.001570,+00.000118,+25.1,+084.768*67
$VNIMU,+00.1318,-00.3347,-00.1197,-00.072,+09.810,-00.032,+00.001361,-00.002063,-00.001495,+25.1,+084.755*64
$VNIMU,+00.1275,-00.3370,-00.1181,-00.070,+09.782,-00.035,+00.001269,-00.001447,-00.002625,+25.1,+084.768*60
$VNIMU,+00.1274,-00.3335,-00.1195,-00.075,+09.805,-00.020,+00.000962,-00.001445,-00.001459,+25.1,+084.780*6B
$VNIMU,+00.1318,-00.3347,-00.1211,-00.084,+09.793,-00.031,+00.000813,-00.002005,-00.001064,+25.1,+084.780*6A
$VNIMU,+00.1339,-00.3393,-00.1185,-00.073,+09.799,-00.057,+00.001127,-00.003775,-00.000575,+25.1,+084.780*66
$VNIMU,+00.1329,-00.3370,-00.1198,-00.065,+09.794,-00.031,+00.002290,-00.001232,-00.002413,+25.1,+084.768*61
$VNIMU,+00.1286,-00.3381,-00.1169,-00.091,+09.805,-00.020,+00.001599,-00.001546,-00.004034,+25.1,+084.784*65
$VNIMU,+00.1231,-00.3324,-00.1192,-00.090,+09.792,-00.041,+00.001036,-00.001619,-00.001807,+25.1,+084.768*63
$VNIMU,+00.1307,-00.3370,-00.1210,-00.082,+09.808,-00.036,+00.001524,-00.001523,-00.002047,+25.1,+084.758*60
$VNIMU,+00.1339,-00.3370,-00.1185,-00.071,+09.794,-00.053,+00.001868,-00.001135,-00.002383,+25.1,+084.784*6B
$VNIMU,+00.1307,-00.3358,-00.1197,-00.043,+09.768,-00.039,-00.000113,-00.002402,-00.001932,+25.1,+084.768*60
$VNIMU,+00.1231,-00.3347,-00.1193,-00.062,+09.798,-00.052,+00.002045,-00.000038,-00.001268,+25.1,+084.768*62
$VNIMU,+00.1253,-00.3301,-00.1207,-00.085,+09.786,-00.046,+00.001168,-00.000505,-00.002820,+25.1,+084.768*6A
$VNIMU,+00.1275,-00.3381,-00.1222,-00.115,+09.779,-00.034,+00.001178,-00.002537,-00.001061,+25.1,+084.777*6E
$VNIMU,+00.1329,-00.3381,-00.1212,-00.103,+09.783,-00.032,+00.001096,-00.001913,-00.001200,+25.1,+084.768*62
$VNIMU,+00.1318,-00.3393,-00.1198,-00.081,+09.789,-00.047,+00.000929,-00.001599,-00.001853,+25.1,+084.768*6F
$VNIMU,+00.1275,-00.3324,-00.1154,-00.098,+09.821,-00.073,+00.001985,-00.000702,-00.001611,+25.1,+084.780*63
$VNIMU,+00.1285,-00.3358,-00.1223,-00.085,+09.803,-00.049,+00.001106,-00.001687,-00.001238,+25.1,+084.755*68
$VNIMU,+00.1285,-00.3324,-00.1209,-00.077,+09.779,-00.090,+00.002044,-00.001018,-00.002009,+25.1,+084.768*69
$VNIMU,+00.1328,-00.3359,-00.1225,-00.104,+09.788,-00.015,+00.001583,-00.001483,-00.002478,+25.1,+084.780*62
$VNIMU,+00.1275,-00.3347,-00.1181,-00.100,+09.782,-00.069,+00.001593,-00.001192,-00.002316,+25.1,+084.784*63
$VNIMU,+00.1264,-00.3347,-00.1194,-00.092,+09.799,-00.051,+00.001139,-00.000662,-00.001905,+25.1,+084.768*68
$VNIMU,+00.1242,-00.3324,-00.1193,-00.081,+09.793,-00.041,+00.000194,-00.000714,-00.001560,+25.1,+084.780*68
$VNIMU,+00.1307,-00.3381,-00.1224,-00.082,+09.780,-00.010,+00.001287,-00.000170,-00.001929,+25.1,+084.780*68
$VNIMU,+00.1318,-00.3347,-00.1197,-00.088,+09.788,-00.051,+00.001361,-00.000298,-00.001412,+25.1,+084.768*6F
$VNIMU,+00.1296,-00.3347,-00.1196,-00.077,+09.831,-00.072,+00.000817,-00.001027,-00.001730,+25.1,+084.768*6A
$VNIMU,+00.1242,-00.3335,-00.1193,-00.080,+09.815,-00.028,+00.002847,-00.000954,-00.000921,+25.1,+084.768*66
$VNIMU,+00.1253,-00.3324,-00.1180,-00.105,+09.807,-00.052,+00.000091,-00.000837,-00.001651,+25.1,+084.780*6C
$VNIMU,+00.1275,-00.3358,-00.1195,-00.091,+09.809,-00.065,+00.001273,-00.001483,-00.001028,+25.1,+084.768*62
$VNIMU,+00.1350,-00.3370,-00.1226,-00.117,+09.801,-00.045,+00.000506,+00.000032,-00.000841,+25.1,+084.780*6D
$VNIMU,+00.1339,-00.3381,-00.1172,-00.090,+09.795,-00.051,+00.001373,-00.000753,-00.001874,+25.1,+084.768*65
$VNIMU,+00.1274,-00.3324,-00.1181,-00.067,+09.768,-00.038,+00.000571,-00.001594,-00.002477,+25.1,+084.768*6A
$VNIMU,+00.1285,-00.3370,-00.1209,-00.079,+09.806,-00.026,+00.000130,+00.000042,-00.001906,+25.1,+084.751*6B
$VNIMU,+00.1285,-00.3347,-00.1209,-00.068,+09.762,-00.041,+00.001208,-00.001957,-00.002350,+25.1,+084.768*60
$VNIMU,+00.1329,-00.3381,-00.1198,-00.062,+09.785,-00.040,+00.000489,-00.001411,-00.002157,+25.1,+084.768*60
$VNIMU,+00.1296,-00.3370,-00.1196,-00.081,+09.771,-00.031,+00.000446,-00.000962,-00.002095,+25.1,+084.768*61
$VNIMU,+00.1285,-00.3358,-00.1182,-00.092,+09.798,-00.021,+00.001488,-00.000949,-00.001533,+25.1,+084.771*60
$VNIMU,+00.1242,-00.3347,-00.1193,-00.083,+09.809,-00.036,+00.000468,-00.000878,-00.000309,+25.1,+084.780*68
$VNIMU,+00.1329,-00.3393,-00.1198,-00.122,+09.801,-00.039,+00.000201,-00.001438,-00.002238,+25.1,+084.768*6C
$VNIMU,+00.1328,-00.3359,-00.1198,-00.083,+09.793,-00.026,+00.000938,-00.001986,-00.001572,+25.1,+084.768*68
$VNIMU,+00.1318,-00.3381,-00.1184,-00.118,+09.825,-00.002,+00.001002,-00.000790,-00.001533,+25.1,+084.768*68
$VNIMU,+00.1253,-00.3335,-00.1180,-00.088,+09.795,-00.036,+00.001120,-00.000276,-00.001839,+25.1,+084.768*6D
$VNIMU,+00.1275,-00.3347,-00.1181,-00.113,+09.815,-00.018,+00.001028,-00.001104,-00.001946,+25.1,+084.768*62
$VNIMU,+00.1296,-00.3358,-00.1196,-00.102,+09.801,-00.006,+00.001373,-00.001998,-00.001683,+25.1,+084.768*6B
$VNIMU,+00.1350,-00.3381,-00.1227,-00.099,+09.785,-00.060,+00.001319,+00.000065,-00.001945,+25.1,+084.768*68
$VNIMU,+00.1318,-00.3381,-00.1184,-00.096,+09.803,-00.030,+00.001118,-00.001435,-00.001184,+25.1,+084.780*63
$VNIMU,+00.1253,-00.3347,-00.1167,-00.084,+09.771,+00.012,+00.001220,-00.001840,-00.001407,+25.1,+084.768*6B
$VNIMU,+00.1296,-00.3324,-00.1223,-00.096,+09.793,-00.037,+00.001016,-00.001535,-00.001344,+25.1,+084.764*6E
$VNIMU,+00.1275,-00.3358,-00.1195,-00.103,+09.812,-00.029,+00.001418,-00.001603,-00.001612,+25.1,+084.780*62
$VNIMU,+00.1296,-00.3393,-00.1224,-00.098,+09.791,-00.011,+00.000501,-00.001084,-00.001733,+25.1,+084.771*60
$VNIMU,+00.1296,-00.3358,-00.1196,-00.089,+09.806,-00.042,-00.000041,-00.001068,-00.002145,+25.1,+084.755*6D
$VNIMU,+00.1253,-00.3370,-00.1180,-00.075,+09.791,-00.006,-00.000482,-00.002376,-00.002558,+25.1,+084.768*69
$VNIMU,+00.1242,-00.3324,-00.1179,-00.092,+09.784,-00.040,+00.001532,-00.000551,-00.001984,+25.1,+084.768*63
$VNIMU,+00.1286,-00.3381,-00.1182,-00.092,+09.789,-00.027,+00.002590,-00.001304,-00.000787,+25.1,+084.768*6C
$VNIMU,+00.1339,-00.3370,-00.1199,-00.068,+09.797,+00.004,+00.000335,-00.000651,-00.001574,+25.1,+084.764*6C
$VNIMU,+00.1296,-00.3381,-00.1196,-00.075,+09.782,-00.004,+00.000469,-00.001955,-00.002131,+25.1,+084.780*6F
$VNIMU,+00.1242,-00.3335,-00.1193,-00.066,+09.788,+00.007,+00.001328,-00.002247,-00.001699,+25.1,+084.768*69
$VNIMU,+00.1275,-00.3335,-00.1140,-00.077,+09.785,-00.007,+00.001982,+00.000123,-00.000879,+25.1,+084.768*66
$VNIMU,+00.1296,-00.3370,-00.1183,-00.083,+09.811,+00.001,+00.001061,-00.002008,-00.000643,+25.1,+084.755*6D
$VNIMU,+00.1372,-00.3382,-00.1228,-00.104,+09.806,-00.014,+00.001345,-00.001883,-00.001453,+25.1,+084.780*64
$VNIMU,+00.1307,-00.3370,-00.1210,-00.088,+09.787,-00.009,+00.001824,-00.002090,-00.001254,+25.1,+084.768*6D
$VNIMU,+00.1242,-00.3347,-00.1193,-00.079,+09.791,-00.053,+00.001429,-00.001404,-00.001439,+25.1,+084.771*69
$VNIMU,+00.1285,-00.3347,-00.1209,-00.089,+09.812,-00.038,-00.000065,-00.001128,-00.002623,+25.1,+084.768*66
$VNIMU,+00.1296,-00.3336,-00.1223,-00.095,+09.779,+00.018,+00.002467,-00.000134,-00.001160,+25.1,+084.764*60
$VNIMU,+00.1329,-00.3370,-00.1184,-00.095,+09.802,+00.004,+00.000762,-00.000881,-00.001693,+25.1,+084.780*65
$VNIMU,+00.1296,-00.3381,-00.1196,-00.088,+09.801,-00.016,+00.002190,-00.002126,-00.001545,+25.1,+084.768*66
$VNIMU,+00.1274,-00.3335,-00.1181,-00.087,+09.803,-00.012,+00.000979,-00.000047,-00.000841,+25.1,+084.768*6B
$VNIMU,+00.1264,-00.3335,-00.1167,-00.084,+09.811,-00.033,+00.000874,-00.000471,-00.001914,+25.1,+084.780*6A
$VNIMU,+00.1328,-00.3359,-00.1225,-00.083,+09.772,-00.019,+00.000698,-00.000341,-00.002129,+25.1,+084.780*64
$VNIMU,+00.1339,-00.3370,-00.1199,-00.074,+09.789,-00.019,+00.001168,-00.002002,-00.001271,+25.1,+084.780*65
$VNIMU,+00.1285,-00.3370,-00.1209,-00.105,+09.788,-00.049,+00.000923,-00.001568,-00.000894,+25.1,+084.768*60
$VNIMU,+00.1231,-00.3324,-00.1165,-00.097,+09.791,-00.011,+00.002146,-00.000658,-00.000934,+25.1,+084.768*6B
$VNIMU,+00.1242,-00.3301,-00.1193,-00.067,+09.797,-00.008,+00.001832,-00.000643,-00.002624,+25.1,+084.768*6F
$VNIMU,+00.1296,-00.3336,-00.1169,-00.101,+09.797,-00.029,+00.000117,-00.001280,-00.002266,+25.1,+084.755*6C
$VNIMU,+00.1361,-00.3393,-00.1227,-00.071,+09.792,-00.062,+00.001109,-00.000899,-00.001120,+25.1,+084.768*6E
$VNIMU,+00.1329,-00.3393,-00.1225,-00.088,+09.808,-00.011,+00.000894,-00.001933,-00.001865,+25.1,+084.768*6A
$VNIMU,+00.1231,-00.3335,-00.1192,-00.081,+09.783,-00.008,+00.001195,-00.000633,-00.001279,+25.1,+084.768*6C
$VNIMU,+00.1296,-00.3347,-00.1210,-00.099,+09.788,-00.016,+00.001962,-00.000331,-00.001855,+25.1,+084.768*63
$VNIMU,+00.1285,-00.3336,-00.1195,-00.087,+09.795,-00.038,+00.001308,+00.000083,-00.001207,+25.1,+084.768*61
$VNIMU,+00.1339,-00.3381,-00.1199,-00.069,+09.795,-00.019,+00.002500,-00.001589,-00.001519,+25.1,+084.768*69
$VNIMU,+00.1285,-00.3347,-00.1182,-00.071,+09.792,-00.014,+00.000882,-00.001381,-00.002389,+25.1,+084.768*6B
$VNIMU,+00.1296,-00.3324,-00.1196,-00.085,+09.787,-00.004,+00.002053,-00.001694,-00.001809,+25.1,+084.780*66
$VNIMU,+00.1307,-00.3313,-00.1183,-00.082,+09.796,+00.006,+00.001368,-00.000764,-00.001387,+25.1,+084.777*6E
$VNIMU,+00.1350,-00.3370,-00.1226,-00.094,+09.809,-00.016,+00.001957,-00.001105,-00.001296,+25.1,+084.768*65
$VNIMU,+00.1329,-00.3370,-00.1171,-00.084,+09.800,-00.006,+00.002232,-00.000866,-00.002429,+25.1,+084.768*64
$VNIMU,+00.1296,-00.3347,-00.1182,-00.080,+09.781,-00.025,+00.001139,-00.001193,-00.001266,+25.1,+084.780*6B
$VNIMU,+00.1242,-00.3358,-00.1193,-00.092,+09.779,-00.022,+00.001340,-00.000604,-00.001334,+25.1,+084.768*6B
$VNIMU,+00.1264,-00.3313,-00.1208,-00.073,+09.776,-00.048,+00.000993,-00.001799,-00.002085,+25.1,+084.780*60
$VNIMU,+00.1264,-00.3358,-00.1208,-00.084,+09.770,-00.007,+00.001985,-00.001179,-00.002132,+25.1,+084.768*6F
$VNIMU,+00.1361,-00.3382,-00.1214,-00.091,+09.793,-00.061,+00.001773,-00.000508,-00.001171,+25.1,+084.768*68
$VNIMU,+00.1318,-00.3393,-00.1184,-00.072,+09.782,-00.031,+00.000932,-00.001019,-00.001473,+25.1,+084.768*6D
$VNIMU,+00.1221,-00.3324,-00.1192,-00.070,+09.785,-00.047,+00.001909,-00.001311,-00.001193,+25.1,+084.768*60
$VNIMU,+00.1253,-00.3335,-00.1207,-00.055,+09.799,-00.060,+00.001416,+00.000353,-00.001850,+25.1,+084.780*67
$VNIMU,+00.1285,-00.3336,-00.1223,-00.074,+09.772,-00.057,+00.001269,-00.000950,-00.000827,+25.1,+084.768*6D
$VNIMU,+00.1328,-00.3370,-00.1212,-00.091,+09.785,-00.055,+00.001109,-00.000366,-00.001261,+25.1,+084.768*69
$VNIMU,+00.1296,-00.3347,-00.1210,-00.087,+09.808,-00.040,+00.001968,-00.001364,-00.001936,+25.1,+084.768*67
$VNIMU,+00.1296,-00.3347,-00.1196,-00.072,+09.768,-00.031,+00.002467,+00.000505,-00.000685,+25.1,+084.768*6E
$VNIMU,+00.1253,-00.3358,-00.1207,-00.081,+09.796,-00.053,+00.002097,-00.001546,-00.002371,+25.1,+084.768*6C
$VNIMU,+00.1318,-00.3370,-00.1238,-00.076,+09.810,-00.020,+00.001960,-00.000085,-00.001299,+25.1,+084.768*64
$VNIMU,+00.1318,-00.3336,-00.1170,-00.090,+09.779,-00.041,+00.001570,-00.000161,-00.001543,+25.1,+084.780*66
$VNIMU,+00.1296,-00.3370,-00.1196,-00.079,+09.822,-00.051,+00.001184,-00.001500,-00.003477,+25.1,+084.768*63
$VNIMU,+00.1221,-00.3347,-00.1192,-00.078,+09.795,-00.055,-00.000074,-00.000982,-00.001014,+25.1,+084.768*64
$VNIMU,+00.1231,-00.3324,-00.1206,-00.064,+09.785,-00.071,+00.000992,-00.001008,-00.002212,+25.1,+084.780*68
$VNIMU,+00.1274,-00.3324,-00.1195,-00.076,+09.804,-00.048,+00.001553,+00.000481,-00.002106,+25.1,+084.768*6D
$VNIMU,+00.1350,-00.3381,-00.1213,-00.097,+09.806,-00.037,+00.001379,-00.000260,-00.002050,+25.1,+084.755*60
$VNIMU,+00.1339,-00.3370,-00.1185,-00.082,+09.780,-00.049,+00.000825,-00.001393,-00.002179,+25.1,+084.768*6A
$VNIMU,+00.1264,-00.3335,-00.1194,-00.064,+09.756,-00.039,+00.001759,-00.000672,-00.002303,+25.1,+084.768*67
$VNIMU,+00.1274,-00.3335,-00.1181,-00.088,+09.797,-00.049,+00.001542,-00.000485,-00.002277,+25.1,+084.784*68
$VNIMU,+00.1285,-00.3336,-00.1182,-00.076,+09.783,-00.040,+00.000525,-00.000980,-00.002224,+25.1,+084.768*67
$VNIMU,+00.1350,-00.3370,-00.1226,-00.071,+09.789,-00.043,+00.001012,-00.001162,-00.002411,+25.1,+084.780*6C
$VNIMU,+00.1275,-00.3358,-00.1195,-00.085,+09.786,-00.055,+00.001032,-00.002623,-00.002167,+25.1,+084.768*69
$VNIMU,+00.1275,-00.3370,-00.1195,-00.054,+09.781,-00.062,+00.000766,-00.000821,-00.002875,+25.1,+084.768*6F
$VNIMU,+00.1253,-00.3313,-00.1180,-00.076,+09.775,-00.055,+00.001916,-00.000881,-00.002610,+25.1,+084.768*6A
$VNIMU,+00.1328,-00.3359,-00.1212,-00.062,+09.798,-00.031,+00.001580,-00.000948,-00.001612,+25.1,+084.780*65
$VNIMU,+00.1339,-00.3381,-00.1185,-00.062,+09.794,-00.066,+00.000877,-00.000594,-00.002373,+25.1,+084.768*6D
$VNIMU,+00.1275,-00.3347,-00.1181,-00.083,+09.791,-00.069,+00.001510,-00.001509,-00.001571,+25.1,+084.768*60
$VNIMU,+00.1264,-00.3335,-00.1194,-00.087,+09.799,-00.046,+00.001131,-00.000812,-00.002093,+25.1,+084.768*6B
$VNIMU,+00.1210,-00.3335,-00.1178,-00.096,+09.801,-00.075,+00.002051,-00.001342,-00.002259,+25.1,+084.768*6B
$VNIMU,+00.1307,-00.3324,-00.1237,-00.091,+09.786,-00.085,+00.000348,-00.000595,-00.002077,+25.1,+084.780*60
$VNIMU,+00.1329,-00.3381,-00.1225,-00.082,+09.792,-00.077,+00.000603,-00.001846,-00.002196,+25.1,+084.780*6C
$VNIMU,+00.1361,-00.3382,-00.1159,-00.098,+09.802,-00.072,+00.001000,-00.000121,-00.001440,+25.1,+084.780*63
$VNIMU,+00.1232,-00.3369,-00.1165,-00.077,+09.793,-00.048,+00.000815,-00.000761,-00.002416,+25.1,+084.768*68
$VNIMU,+00.1285,-00.3324,-00.1182,-00.065,+09.837,-00.059,+00.001159,-00.001523,-00.001708,+25.1,+084.768*6C
$VNIMU,+00.1296,-00.3336,-00.1196,-00.069,+09.801,-00.029,+00.000351,-00.001769,-00.002079,+25.1,+084.768*63
$VNIMU,+00.1339,-00.3370,-00.1199,-00.053,+09.809,-00.052,+00.001688,-00.000563,-00.002317,+25.1,+084.764*69
$VNIMU,+00.1285,-00.3336,-00.1195,-00.105,+09.794,-00.042,+00.000339,-00.002039,-00.002008,+25.1,+084.768*6E
$VNIMU,+00.1307,-00.3358,-00.1170,-00.088,+09.785,-00.073,+00.001069,-00.000215,-00.001971,+25.1,+084.780*6B
$VNIMU,+00.1242,-00.3324,-00.1193,-00.082,+09.781,-00.060,+00.000551,-00.000631,-00.000995,+25.1,+084.768*61
$VNIMU,+00.1328,-00.3347,-00.1225,-00.099,+09.772,-00.053,+00.000876,-00.001764,-00.002570,+25.1,+084.768*6C
$VNIMU,+00.1328,-00.3359,-00.1225,-00.064,+09.817,-00.076,+00.001083,-00.000190,-00.003380,+25.1,+084.768*6D
$VNIMU,+00.1307,-00.3358,-00.1210,-00.071,+09.782,-00.043,+00.001472,-00.001382,-00.001646,+25.1,+084.768*61
$VNIMU,+00.1242,-00.3312,-00.1179,-00.084,+09.806,-00.012,+00.000204,-00.000320,-00.002146,+25.1,+084.780*63
$VNIMU,+00.1264,-00.3335,-00.1208,-00.064,+09.814,-00.066,+00.001914,-00.001458,-00.001672,+25.1,+084.780*68
$VNIMU,+00.1275,-00.3347,-00.1195,-00.084,+09.790,-00.034,+00.000529,-00.001642,-00.001179,+25.1,+084.768*60
$VNIMU,+00.1328,-00.3359,-00.1225,-00.086,+09.778,-00.081,+00.000706,-00.000534,-00.001612,+25.1,+084.768*62
$VNIMU,+00.1329,-00.3370,-00.1198,-00.094,+09.805,-00.062,+00.000003,-00.001494,-00.002449,+25.1,+084.768*61
$VNIMU,+00.1242,-00.3347,-00.1207,-00.090,+09.808,-00.050,+00.001859,-00.001848,-00.001234,+25.1,+084.780*66
$VNIMU,+00.1275,-00.3347,-00.1195,-00.093,+09.797,-00.056,+00.000235,-00.001053,-00.001788,+25.1,+084.768*61
$VNIMU,+00.1253,-00.3358,-00.1180,-00.082,+09.796,-00.069,+00.001008,-00.001992,-00.002118,+25.1,+084.780*61
$VNIMU,+00.1318,-00.3358,-00.1211,-00.112,+09.796,-00.053,+00.000978,-00.000834,-00.001000,+25.1,+084.780*6D
$VNIMU,+00.1296,-00.3358,-00.1196,-00.089,+09.782,-00.000,+00.000712,-00.000040,-00.001374,+25.1,+084.755*67
$VNIMU,+00.1253,-00.3358,-00.1167,-00.072,+09.785,-00.050,+00.001105,-00.001321,-00.002145,+25.1,+084.768*6F
$VNIMU,+00.1274,-00.3324,-00.1208,-00.104,+09.791,-00.051,+00.001646,-00.000735,-00.001547,+25.1,+084.768*6A
$VNIMU,+00.1307,-00.3347,-00.1210,-00.070,+09.791,-00.054,-00.000283,-00.000222,-00.001820,+25.1,+084.755*6F
$VNIMU,+00.1318,-00.3370,-00.1211,-00.079,+09.793,-00.057,+00.000878,+00.000067,-00.001820,+25.1,+084.768*6F
$VNIMU,+00.1296,-00.3370,-00.1224,-00.066,+09.802,-00.047,+00.000623,-00.001188,-00.001547,+25.1,+084.768*6D
$VNIMU,+00.1253,-00.3335,-00.1207,-00.109,+09.793,-00.053,+00.000720,-00.001126,-00.002677,+25.1,+084.768*6B
$VNIMU,+00.1242,-00.3358,-00.1193,-00.071,+09.805,-00.052,+00.001358,-00.001345,-00.001235,+25.1,+084.768*6D
$VNIMU,+00.1285,-00.3324,-00.1223,-00.097,+09.799,-00.074,+00.001153,-00.002183,-00.002017,+25.1,+084.768*60
$VNIMU,+00.1328,-00.3347,-00.1184,-00.099,+09.789,-00.024,+00.001003,-00.001077,-00.001170,+25.1,+084.768*69
$VNIMU,+00.1339,-00.3381,-00.1212,-00.093,+09.828,-00.041,+00.000335,-00.000905,-00.002890,+25.1,+084.768*6C
$VNIMU,+00.1231,-00.3335,-00.1206,-00.072,+09.805,-00.018,+00.000474,-00.001491,-00.002784,+25.1,+084.758*69
$VNIMU,+00.1285,-00.3347,-00.1196,-00.095,+09.789,-00.068,+00.000700,-00.000611,-00.000614,+25.1,+084.768*6E
$VNIMU,+00.1285,-00.3336,-00.1195,-00.072,+09.792,-00.023,+00.000802,-00.000684,-00.001534,+25.1,+084.768*66
$VNIMU,+00.1329,-00.3370,-00.1198,-00.097,+09.782,-00.041,+00.000692,-00.002293,-00.001439,+25.1,+084.780*6D
$VNIMU,+00.1285,-00.3358,-00.1196,-00.077,+09.796,-00.070,+00.000873,-00.002279,-00.002024,+25.1,+084.780*69
$VNIMU,+00.1286,-00.3393,-00.1209,-00.082,+09.782,-00.038,+00.000369,-00.001886,-00.001559,+25.1,+084.768*68
$VNIMU,+00.1264,-00.3358,-00.1181,-00.078,+09.800,-00.028,+00.000208,-00.000349,-00.000708,+25.1,+084.780*6F
$VNIMU,+00.1329,-00.3381,-00.1198,-00.076,+09.800,-00.011,+00.001769,-00.001655,-00.002291,+25.1,+084.768*64
$VNIMU,+00.1350,-00.3336,-00.1213,-00.094,+09.800,-00.036,+00.000259,-00.000970,-00.001754,+25.1,+084.780*68
$VNIMU,+00.1296,-00.3381,-00.1169,-00.089,+09.786,-00.059,+00.000883,-00.001080,-00.001093,+25.1,+084.768*65
$VNIMU,+00.1296,-00.3336,-00.1196,-00.084,+09.809,-00.009,+00.001536,-00.000682,-00.001733,+25.1,+084.764*6F
$VNIMU,+00.1242,-00.3301,-00.1166,-00.096,+09.785,-00.006,+00.000411,-00.001977,-00.001626,+25.1,+084.768*62
$VNIMU,+00.1296,-00.3358,-00.1210,-00.098,+09.777,-00.034,+00.001220,-00.001620,-00.000946,+25.1,+084.780*61
$VNIMU,+00.1339,-00.3393,-00.1212,-00.092,+09.814,-00.042,+00.001358,-00.001641,-00.001391,+25.1,+084.768*6F
$VNIMU,+00.1350,-00.3370,-00.1199,-00.092,+09.790,-00.030,+00.000866,-00.001865,-00.002161,+25.1,+084.768*6A
$VNIMU,+00.1253,-00.3335,-00.1166,-00.100,+09.786,-00.014,+00.001456,-00.001324,-00.001372,+25.1,+084.768*61
$VNIMU,+00.1296,-00.3336,-00.1210,-00.098,+09.793,-00.058,+00.000720,-00.000667,-00.001506,+25.1,+084.768*60
$VNIMU,+00.1307,-00.3358,-00.1197,-00.075,+09.782,-00.043,+00.000481,-00.000282,-00.001186,+25.1,+084.768*6F
$VNIMU,+00.1329,-00.3381,-00.1185,-00.079,+09.784,-00.042,+00.002655,-00.001184,-00.000945,+25.1,+084.768*64
$VNIMU,+00.1285,-00.3336,-00.1195,-00.073,+09.779,-00.025,+00.000921,-00.001471,-00.002131,+25.1,+084.768*6F
$VNIMU,+00.1264,-00.3324,-00.1208,-00.074,+09.781,-00.031,+00.000815,-00.001104,-00.002563,+25.1,+084.780*65
$VNIMU,+00.1231,-00.3312,-00.1192,-00.089,+09.780,-00.019,+00.001441,-00.001128,-00.001400,+25.1,+084.768*6A
$VNIMU,+00.1328,-00.3347,-00.1225,-00.086,+09.765,-00.041,+00.000869,-00.000717,-00.001040,+25.1,+084.768*69
$VNIMU,+00.1307,-00.3358,-00.1170,-00.097,+09.785,-00.032,+00.001009,-00.001220,-00.001152,+25.1,+084.768*6E
$VNIMU,+00.1296,-00.3381,-00.1196,-00.097,+09.789,-00.050,+00.001993,+00.000580,-00.000442,+25.1,+084.768*66
$VNIMU,+00.1231,-00.3290,-00.1179,-00.072,+09.796,-00.062,-00.000011,-00.000891,-00.001416,+25.1,+084.784*62
$VNIMU,+00.1253,-00.3347,-00.1153,-00.094,+09.804,-00.025,+00.000769,-00.000849,-00.000575,+25.1,+084.768*66
$VNIMU,+00.1285,-00.3336,-00.1209,-00.137,+09.792,-00.066,+00.000296,-00.000838,-00.002584,+25.1,+084.768*67
$VNIMU,+00.1318,-00.3393,-00.1211,-00.075,+09.786,-00.042,+00.000536,-00.001468,-00.001293,+25.1,+084.768*67
$VNIMU,+00.1339,-00.3381,-00.1185,-00.103,+09.800,-00.025,+00.001061,-00.001462,-00.001546,+25.1,+084.768*6A
$VNIMU,+00.1231,-00.3335,-00.1206,-00.086,+09.784,-00.021,+00.001444,-00.002103,-00.001889,+25.1,+084.768*63
$VNIMU,+00.1253,-00.3347,-00.1194,-00.077,+09.813,-00.043,+00.000265,-00.000913,-00.001084,+25.1,+084.755*65
$VNIMU,+00.1296,-00.3347,-00.1169,-00.081,+09.780,-00.039,+00.000941,-00.000615,-00.001840,+25.1,+084.768*65
$VNIMU,+00.1350,-00.3370,-00.1186,-00.094,+09.803,-00.038,+00.001178,-00.000367,-00.001640,+25.1,+084.768*67
$VNIMU,+00.1275,-00.3392,-00.1195,-00.072,+09.786,-00.033,+00.000293,-00.001200,-00.002528,+25.1,+084.768*66
$VNIMU,+00.1296,-00.3358,-00.1196,-00.094,+09.786,-00.063,+00.000604,-00.001627,-00.000764,+25.1,+084.768*60
$VNIMU,+00.1231,-00.3347,-00.1179,-00.096,+09.789,-00.013,+00.001510,-00.000411,-00.001885,+25.1,+084.768*68
$VNIMU,+00.1328,-00.3370,-00.1239,-00.110,+09.803,-00.037,+00.002020,-00.000611,-00.002064,+25.1,+084.768*65
$VNIMU,+00.1307,-00.3358,-00.1170,-00.088,+09.808,-00.059,+00.001509,-00.000832,-00.002063,+25.1,+084.780*6C
$VNIMU,+00.1285,-00.3370,-00.1182,-00.077,+09.801,-00.033,+00.001133,-00.001077,-00.001932,+25.1,+084.780*6E
$VNIMU,+00.1210,-00.3335,-00.1205,-00.088,+09.788,-00.033,+00.000130,-00.001459,-00.000961,+25.1,+084.768*6A
$VNIMU,+00.1264,-00.3347,-00.1181,-00.095,+09.823,-00.033,+00.000998,-00.001037,-00.001529,+25.1,+084.768*66
$VNIMU,+00.1296,-00.3336,-00.1196,-00.077,+09.809,-00.056,+00.000502,-00.000362,-00.000962,+25.1,+084.780*65
$VNIMU,+00.1328,-00.3370,-00.1225,-00.094,+09.814,-00.082,+00.000790,-00.000977,-00.002389,+25.1,+084.768*6C
$VNIMU,+00.1350,-00.3381,-00.1213,-00.096,+09.801,-00.012,+00.001773,-00.000558,-00.001493,+25.1,+084.780*63
$VNIMU,+00.1264,-00.3358,-00.1181,-00.079,+09.800,-00.054,+00.001475,-00.000840,-00.001173,+25.1,+084.768*67
$VNIMU,+00.1274,-00.3335,-00.1195,-00.083,+09.798,-00.016,+00.000848,-00.000552,-00.002391,+25.1,+084.755*6B
$VNIMU,+00.1296,-00.3370,-00.1210,-00.095,+09.804,-00.024,+00.002073,-00.000711,-00.001601,+25.1,+084.768*62
$VNIMU,+00.1307,-00.3370,-00.1238,-00.096,+09.796,-00.042,+00.001582,-00.001785,-00.001040,+25.1,+084.780*67
$VNIMU,+00.1286,-00.3381,-00.1196,-00.078,+09.780,-00.026,+00.000474,-00.001141,-00.002185,+25.1,+084.755*67
$VNIMU,+00.1285,-00.3347,-00.1196,-00.079,+09.780,-00.016,+00.001249,-00.000442,-00.000628,+25.1,+084.768*6E
$VNIMU,+00.1253,-00.3358,-00.1180,-00.080,+09.776,-00.031,-00.000163,-00.000789,-00.001920,+25.1,+084.768*68
$VNIMU,+00.1339,-00.3359,-00.1185,-00.082,+09.780,-00.037,+00.001919,-00.000861,-00.001637,+25.1,+084.768*6E
$VNIMU,+00.1328,-00.3336,-00.1198,-00.090,+09.792,-00.057,+00.001805,-00.000889,-00.001448,+25.1,+084.780*6B
$VNIMU,+00.1328,-00.3359,-00.1198,-00.081,+09.807,-00.039,+00.001698,-00.001608,-00.001433,+25.1,+084.768*6F
$VNIMU,+00.1275,-00.3335,-00.1168,-00.086,+09.801,-00.006,+00.002072,-00.001126,-00.000716,+25.1,+084.780*67
$VNIMU,+00.1242,-00.3324,-00.1207,-00.080,+09.786,-00.028,+00.000637,-00.000898,-00.001039,+25.1,+084.780*60
$VNIMU,+00.1329,-00.3381,-00.1198,-00.092,+09.781,-00.021,+00.000359,-00.001030,-00.001410,+25.1,+084.780*62
$VNIMU,+00.1318,-00.3370,-00.1225,-00.079,+09.794,-00.037,+00.000794,-00.001248,-00.001357,+25.1,+084.780*61
$VNIMU,+00.1339,-00.3370,-00.1212,-00.083,+09.811,-00.031,+00.001501,+00.000455,-00.000627,+25.1,+084.780*66
$VNIMU,+00.1231,-00.3324,-00.1192,-00.090,+09.808,-00.048,+00.000839,-00.002020,-00.000480,+25.1,+084.768*6D
$VNIMU,+00.1307,-00.3358,-00.1210,-00.080,+09.802,+00.001,+00.000895,-00.001309,-00.002424,+25.1,+084.780*6C
$VNIMU,+00.1253,-00.3324,-00.1207,-00.085,+09.802,-00.020,+00.001828,+00.000122,-00.001453,+25.1,+084.755*61
$VNIMU,+00.1328,-00.3359,-00.1198,-00.094,+09.798,-00.039,+00.001297,-00.002830,-00.001955,+25.1,+084.768*62
$VNIMU,+00.1296,-00.3358,-00.1183,-00.068,+09.782,-00.030,+00.000906,-00.001545,-00.001267,+25.1,+084.780*6E
$VNIMU,+00.1285,-00.3347,-00.1182,-00.077,+09.796,-00.051,+00.001243,-00.002161,-00.002303,+25.1,+084.768*63
$VNIMU,+00.1231,-00.3347,-00.1193,-00.077,+09.799,-00.068,+00.001774,-00.000207,-00.001233,+25.1,+084.780*6E
$VNIMU,+00.1307,-00.3336,-00.1237,-00.086,+09.781,-00.038,+00.000766,-00.001858,-00.002481,+25.1,+084.780*6C
$VNIMU,+00.1296,-00.3358,-00.1183,-00.102,+09.795,-00.022,+00.001419,-00.001212,-00.001602,+25.1,+084.768*60
$VNIMU,+00.1318,-00.3358,-00.1225,-00.074,+09.802,-00.051,+00.001354,-00.001815,-00.001228,+25.1,+084.768*62
$VNIMU,+00.1242,-00.3358,-00.1180,-00.076,+09.828,-00.028,+00.000784,-00.001662,-00.002187,+25.1,+084.768*67
$VNIMU,+00.1232,-00.3358,-00.1165,-00.086,+09.796,-00.050,+00.001485,-00.000465,-00.000734,+25.1,+084.768*6A
$VNIMU,+00.1275,-00.3347,-00.1181,-00.093,+09.795,-00.049,+00.000955,-00.001262,-00.001333,+25.1,+084.768*61
$VNIMU,+00.1318,-00.3358,-00.1211,-00.086,+09.802,-00.066,+00.000090,-00.002460,-00.001293,+25.1,+084.768*6B
$VNIMU,+00.1318,-00.3358,-00.1184,-00.101,+09.784,-00.046,-00.000033,-00.001831,-00.001018,+25.1,+084.768*6C
$VNIMU,+00.1285,-00.3336,-00.1168,-00.083,+09.790,-00.030,+00.002301,-00.001470,-00.001359,+25.1,+084.780*63
$VNIMU,+00.1274,-00.3335,-00.1195,-00.080,+09.814,-00.027,+00.000744,-00.002192,-00.001728,+25.1,+084.780*65
$VNIMU,+00.1274,-00.3324,-00.1181,-00.081,+09.800,-00.030,+00.000826,-00.002865,-00.001757,+25.1,+084.768*66
$VNIMU,+00.1328,-00.3370,-00.1212,-00.084,+09.807,-00.027,+00.000667,-00.001736,-00.001638,+25.1,+084.768*6B
$VNIMU,+00.1275,-00.3370,-00.1181,-00.084,+09.788,-00.034,+00.001125,-00.001687,-00.001615,+25.1,+084.768*65
$VNIMU,+00.1274,-00.3347,-00.1209,-00.097,+09.787,-00.017,+00.001444,-00.001283,-00.000737,+25.1,+084.780*6B
$VNIMU,+00.1231,-00.3335,-00.1179,-00.081,+09.764,-00.001,+00.001833,-00.000649,-00.002107,+25.1,+084.768*68
$VNIMU,+00.1318,-00.3336,-00.1197,-00.080,+09.784,-00.020,+00.001355,-00.000778,-00.001480,+25.1,+084.768*6C
$VNIMU,+00.1328,-00.3359,-00.1198,-00.094,+09.779,-00.008,+00.000646,-00.001625,-00.000962,+25.1,+084.780*6C
$VNIMU,+00.1285,-00.3358,-00.1182,-00.083,+09.784,-00.041,+00.000622,-00.000740,-00.000934,+25.1,+084.768*6D
$VNIMU,+00.1253,-00.3335,-00.1194,-00.085,+09.802,-00.031,+00.001788,-00.000531,-00.001401,+25.1,+084.768*64
$VNIMU,+00.1264,-00.3335,-00.1181,-00.092,+09.801,-00.054,+00.001142,-00.000729,-00.001813,+25.1,+084.768*66
$VNIMU,+00.1285,-00.3347,-00.1196,-00.078,+09.817,-00.038,+00.001591,-00.001847,-00.001761,+25.1,+084.768*65
$VNIMU,+00.1339,-00.3393,-00.1185,-00.096,+09.822,-00.048,+00.001398,-00.001441,-00.000675,+25.1,+084.768*69
$VNIMU,+00.1318,-00.3336,-00.1197,-00.105,+09.780,-00.024,+00.001860,-00.001130,-00.000792,+25.1,+084.771*6F
$VNIMU,+00.1274,-00.3347,-00.1222,-00.100,+09.785,-00.044,+00.001404,+00.000262,-00.001546,+25.1,+084.771*6E
$VNIMU,+00.1275,-00.3347,-00.1195,-00.083,+09.798,-00.007,+00.001124,-00.000086,-00.000882,+25.1,+084.771*6C
$VNIMU,+00.1307,-00.3336,-00.1210,-00.080,+09.789,-00.055,+00.001381,-00.000357,-00.002517,+25.1,+084.755*63
$VNIMU,+00.1318,-00.3370,-00.1184,-00.089,+09.795,-00.011,+00.001892,-00.000676,-00.002558,+25.1,+084.780*69
$VNIMU,+00.1296,-00.3370,-00.1183,-00.099,+09.783,-00.068,+00.001948,-00.001133,-00.002210,+25.1,+084.780*6B
$VNIMU,+00.1275,-00.3358,-00.1195,-00.089,+09.801,-00.060,+00.001128,-00.000543,-00.001635,+25.1,+084.780*6B
$VNIMU,+00.1242,-00.3347,-00.1207,-00.076,+09.781,-00.013,+00.001963,-00.001443,-00.001856,+25.1,+084.771*68
$VNIMU,+00.1307,-00.3358,-00.1197,-00.073,+09.771,-00.045,+00.001755,-00.000999,-00.001227,+25.1,+084.768*61
$VNIMU,+00.1328,-00.3370,-00.1212,-00.064,+09.810,+00.005,+00.001451,-00.002151,-00.001746,+25.1,+084.768*6F
$VNIMU,+00.1307,-00.3370,-00.1197,-00.092,+09.779,-00.026,+00.000287,-00.001766,-00.001815,+25.1,+084.768*66
$VNIMU,+00.1253,-00.3347,-00.1167,-00.104,+09.809,-00.029,+00.001566,-00.000052,-00.001252,+25.1,+084.768*65
$VNIMU,+00.1264,-00.3347,-00.1208,-00.090,+09.797,-00.037,+00.001410,-00.000695,-00.001220,+25.1,+084.768*68
$VNIMU,+00.1274,-00.3347,-00.1222,-00.102,+09.814,-00.048,+00.001239,-00.000884,-00.001146,+25.1,+084.768*67
$VNIMU,+00.1318,-00.3381,-00.1211,-00.094,+09.799,-00.057,+00.001805,+00.000204,-00.001026,+25.1,+084.784*68
$VNIMU,+00.1318,-00.3358,-00.1197,-00.110,+09.775,-00.054,+00.001073,-00.001308,-00.001196,+25.1,+084.771*6E
$VNIMU,+00.1253,-00.3335,-00.1207,-00.114,+09.808,-00.094,+00.000537,-00.001737,-00.001850,+25.1,+084.780*6D
$VNIMU,+00.1264,-00.3313,-00.1180,-00.086,+09.797,-00.059,+00.001387,-00.000603,-00.001469,+25.1,+084.755*66
$VNIMU,+00.1274,-00.3324,-00.1195,-00.107,+09.804,-00.039,+00.001163,-00.001143,-00.001272,+25.1,+084.755*6A
$VNIMU,+00.1328,-00.3359,-00.1184,-00.097,+09.799,-00.033,+00.001350,-00.001836,-00.002450,+25.1,+084.768*63
$VNIMU,+00.1285,-00.3358,-00.1209,-00.109,+09.781,-00.068,+00.002147,-00.000613,-00.002889,+25.1,+084.780*62
$VNIMU,+00.1275,-00.3347,-00.1195,-00.079,+09.787,-00.052,+00.001325,-00.001451,-00.001523,+25.1,+084.755*6A
$VNIMU,+00.1253,-00.3324,-00.1180,-00.063,+09.800,-00.026,+00.001562,-00.001943,-00.001937,+25.1,+084.780*6D
$VNIMU,+00.1318,-00.3358,-00.1197,-00.088,+09.785,-00.043,+00.000934,-00.001328,-00.002396,+25.1,+084.768*67
$VNIMU,+00.1307,-00.3336,-00.1197,-00.080,+09.794,-00.018,+00.001926,-00.001373,-00.001932,+25.1,+084.768*6C
$VNIMU,+00.1307,-00.3381,-00.1224,-00.081,+09.781,-00.016,+00.001070,-00.002412,-00.002397,+25.1,+084.771*67
$VNIMU,+00.1242,-00.3358,-00.1180,-00.078,+09.779,-00.034,+00.001689,-00.000837,-00.000840,+25.1,+084.768*6D
$VNIMU,+00.1242,-00.3347,-00.1180,-00.103,+09.786,-00.049,+00.000481,-00.001459,-00.001958,+25.1,+084.780*65
$VNIMU,+00.1264,-00.3335,-00.1194,-00.086,+09.805,-00.030,+00.001473,-00.001421,-00.000498,+25.1,+084.768*62
$VNIMU,+00.1361,-00.3347,-00.1213,-00.104,+09.805,-00.040,+00.000499,-00.001367,-00.001447,+25.1,+084.780*66
$VNIMU,+00.1328,-00.3381,-00.1321,-00.098,+09.791,-00.015,+00.000894,-00.000203,-00.002279,+25.1,+084.780*6C
$VNIMU,+00.1275,-00.3347,-00.1154,-00.110,+09.809,-00.015,+00.000948,-00.001688,-00.001188,+25.1,+084.784*6C
$VNIMU,+00.1274,-00.3335,-00.1195,-00.102,+09.797,-00.024,+00.001437,-00.001267,-00.001096,+25.1,+084.768*61
$VNIMU,+00.1274,-00.3335,-00.1208,-00.101,+09.783,-00.043,-00.000173,-00.001325,-00.002255,+25.1,+084.768*6A
$VNIMU,+00.1329,-00.3381,-00.1225,-00.080,+09.803,-00.038,+00.001467,-00.001656,-00.002369,+25.1,+084.768*68
$VNIMU,+00.1296,-00.3358,-00.1196,-00.070,+09.786,-00.046,+00.002281,-00.001138,-00.001598,+25.1,+084.771*67
$VNIMU,+00.1296,-00.3370,-00.1224,-00.058,+09.786,-00.058,+00.000712,-00.000771,-00.000879,+25.1,+084.768*6E
$VNIMU,+00.1242,-00.3335,-00.1193,-00.074,+09.794,-00.048,+00.000849,-00.000654,-00.002050,+25.1,+084.768*63
$VNIMU,+00.1318,-00.3347,-00.1211,-00.066,+09.774,-00.021,+00.002250,-00.002370,-00.001542,+25.1,+084.768*67
$VNIMU,+00.1307,-00.3358,-00.1197,-00.088,+09.791,-00.051,+00.001582,-00.000173,-00.001079,+25.1,+084.780*65
$VNIMU,+00.1350,-00.3370,-00.1145,-00.079,+09.792,-00.047,+00.000490,-00.000488,-00.002169,+25.1,+084.780*69
$VNIMU,+00.1253,-00.3358,-00.1207,-00.071,+09.801,-00.035,+00.001487,-00.001547,-00.001053,+25.1,+084.771*6D
$VNIMU,+00.1264,-00.3347,-00.1181,-00.094,+09.805,-00.028,+00.001091,-00.000373,-00.002623,+25.1,+084.768*60
$VNIMU,+00.1275,-00.3370,-00.1181,-00.096,+09.812,-00.057,+00.000920,-00.001905,-00.002024,+25.1,+084.768*61
$VNIMU,+00.1361,-00.3404,-00.1227,-00.085,+09.823,-00.028,+00.001292,-00.001330,-00.001930,+25.1,+084.768*66
$VNIMU,+00.1307,-00.3370,-00.1170,-00.087,+09.803,-00.055,+00.001281,-00.000804,-00.002024,+25.1,+084.768*69
$VNIMU,+00.1253,-00.3370,-00.1180,-00.083,+09.781,-00.020,+00.001564,-00.002858,-00.002225,+25.1,+084.780*67
$VNIMU,+00.1285,-00.3336,-00.1209,-00.098,+09.805,-00.020,+00.001869,-00.001567,-00.000934,+25.1,+084.780*6E
$VNIMU,+00.1296,-00.3324,-00.1210,-00.080,+09.796,-00.030,+00.001987,-00.001268,-00.002663,+25.1,+084.768*6A
$VNIMU,+00.1350,-00.3359,-00.1186,-00.105,+09.778,-00.019,+00.001675,-00.000568,-00.002526,+25.1,+084.784*64
$VNIMU,+00.1296,-00.3358,-00.1155,-00.099,+09.794,-00.047,+00.000442,-00.000828,-00.001592,+25.1,+084.768*6D
$VNIMU,+00.1275,-00.3347,-00.1195,-00.065,+09.784,-00.029,+00.000826,-00.000895,-00.002119,+25.1,+084.768*64
$VNIMU,+00.1264,-00.3324,-00.1208,-00.076,+09.774,-00.054,+00.001045,-00.001766,-00.000867,+25.1,+084.768*6D
$VNIMU,+00.1296,-00.3370,-00.1183,-00.063,+09.791,-00.055,+00.001821,-00.000853,-00.001289,+25.1,+084.768*66
$VNIMU,+00.1307,-00.3393,-00.1170,-00.078,+09.803,-00.050,+00.001592,-00.001712,-00.001944,+25.1,+084.780*67
$VNIMU,+00.1339,-00.3359,-00.1185,-00.103,+09.790,-00.059,+00.001334,-00.000569,-00.001398,+25.1,+084.780*69
$VNIMU,+00.1275,-00.3358,-00.1195,-00.082,+09.814,-00.028,+00.001179,+00.000078,-00.001294,+25.1,+084.780*68
$VNIMU,+00.1231,-00.3335,-00.1192,-00.097,+09.801,-00.039,+00.001126,-00.000220,-00.001160,+25.1,+084.780*6F
$VNIMU,+00.1296,-00.3347,-00.1210,-00.087,+09.794,-00.059,+00.002392,-00.001429,-00.001465,+25.1,+084.768*6C
$VNIMU,+00.1329,-00.3381,-00.1185,-00.112,+09.811,-00.050,+00.001211,-00.000088,-00.001865,+25.1,+084.755*6F
$VNIMU,+00.1329,-00.3381,-00.1185,-00.088,+09.792,+00.003,+00.000176,-00.002155,-00.001521,+25.1,+084.768*6A
$VNIMU,+00.1253,-00.3347,-00.1194,-00.115,+09.817,-00.046,+00.001143,-00.001465,-00.002033,+25.1,+084.755*65
$VNIMU,+00.1253,-00.3347,-00.1221,-00.101,+09.818,-00.025,+00.000159,-00.000129,-00.001559,+25.1,+084.771*6D
$VNIMU,+00.1275,-00.3370,-00.1195,-00.094,+09.814,-00.061,+00.000831,-00.001551,-00.002862,+25.1,+084.768*63
$VNIMU,+00.1307,-00.3370,-00.1197,-00.086,+09.790,-00.058,-00.000030,-00.001596,-00.003059,+25.1,+084.771*62
$VNIMU,+00.1285,-00.3370,-00.1196,-00.092,+09.802,-00.023,+00.001179,-00.001206,-00.001878,+25.1,+084.768*61
$VNIMU,+00.1275,-00.3358,-00.1168,-00.080,+09.812,-00.025,+00.001038,-00.001596,-00.001051,+25.1,+084.768*68
$VNIMU,+00.1231,-00.3335,-00.1179,-00.072,+09.772,-00.004,+00.001134,-00.000666,-00.002759,+25.1,+084.771*60
$VNIMU,+00.1318,-00.3347,-00.1184,-00.062,+09.773,-00.038,+00.000523,-00.002636,-00.001878,+25.1,+084.771*69
$VNIMU,+00.1296,-00.3358,-00.1210,-00.086,+09.790,-00.030,+00.000105,-00.000333,-00.002290,+25.1,+084.768*64
$VNIMU,+00.1339,-00.3347,-00.1185,-00.062,+09.791,-00.029,+00.001406,-00.001347,-00.000867,+25.1,+084.768*67
$VNIMU,+00.1210,-00.3347,-00.1178,-00.078,+09.769,-00.033,+00.001161,-00.000961,-00.002732,+25.1,+084.768*6E
$VNIMU,+00.1242,-00.3324,-00.1179,-00.072,+09.790,-00.020,+00.001130,-00.000762,-00.000090,+25.1,+084.768*67
$VNIMU,+00.1307,-00.3336,-00.1183,-00.104,+09.803,-00.028,+00.002158,-00.002323,-00.000840,+25.1,+084.768*67
$VNIMU,+00.1328,-00.3370,-00.1225,-00.096,+09.791,-00.012,+00.002094,-00.000994,-00.001520,+25.1,+084.768*6F
$VNIMU,+00.1329,-00.3393,-00.1185,-00.097,+09.802,-00.050,+00.002413,-00.000653,-00.001832,+25.1,+084.768*69
$VNIMU,+00.1275,-00.3370,-00.1154,-00.103,+09.793,-00.024,+00.001340,-00.001382,-00.001650,+25.1,+084.780*6E
$VNIMU,+00.1285,-00.3336,-00.1209,-00.099,+09.777,-00.033,+00.001631,-00.000580,-00.001673,+25.1,+084.768*67
$VNIMU,+00.1253,-00.3324,-00.1194,-00.090,+09.764,-00.001,+00.001099,-00.000100,-00.002079,+25.1,+084.768*65
$VNIMU,+00.1318,-00.3393,-00.1225,-00.066,+09.792,-00.056,+00.001889,-00.001163,-00.000265,+25.1,+084.768*6C
$VNIMU,+00.1307,-00.3358,-00.1224,-00.095,+09.780,-00.078,+00.001350,-00.001460,-00.001851,+25.1,+084.780*64
$VNIMU,+00.1307,-00.3347,-00.1197,-00.072,+09.787,-00.031,+00.000813,-00.000814,-00.001932,+25.1,+084.755*6D
$VNIMU,+00.1253,-00.3324,-00.1166,-00.072,+09.771,-00.040,+00.002010,-00.003104,-00.002338,+25.1,+084.768*66
$VNIMU,+00.1339,-00.3370,-00.1199,-00.079,+09.793,-00.005,+00.001233,-00.000627,-00.001933,+25.1,+084.784*69
$VNIMU,+00.1318,-00.3370,-00.1170,-00.059,+09.788,-00.054,+00.001034,-00.001965,-00.000813,+25.1,+084.768*6C
$VNIMU,+00.1339,-00.3370,-00.1171,-00.077,+09.789,-00.017,+00.001310,-00.001164,-00.001147,+25.1,+084.780*67
$VNIMU,+00.1264,-00.3335,-00.1181,-00.072,+09.790,-00.043,+00.001245,-00.000123,-00.000681,+25.1,+084.780*63
$VNIMU,+00.1264,-00.3358,-00.1167,-00.108,+09.824,-00.064,+00.000772,-00.000476,-00.000686,+25.1,+084.758*6E
$VNIMU,+00.1307,-00.3347,-00.1210,-00.113,+09.786,-00.041,+00.001041,-00.001432,-00.000708,+25.1,+084.784*6C
$VNIMU,+00.1350,-00.3381,-00.1186,-00.091,+09.796,-00.045,+00.001166,-00.000469,-00.001714,+25.1,+084.768*63
$VNIMU,+00.1361,-00.3382,-00.1227,-00.091,+09.801,-00.060,+00.000978,+00.000839,-00.000976,+25.1,+084.780*68
$VNIMU,+00.1274,-00.3324,-00.1208,-00.112,+09.784,-00.038,+00.000714,-00.001761,-00.002221,+25.1,+084.780*63
$VNIMU,+00.1285,-00.3324,-00.1195,-00.083,+09.800,-00.029,+00.000981,-00.000396,-00.001440,+25.1,+084.768*6B
$VNIMU,+00.1296,-00.3347,-00.1210,-00.095,+09.810,-00.072,+00.000868,-00.001746,-00.003060,+25.1,+084.780*66
$VNIMU,+00.1318,-00.3358,-00.1211,-00.094,+09.781,-00.022,+00.003111,-00.001500,-00.000873,+25.1,+084.768*66
$VNIMU,+00.1307,-00.3370,-00.1197,-00.068,+09.806,-00.021,+00.000749,-00.002369,-00.000748,+25.1,+084.771*62
$VNIMU,+00.1318,-00.3358,-00.1184,-00.080,+09.786,-00.019,+00.000348,-00.000838,-00.002385,+25.1,+084.768*69
$VNIMU,+00.1264,-00.3324,-00.1208,-00.082,+09.803,-00.014,+00.001314,-00.001225,-00.002041,+25.1,+084.768*66
$VNIMU,+00.1350,-00.3359,-00.1213,-00.076,+09.789,-00.061,+00.001826,-00.001944,-00.001723,+25.1,+084.768*62
$VNIMU,+00.1339,-00.3370,-00.1240,-00.108,+09.806,-00.037,+00.000253,-00.000872,-00.001553,+25.1,+084.768*6A
$VNIMU,+00.1329,-00.3393,-00.1212,-00.121,+09.790,-00.038,+00.000974,-00.001447,-00.000907,+25.1,+084.755*62
$VNIMU,+00.1296,-00.3324,-00.1196,-00.084,+09.833,-00.004,+00.001628,-00.001110,-00.001987,+25.1,+084.768*64
$VNIMU,+00.1264,-00.3347,-00.1194,-00.114,+09.804,-00.031,+00.000157,-00.002292,-00.001941,+25.1,+084.771*62
$VNIMU,+00.1307,-00.3347,-00.1210,-00.109,+09.815,-00.021,+00.001196,-00.000713,-00.001467,+25.1,+084.780*61
$VNIMU,+00.1372,-00.3382,-00.1214,-00.092,+09.802,-00.031,+00.001094,-00.000902,-00.001748,+25.1,+084.771*67
$VNIMU,+00.1361,-00.3382,-00.1173,-00.092,+09.794,-00.044,+00.000861,-00.000248,-00.002197,+25.1,+084.771*64
$VNIMU,+00.1296,-00.3358,-00.1183,-00.084,+09.818,+00.010,+00.000268,-00.001723,-00.001081,+25.1,+084.780*6F
$VNIMU,+00.1285,-00.3347,-00.1236,-00.096,+09.802,-00.030,+00.001408,-00.001322,-00.002078,+25.1,+084.758*66
$VNIMU,+00.1285,-00.3347,-00.1196,-00.057,+09.797,-00.035,+00.000691,-00.001264,-00.001049,+25.1,+084.768*66
$VNIMU,+00.1318,-00.3370,-00.1184,-00.085,+09.792,-00.023,+00.000632,-00.001939,-00.001362,+25.1,+084.768*69
$VNIMU,+00.1328,-00.3370,-00.1212,-00.095,+09.785,-00.019,+00.001241,-00.001026,-00.002138,+25.1,+084.768*60
$VNIMU,+00.1296,-00.3381,-00.1196,-00.094,+09.806,-00.022,+00.001123,-00.001263,-00.001772,+25.1,+084.780*61
$VNIMU,+00.1253,-00.3347,-00.1194,-00.099,+09.798,-00.030,+00.001027,-00.000899,-00.001726,+25.1,+084.768*6A
$VNIMU,+00.1339,-00.3336,-00.1226,-00.112,+09.810,-00.010,+00.001432,-00.001206,-00.002090,+25.1,+084.784*62
$VNIMU,+00.1318,-00.3358,-00.1211,-00.111,+09.805,-00.026,+00.000755,-00.000321,-00.001706,+25.1,+084.771*68
$VNIMU,+00.1318,-00.3381,-00.1211,-00.100,+09.793,-00.038,+00.002336,-00.000565,-00.001583,+25.1,+084.793*65
$VNIMU,+00.1264,-00.3324,-00.1181,-00.106,+09.796,+00.007,+00.001869,-00.001878,-00.001693,+25.1,+084.768*67
$VNIMU,+00.1274,-00.3335,-00.1208,-00.066,+09.806,-00.056,+00.001619,-00.000409,-00.000522,+25.1,+084.780*6B
$VNIMU,+00.1296,-00.3324,-00.1196,-00.096,+09.777,-00.060,+00.000612,-00.000954,-00.001867,+25.1,+084.768*64
$VNIMU,+00.1350,-00.3381,-00.1199,-00.093,+09.779,-00.003,+00.002409,-00.001523,-00.001884,+25.1,+084.771*63
$VNIMU,+00.1318,-00.3370,-00.1197,-00.065,+09.797,+00.033,+00.000877,-00.001390,-00.002256,+25.1,+084.771*6C
$VNIMU,+00.1275,-00.3347,-00.1181,-00.082,+09.779,+00.005,+00.000917,-00.000981,-00.001348,+25.1,+084.768*60
$VNIMU,+00.1253,-00.3335,-00.1207,-00.088,+09.790,-00.008,+00.002102,-00.000526,-00.001294,+25.1,+084.780*63
$VNIMU,+00.1264,-00.3347,-00.1181,-00.072,+09.798,-00.019,+00.001577,-00.000496,-00.001560,+25.1,+084.768*67
$VNIMU,+00.1339,-00.3381,-00.1212,-00.087,+09.805,-00.039,+00.001583,-00.001637,-00.000736,+25.1,+084.784*6F
$VNIMU,+00.1307,-00.3404,-00.1211,-00.095,+09.795,-00.016,-00.000048,-00.000456,-00.000643,+25.1,+084.768*63
$VNIMU,+00.1307,-00.3393,-00.1170,-00.121,+09.783,-00.008,+00.000979,-00.000267,-00.001338,+25.1,+084.771*61
$VNIMU,+00.1253,-00.3324,-00.1166,-00.090,+09.798,-00.024,+00.001122,-00.001901,-00.001293,+25.1,+084.780*66
$VNIMU,+00.1328,-00.3347,-00.1212,-00.090,+09.813,-00.017,+00.001169,-00.000332,-00.002638,+25.1,+084.768*66
$VNIMU,+00.1296,-00.3370,-00.1183,-00.084,+09.772,-00.011,+00.001107,-00.001642,-00.000818,+25.1,+084.768*63
$VNIMU,+00.1318,-00.3370,-00.1197,-00.092,+09.796,-00.046,+00.001811,-00.000518,-00.001598,+25.1,+084.768*69
$VNIMU,+00.1242,-00.3358,-00.1166,-00.087,+09.774,-00.002,+00.001552,-00.000421,-00.002712,+25.1,+084.768*69
$VNIMU,+00.1253,-00.3370,-00.1194,-00.077,+09.796,-00.013,+00.000912,-00.000547,-00.002173,+25.1,+084.768*64
$VNIMU,+00.1285,-00.3336,-00.1223,-00.085,+09.798,-00.020,+00.001421,-00.001479,-00.001002,+25.1,+084.780*62
$VNIMU,+00.1350,-00.3393,-00.1199,-00.082,+09.784,-00.028,+00.002082,-00.001818,-00.001157,+25.1,+084.771*6E
$VNIMU,+00.1329,-00.3393,-00.1212,-00.062,+09.779,-00.061,+00.002234,-00.002203,-00.001194,+25.1,+084.768*6A
$VNIMU,+00.1264,-00.3381,-00.1195,-00.074,+09.807,-00.037,+00.001910,-00.000248,-00.000757,+25.1,+084.780*62
$VNIMU,+00.1253,-00.3335,-00.1207,-00.074,+09.793,-00.048,+00.001574,-00.001762,-00.002191,+25.1,+084.780*67
$VNIMU,+00.1296,-00.3313,-00.1182,-00.084,+09.776,-00.025,+00.002000,-00.000621,-00.000986,+25.1,+084.780*65
$VNIMU,+00.1350,-00.3347,-00.1240,-00.079,+09.799,-00.015,+00.001827,-00.001772,-00.001799,+25.1,+084.771*65
$VNIMU,+00.1296,-00.3358,-00.1183,-00.082,+09.752,-00.056,+00.002169,-00.000820,-00.001353,+25.1,+084.780*6D
$VNIMU,+00.1286,-00.3381,-00.1196,-00.060,+09.804,-00.018,+00.000829,-00.000725,-00.002168,+25.1,+084.768*6C
$VNIMU,+00.1210,-00.3312,-00.1191,-00.067,+09.772,-00.057,+00.001848,-00.000626,-00.001985,+25.1,+084.768*60
$VNIMU,+00.1307,-00.3358,-00.1210,-00.089,+09.773,-00.034,+00.001154,-00.001352,-00.001566,+25.1,+084.758*66
$VNIMU,+00.1307,-00.3347,-00.1238,-00.082,+09.785,-00.061,+00.001262,-00.001619,-00.001491,+25.1,+084.768*66
$VNIMU,+00.1296,-00.3370,-00.1169,-00.057,+09.799,-00.065,+00.000562,+00.000156,-00.001825,+25.1,+084.771*6B
$VNIMU,+00.1264,-00.3335,-00.1208,-00.077,+09.802,-00.012,+00.000474,-00.000469,-00.002441,+25.1,+084.768*60
$VNIMU,+00.1274,-00.3335,-00.1195,-00.113,+09.788,-00.041,+00.001251,-00.001261,-00.002065,+25.1,+084.784*61
$VNIMU,+00.1307,-00.3347,-00.1169,-00.067,+09.798,-00.066,+00.001727,-00.001355,-00.001284,+25.1,+084.768*6A
$VNIMU,+00.1329,-00.3381,-00.1198,-00.098,+09.789,-00.035,+00.001564,-00.000723,-00.001546,+25.1,+084.784*6E
$VNIMU,+00.1329,-00.3381,-00.1198,-00.072,+09.814,-00.070,+00.001516,-00.001097,-00.001824,+25.1,+084.768*67
$VNIMU,+00.1275,-00.3347,-00.1181,-00.071,+09.823,-00.021,+00.000800,+00.000416,-00.002772,+25.1,+084.768*60
$VNIMU,+00.1242,-00.3324,-00.1207,-00.080,+09.794,-00.040,+00.001316,-00.001115,-00.001788,+25.1,+084.771*64
$VNIMU,+00.1274,-00.3324,-00.1208,-00.079,+09.789,-00.030,+00.000937,-00.001170,-00.001560,+25.1,+084.780*62
$VNIMU,+00.1318,-00.3381,-00.1198,-00.068,+09.800,-00.023,+00.001010,-00.001072,-00.001503,+25.1,+084.768*6D
$VNIMU,+00.1307,-00.3358,-00.1197,-00.062,+09.774,-00.058,+00.000831,-00.001362,-00.002117,+25.1,+084.771*60
$VNIMU,+00.1306,-00.3347,-00.1387,-00.082,+09.792,-00.047,+00.000859,-00.000158,-00.001307,+25.1,+084.768*68
$VNIMU,+00.1242,-00.3335,-00.1193,-00.084,+09.793,-00.045,+00.000989,-00.001926,-00.000754,+25.1,+084.780*67
$VNIMU,+00.1296,-00.3347,-00.1223,-00.059,+09.793,-00.075,+00.000760,-00.000551,-00.001096,+25.1,+084.768*6A
$VNIMU,+00.1296,-00.3358,-00.1196,-00.088,+09.783,-00.062,+00.000341,-00.000999,-00.001740,+25.1,+084.768*61
$VNIMU,+00.1307,-00.3370,-00.1183,-00.065,+09.772,-00.058,+00.002582,-00.000666,-00.000906,+25.1,+084.768*6B
$VNIMU,+00.1264,-00.3324,-00.1181,-00.087,+09.808,-00.060,+00.000063,-00.000093,-00.002278,+25.1,+084.780*6B
$VNIMU,+00.1242,-00.3335,-00.1207,-00.068,+09.793,-00.052,+00.000608,-00.001046,-00.001375,+25.1,+084.768*64
$VNIMU,+00.1307,-00.3370,-00.1197,-00.113,+09.794,-00.031,+00.001610,-00.000838,-00.001641,+25.1,+084.771*62
$VNIMU,+00.1361,-00.3382,-00.1200,-00.079,+09.789,-00.090,+00.001474,-00.001767,-00.002019,+25.1,+084.768*6C
$VNIMU,+00.1339,-00.3359,-00.1199,-00.086,+09.769,-00.058,+00.000003,-00.002173,-00.001878,+25.1,+084.780*61
$VNIMU,+00.1253,-00.3335,-00.1194,-00.053,+09.783,-00.049,+00.000338,-00.002486,-00.001479,+25.1,+084.768*68
$VNIMU,+00.1274,-00.3301,-00.1208,-00.091,+09.783,-00.092,+00.002004,-00.001050,-00.001637,+25.1,+084.768*6E
$VNIMU,+00.1274,-00.3324,-00.1195,-00.090,+09.790,-00.056,+00.001108,-00.000859,-00.001025,+25.1,+084.768*6E
$VNIMU,+00.1350,-00.3381,-00.1213,-00.070,+09.790,-00.089,+00.000677,-00.002036,-00.000792,+25.1,+084.768*60
$VNIMU,+00.1307,-00.3347,-00.1197,-00.101,+09.801,-00.036,+00.000741,-00.001242,-00.000277,+25.1,+084.768*6B
$VNIMU,+00.1285,-00.3370,-00.1182,-00.081,+09.793,-00.066,+00.000439,-00.000635,-00.002356,+25.1,+084.784*63
$VNIMU,+00.1231,-00.3324,-00.1192,-00.074,+09.797,-00.095,+00.001290,-00.000235,-00.002051,+25.1,+084.771*60
$VNIMU,+00.1307,-00.3358,-00.1197,-00.097,+09.811,-00.091,+00.000369,-00.001288,-00.002291,+25.1,+084.780*63
$VNIMU,+00.1296,-00.3324,-00.1196,-00.095,+09.767,-00.063,+00.001466,-00.001732,-00.001233,+25.1,+084.780*67
$VNIMU,+00.1329,-00.3370,-00.1198,-00.060,+09.811,-00.051,+00.000415,-00.000861,-00.002251,+25.1,+084.768*64
$VNIMU,+00.1264,-00.3313,-00.1208,-00.073,+09.808,-00.070,+00.000685,-00.000489,-00.000588,+25.1,+084.771*62
$VNIMU,+00.1253,-00.3324,-00.1180,-00.090,+09.797,-00.068,+00.001478,-00.001557,-00.000521,+25.1,+084.771*6D
$VNIMU,+00.1274,-00.3335,-00.1208,-00.084,+09.810,-00.084,+00.000874,-00.001198,-00.001477,+25.1,+084.768*61
$VNIMU,+00.1318,-00.3381,-00.1225,-00.079,+09.803,-00.087,+00.000194,-00.000473,-00.001213,+25.1,+084.771*63
$VNIMU,+00.1328,-00.3359,-00.1225,-00.072,+09.807,-00.055,+00.000549,-00.000413,-00.000803,+25.1,+084.771*6D
$VNIMU,+00.1242,-00.3347,-00.1180,-00.065,+09.797,-00.037,+00.000807,-00.000192,-00.001847,+25.1,+084.768*65
$VNIMU,+00.1285,-00.3324,-00.1182,-00.081,+09.787,-00.049,+00.000593,-00.001108,-00.002328,+25.1,+084.784*6A
$VNIMU,+00.1253,-00.3358,-00.1194,-00.087,+09.793,-00.058,+00.000792,-00.000931,-00.001386,+25.1,+084.780*6D
$VNIMU,+00.1286,-00.3381,-00.1169,-00.074,+09.804,-00.052,+00.001344,-00.002294,-00.001789,+25.1,+084.780*67
$VNIMU,+00.1296,-00.3358,-00.1183,-00.064,+09.788,-00.057,+00.000737,+00.000201,-00.001470,+25.1,+084.771*6B
$VNIMU,+00.1286,-00.3370,-00.1168,-00.088,+09.784,-00.066,+00.000377,-00.001908,-00.002491,+25.1,+084.784*6A
$VNIMU,+00.1253,-00.3347,-00.1180,-00.081,+09.775,-00.063,+00.001608,-00.001974,-00.001638,+25.1,+084.768*65
$VNIMU,+00.1307,-00.3358,-00.1210,-00.090,+09.807,-00.054,+00.000409,+00.000022,-00.001279,+25.1,+084.768*61
$VNIMU,+00.1328,-00.3347,-00.1212,-00.071,+09.806,-00.048,+00.000711,-00.002043,-00.002104,+25.1,+084.771*68
$VNIMU,+00.1318,-00.3370,-00.1225,-00.058,+09.808,-00.055,+00.000306,-00.001301,-00.001917,+25.1,+084.768*67
$VNIMU,+00.1264,-00.3347,-00.1181,-00.070,+09.796,-00.062,+00.000341,-00.001259,-00.001914,+25.1,+084.768*6E
$VNIMU,+00.1242,-00.3335,-00.1179,-00.092,+09.780,-00.017,+00.000508,-00.002528,-00.000865,+25.1,+084.780*68
$VNIMU,+00.1285,-00.3336,-00.1195,-00.093,+09.772,-00.040,+00.001200,-00.000360,-00.001455,+25.1,+084.768*62
$VNIMU,+00.1361,-00.3336,-00.1172,-00.101,+09.803,-00.079,+00.001163,-00.001059,-00.002002,+25.1,+084.768*62
$VNIMU,+00.1350,-00.3381,-00.1213,-00.087,+09.811,-00.056,+00.000114,-00.000792,-00.001741,+25.1,+084.768*6A
$VNIMU,+00.1221,-00.3358,-00.1165,-00.089,+09.789,-00.021,+00.000640,-00.000810,-00.002185,+25.1,+084.780*63
$VNIMU,+00.1274,-00.3335,-00.1195,-00.094,+09.797,-00.047,-00.000821,-00.001234,-00.001751,+25.1,+084.755*62
$VNIMU,+00.1296,-00.3336,-00.1196,-00.097,+09.802,-00.016,-00.000109,-00.001640,-00.001733,+25.1,+084.780*62
$VNIMU,+00.1318,-00.3336,-00.1197,-00.090,+09.776,-00.037,+00.000266,-00.000127,-00.001387,+25.1,+084.755*64
$VNIMU,+00.1296,-00.3370,-00.1210,-00.081,+09.796,-00.052,+00.000317,-00.002476,-00.002769,+25.1,+084.784*6F
$VNIMU,+00.1296,-00.3370,-00.1183,-00.077,+09.780,-00.039,+00.000246,-00.000689,-00.001799,+25.1,+084.768*6E
$VNIMU,+00.1264,-00.3335,-00.1208,-00.092,+09.794,-00.044,+00.000040,-00.000294,-00.001569,+25.1,+084.784*65
$VNIMU,+00.1318,-00.3358,-00.1211,-00.090,+09.794,-00.037,+00.000466,-00.001135,-00.001858,+25.1,+084.768*6E
$VNIMU,+00.1339,-00.3359,-00.1212,-00.098,+09.787,-00.063,+00.001431,-00.001713,-00.001263,+25.1,+084.768*67
$VNIMU,+00.1307,-00.3370,-00.1183,-00.091,+09.774,-00.023,+00.000662,-00.000763,-00.002289,+25.1,+084.777*61
$VNIMU,+00.1275,-00.3347,-00.1181,-00.097,+09.821,-00.072,+00.001612,-00.001290,-00.001219,+25.1,+084.784*66
$VNIMU,+00.1242,-00.3324,-00.1207,-00.099,+09.760,-00.014,+00.001383,-00.001875,-00.002551,+25.1,+084.771*60
$VNIMU,+00.1296,-00.3358,-00.1183,-00.081,+09.795,-00.010,+00.000899,-00.001444,-00.001683,+25.1,+084.768*62
$VNIMU,+00.1318,-00.3381,-00.1198,-00.083,+09.804,-00.027,+00.000666,-00.001144,-00.000775,+25.1,+084.780*6E
$VNIMU,+00.1372,-00.3382,-00.1201,-00.096,+09.802,-00.032,+00.000357,-00.001316,-00.002372,+25.1,+084.768*61
$VNIMU,+00.1285,-00.3336,-00.1168,-00.078,+09.782,-00.050,+00.001024,-00.001099,-00.000574,+25.1,+084.768*68
$VNIMU,+00.1285,-00.3336,-00.1195,-00.082,+09.796,-00.027,+00.000391,-00.000888,-00.002238,+25.1,+084.771*6A
$VNIMU,+00.1264,-00.3324,-00.1194,-00.072,+09.795,-00.075,+00.000992,-00.000386,-00.001847,+25.1,+084.780*6F
$VNIMU,+00.1339,-00.3381,-00.1199,-00.110,+09.797,-00.043,+00.000821,-00.000013,-00.001554,+25.1,+084.771*61
$VNIMU,+00.1318,-00.3358,-00.1211,-00.102,+09.791,-00.024,+00.001430,-00.000200,-00.002099,+25.1,+084.780*65
$VNIMU,+00.1307,-00.3347,-00.1210,-00.098,+09.808,-00.035,+00.000539,-00.000466,-00.001864,+25.1,+084.768*69
$VNIMU,+00.1231,-00.3335,-00.1192,-00.076,+09.805,-00.018,+00.001369,-00.001409,-00.002731,+25.1,+084.768*65
$VNIMU,+00.1317,-00.3347,-00.1238,-00.077,+09.810,-00.039,+00.000436,-00.000707,-00.000721,+25.1,+084.771*6B
$VNIMU,+00.1307,-00.3358,-00.1170,-00.080,+09.805,-00.037,+00.001572,-00.001443,-00.002064,+25.1,+084.768*67
$VNIMU,+00.1318,-00.3370,-00.1197,-00.120,+09.817,-00.058,+00.000127,-00.001528,-00.001612,+25.1,+084.780*60
$VNIMU,+00.1242,-00.3335,-00.1207,-00.104,+09.790,-00.009,+00.001398,-00.001044,-00.001426,+25.1,+084.768*6C
$VNIMU,+00.1274,-00.3313,-00.1167,-00.084,+09.830,-00.081,+00.000195,-00.000606,-00.001212,+25.1,+084.768*6A
$VNIMU,+00.1307,-00.3336,-00.1197,-00.081,+09.802,-00.026,+00.000975,-00.001707,-00.001977,+25.1,+084.768*61
$VNIMU,+00.1339,-00.3393,-00.1199,-00.101,+09.765,-00.043,+00.001391,-00.000370,-00.001665,+25.1,+084.768*61
$VNIMU,+00.1339,-00.3359,-00.1212,-00.092,+09.811,-00.028,-00.000235,-00.000905,-00.001133,+25.1,+084.771*61
$VNIMU,+00.1253,-00.3347,-00.1221,-00.094,+09.770,-00.040,+00.000532,-00.001470,-00.001426,+25.1,+084.768*62
$VNIMU,+00.1253,-00.3324,-00.1221,-00.080,+09.788,-00.027,-00.000157,-00.000121,-00.001536,+25.1,+084.768*65
$VNIMU,+00.1264,-00.3381,-00.1208,-00.075,+09.813,-00.019,+00.000907,-00.000427,-00.001193,+25.1,+084.758*6F
$VNIMU,+00.1307,-00.3381,-00.1211,-00.077,+09.782,-00.028,+00.002050,-00.001456,-00.001329,+25.1,+084.768*6A
$VNIMU,+00.1318,-00.3358,-00.1184,-00.088,+09.791,-00.007,+00.001234,-00.001633,-00.001573,+25.1,+084.755*65
$VNIMU,+00.1285,-00.3370,-00.1196,-00.093,+09.803,-00.040,+00.002173,+00.000226,-00.001316,+25.1,+084.780*6D
$VNIMU,+00.1242,-00.3301,-00.1179,-00.079,+09.769,-00.053,+00.000108,-00.001373,-00.002211,+25.1,+084.780*69
$VNIMU,+00.1285,-00.3358,-00.1196,-00.095,+09.807,-00.034,+00.001186,-00.000630,-00.000894,+25.1,+084.784*6E
$VNIMU,+00.1285,-00.3347,-00.1182,-00.104,+09.795,-00.036,+00.000457,-00.000116,-00.002160,+25.1,+084.768*63
$VNIMU,+00.1296,-00.3358,-00.1183,-00.084,+09.789,-00.029,+00.000571,-00.000325,-00.001779,+25.1,+084.768*6E
$VNIMU,+00.1242,-00.3324,-00.1193,-00.091,+09.774,+00.019,+00.000439,-00.000444,-00.001560,+25.1,+084.768*69
$VNIMU,+00.1264,-00.3335,-00.1167,-00.080,+09.785,-00.054,+00.002013,-00.001373,-00.002095,+25.1,+084.768*67
$VNIMU,+00.1274,-00.3324,-00.1181,-00.091,+09.787,-00.042,+00.000977,-00.001887,-00.001898,+25.1,+084.768*64
$VNIMU,+00.1307,-00.3347,-00.1210,-00.077,+09.802,+00.001,-00.000130,-00.001007,-00.000916,+25.1,+084.780*69
$VNIMU,+00.1339,-00.3393,-00.1212,-00.104,+09.772,-00.043,+00.000197,-00.001589,-00.001286,+25.1,+084.771*67
$VNIMU,+00.1285,-00.3358,-00.1182,-00.090,+09.783,-00.011,+00.000858,-00.000889,-00.001080,+25.1,+084.768*63
$VNIMU,+00.1264,-00.3335,-00.1194,-00.062,+09.784,-00.037,+00.002056,-00.001780,-00.001226,+25.1,+084.768*63
$VNIMU,+00.1285,-00.3336,-00.1182,-00.087,+09.779,-00.020,+00.001624,-00.000919,-00.000828,+25.1,+084.768*6D
$VNIMU,+00.1328,-00.3359,-00.1198,-00.064,+09.790,-00.013,+00.001292,-00.000910,-00.001148,+25.1,+084.771*65
$VNIMU,+00.1307,-00.3370,-00.1210,-00.072,+09.793,-00.031,+00.000806,-00.002040,-00.001301,+25.1,+084.768*6B
$VNIMU,+00.1307,-00.3370,-00.1197,-00.075,+09.786,-00.015,+00.001586,-00.000612,-00.001997,+25.1,+084.768*60
$VNIMU,+00.1242,-00.3335,-00.1166,-00.080,+09.803,-00.029,+00.000856,-00.002052,-00.001865,+25.1,+084.768*65
$VNIMU,+00.1307,-00.3370,-00.1197,-00.079,+09.778,-00.051,+00.001510,-00.000860,-00.000738,+25.1,+084.768*63
$VNIMU,+00.1339,-00.3347,-00.1185,-00.093,+09.802,-00.028,+00.000245,-00.001192,-00.000783,+25.1,+084.768*62
$VNIMU,+00.1328,-00.3359,-00.1212,-00.084,+09.800,-00.046,+00.001830,-00.000655,-00.001719,+25.1,+084.768*6A
$VNIMU,+00.1285,-00.3358,-00.1196,-00.075,+09.800,-00.037,+00.001026,-00.000177,-00.002042,+25.1,+084.768*68
$VNIMU,+00.1242,-00.3324,-00.1220,-00.082,+09.803,-00.005,+00.000784,+00.000154,-00.000070,+25.1,+084.768*66
$VNIMU,+00.1274,-00.3335,-00.1208,-00.082,+09.790,-00.033,+00.002075,+00.000243,-00.001798,+25.1,+084.768*67
$VNIMU,+00.1350,-00.3381,-00.1227,-00.084,+09.786,-00.023,+00.000908,-00.000703,-00.001213,+25.1,+084.768*62
$VNIMU,+00.1361,-00.3359,-00.1200,-00.084,+09.812,-00.025,+00.001942,-00.002263,-00.001452,+25.1,+084.784*6B
$VNIMU,+00.1274,-00.3324,-00.1195,-00.080,+09.800,-00.024,+00.001283,-00.000539,-00.001576,+25.1,+084.768*64
$VNIMU,+00.1307,-00.3336,-00.1183,-00.092,+09.795,-00.053,+00.000365,-00.000569,-00.002086,+25.1,+084.768*61
$VNIMU,+00.1242,-00.3358,-00.1193,-00.076,+09.818,-00.015,+00.000877,-00.001625,-00.001985,+25.1,+084.780*67
$VNIMU,+00.1318,-00.3381,-00.1211,-00.086,+09.794,-00.028,+00.001172,+00.000087,-00.001373,+25.1,+084.768*6F
$VNIMU,+00.1307,-00.3324,-00.1197,-00.099,+09.777,-00.036,+00.000983,-00.000282,-00.001920,+25.1,+084.784*67
$VNIMU,+00.1264,-00.3347,-00.1181,-00.100,+09.807,-00.034,+00.001243,-00.000837,-00.001165,+25.1,+084.768*63
$VNIMU,+00.1242,-00.3324,-00.1193,-00.111,+09.799,-00.023,+00.002112,-00.000708,-00.000228,+25.1,+084.768*63
$VNIMU,+00.1317,-00.3324,-00.1197,-00.112,+09.816,-00.042,+00.000453,-00.000880,-00.000881,+25.1,+084.758*6D
$VNIMU,+00.1296,-00.3336,-00.1169,-00.069,+09.782,-00.029,+00.001285,-00.000969,-00.002331,+25.1,+084.768*6E
$VNIMU,+00.1296,-00.3393,-00.1224,-00.073,+09.811,-00.012,+00.001056,-00.000685,-00.002101,+25.1,+084.768*6D
$VNIMU,+00.1275,-00.3347,-00.1181,-00.099,+09.801,-00.018,+00.001642,-00.000776,-00.001892,+25.1,+084.768*64
$VNIMU,+00.1274,-00.3313,-00.1181,-00.064,+09.814,-00.035,+00.001229,-00.001912,-00.001117,+25.1,+084.768*6D
$VNIMU,+00.1264,-00.3358,-00.1208,-00.076,+09.829,-00.045,+00.000901,-00.000559,-00.001917,+25.1,+084.771*69
$VNIMU,+00.1339,-00.3370,-00.1226,-00.099,+09.806,-00.004,+00.001780,-00.000904,-00.001120,+25.1,+084.784*6B
$VNIMU,+00.1350,-00.3370,-00.1199,-00.082,+09.796,-00.043,+00.001567,-00.001491,-00.002011,+25.1,+084.780*63
$VNIMU,+00.1253,-00.3347,-00.1194,-00.092,+09.799,-00.017,+00.001369,-00.000514,-00.001702,+25.1,+084.768*62
$VNIMU,+00.1242,-00.3335,-00.1207,-00.083,+09.770,-00.013,+00.001022,-00.002059,-00.001521,+25.1,+084.755*62
$VNIMU,+00.1274,-00.3335,-00.1195,-00.062,+09.782,-00.012,+00.001475,-00.001273,-00.002111,+25.1,+084.768*69
$VNIMU,+00.1318,-00.3370,-00.1184,-00.077,+09.799,-00.037,+00.001334,-00.000259,-00.001560,+25.1,+084.755*6E
$VNIMU,+00.1285,-00.3370,-00.1209,-00.072,+09.801,+00.005,+00.001805,-00.001226,-00.002026,+25.1,+084.780*6D

