-09.757,-00.169,+00.237
-09.595,-00.120,+00.227
-09.658,-00.335,+00.049
-09.833,-00.303,+00.056
-09.839,-00.363,+00.121
-09.741,-00.448,+00.179
-09.755,-00.360,+00.174
-09.780,-00.130,+00.221
-09.687,-00.189,+00.244
-09.743,-00.413,+00.207
-09.770,-00.375,+00.207
-09.892,-00.252,+00.202
-09.779,-00.148,+00.279
-09.729,-00.319,+00.258
-09.730,-00.426,+00.150
-09.643,-00.493,-00.030
-09.523,-00.321,-00.040
-09.657,-00.202,+00.023
-09.736,-00.096,+00.178
-09.826,-00.162,+00.210
-09.852,-00.117,+00.150
-09.813,-00.176,+00.056
-09.841,-00.303,+00.083
-09.879,-00.281,+00.060
-09.913,-00.206,+00.064
-09.938,-00.292,+00.037
-09.859,-00.249,+00.033
-09.794,-00.182,+00.051
-09.707,-00.246,+00.132
-09.728,-00.322,+00.013
-09.756,-00.262,+00.048
-09.721,-00.226,+00.058
-09.755,-00.227,+00.081
-09.825,-00.233,+00.125
-09.758,-00.281,+00.167
-09.759,-00.217,+00.080
-09.799,-00.190,+00.026
-10.286,-00.029,-00.027
-09.834,-00.214,+00.025
-09.799,-00.193,+00.015
-09.793,-00.169,+00.011
-09.755,-00.187,+00.040
-09.759,-00.182,+00.070
-09.770,-00.174,+00.058
-09.772,-00.140,+00.030
-09.797,-00.161,+00.004
-09.773,-00.168,+00.009
-09.738,-00.185,+00.060
-09.730,-00.167,+00.054
-09.729,-00.145,-00.035
-09.814,-00.085,-00.092
-09.856,-00.088,+00.005
-09.792,-00.141,+00.011
-09.836,-00.082,+00.014
-09.803,-00.023,-00.016
-09.796,-00.106,-00.013
-09.783,-00.108,-00.015
-09.774,-00.093,-00.042
-09.778,-00.079,-00.031
-09.778,-00.085,-00.024
-09.791,-00.074,-00.013
-09.777,-00.090,-00.023
-09.787,-00.081,-00.022
-09.772,-00.084,-00.051
-09.774,-00.072,-00.016
-09.779,-00.087,-00.048
-09.783,-00.089,-00.041
-09.780,-00.075,-00.045
-09.808,-00.084,-00.027
-09.783,-00.120,-00.038
-09.777,-00.061,-00.040
-09.783,-00.062,-00.076
-09.768,-00.032,-00.077
-09.787,-00.088,-00.044
-09.785,-00.108,-00.004
-09.769,-00.110,-00.017
-09.787,-00.149,+00.021
-09.776,-00.086,-00.018
-09.791,-00.092,+00.003
-09.785,-00.088,+00.001
-09.790,-00.076,-00.023
-09.772,-00.101,-00.023
-09.784,-00.066,-00.013
-09.800,-00.075,-00.040
-09.791,-00.064,-00.006
-09.794,-00.093,-00.001
-09.771,-00.075,-00.043
-09.772,-00.064,-00.020
-09.784,-00.068,-00.052
-09.786,-00.086,-00.012
-09.795,-00.088,-00.030
-09.768,-00.060,-00.025
-09.786,-00.090,-00.005
-09.766,-00.077,-00.034
-09.754,-00.086,-00.019
-09.780,-00.067,-00.036
-09.781,-00.101,-00.037
-09.776,-00.092,-00.015
-09.774,-00.077,-00.023
-09.789,-00.095,-00.031
-09.791,-00.081,-00.014
-09.797,-00.074,-00.003
-09.809,-00.097,-00.036
-09.778,-00.079,-00.007
-09.775,-00.083,-00.015
-09.784,-00.092,-00.020
-09.783,-00.060,-00.030
-09.778,-00.092,-00.005
-09.774,-00.091,+00.002
-09.780,-00.073,-00.010
-09.784,-00.074,-00.006
-09.757,-00.084,-00.014
-09.752,-00.063,-00.042
-09.780,-00.074,-00.024
-09.785,-00.072,-00.005
-09.782,-00.092,-00.020
-09.769,-00.089,+00.016
-09.803,-00.063,-00.050
-09.768,-00.082,+00.012
-09.791,-00.085,-00.009
-09.796,-00.083,-00.049
-09.765,-00.085,-00.004
-09.793,-00.108,-00.006
-09.770,-00.096,-00.015
-09.776,-00.090,-00.062
-09.769,-00.076,-00.022
-09.808,-00.083,+00.000
-09.783,-00.064,+00.002
-09.762,-00.091,-00.022
-09.781,-00.089,-00.022
-09.765,-00.070,-00.028
-09.789,-00.090,+00.014
-09.765,-00.108,-00.022
-09.801,-00.076,-00.030
-09.769,-00.068,-00.009
-09.771,-00.085,-00.025
-09.769,-00.093,-00.006
-09.772,-00.083,-00.006
-09.775,-00.090,-00.043
-09.788,-00.067,-00.036
-09.793,-00.067,-00.010
-09.776,-00.094,-00.034
-09.785,-00.064,+00.005
-09.788,-00.095,-00.021
-09.799,-00.051,-00.060
-09.783,-00.097,-00.049
-09.795,-00.082,-00.027
-09.787,-00.109,-00.005
-09.768,-00.063,-00.034
-09.758,-00.090,-00.021
-09.784,-00.079,+00.014
-09.763,-00.088,-00.046
-09.792,-00.096,-00.033
-09.761,-00.068,-00.026
-09.782,-00.084,-00.013
-09.798,-00.086,-00.040
-09.773,-00.096,-00.010
-09.779,-00.093,-00.015
-09.782,-00.083,-00.031
-09.785,-00.074,-00.001
-09.748,-00.085,-00.023
-09.792,-00.065,-00.031
-09.794,-00.084,-00.023
-09.784,-00.076,-00.030
-09.778,-00.081,-00.027
-09.794,-00.086,-00.041
-09.804,-00.079,+00.001
-09.767,-00.089,-00.050
-09.777,-00.059,-00.031
-09.792,-00.088,+00.001
-09.781,-00.073,-00.012
-09.807,-00.099,-00.030
-09.790,-00.081,-00.044
-09.768,-00.072,-00.016
-09.772,-00.067,-00.022
-09.792,-00.063,-00.032
-09.781,-00.086,-00.007
-09.794,-00.081,-00.038
-09.767,-00.067,-00.044
-09.788,-00.068,-00.032
-09.757,-00.097,-00.033
-09.769,-00.094,-00.026
-09.782,-00.094,-00.012
-09.772,-00.080,-00.025
-09.774,-00.081,-00.032
-09.766,-00.086,-00.012
-09.783,-00.094,-00.024
-09.775,-00.093,-00.020
-09.779,-00.068,-00.036
-09.798,-00.096,-00.009
-09.760,-00.073,-00.036
-09.803,-00.071,-00.007
-09.791,-00.076,-00.040
-09.758,-00.068,-00.018
-09.775,-00.099,-00.016
-09.789,-00.083,-00.053
-09.790,-00.097,-00.027
-09.786,-00.099,-00.005
-09.762,-00.073,-00.010
-09.777,-00.076,-00.060
-09.790,-00.086,-00.033
-09.803,-00.095,-00.023
-09.757,-00.069,-00.003
-09.787,-00.083,-00.013
-09.777,-00.082,-00.027
-09.771,-00.076,-00.021
-09.778,-00.112,-00.029
-09.788,-00.058,-00.031
-09.782,-00.072,-00.049
-09.800,-00.063,-00.046
-09.803,-00.082,-00.047
-09.774,-00.081,-00.058
-09.774,-00.072,+00.015
-09.787,-00.083,-00.044
-09.796,-00.092,-00.015
-09.777,-00.087,-00.029
-09.776,-00.083,-00.035
-09.790,-00.097,-00.052
-09.731,-00.078,-00.029
-09.776,-00.100,-00.012
-09.783,-00.058,-00.020
-09.765,-00.072,-00.008
-09.780,-00.076,+00.002
-09.788,-00.074,-00.020
-09.785,-00.058,-00.021
-09.784,-00.068,-00.012
-09.785,-00.093,-00.021
-09.796,-00.080,-00.006
-09.763,-00.071,-00.029
-09.756,-00.077,-00.041
-09.762,-00.076,-00.035
-09.793,-00.080,-00.018
-09.776,-00.092,-00.004
-09.758,-00.057,-00.032
-09.797,-00.087,-00.027
-09.781,-00.080,-00.008
-09.777,-00.080,-00.011
-09.767,-00.077,-00.021
-09.784,-00.069,-00.049
-09.795,-00.067,-00.026
-09.792,-00.073,-00.058
-09.798,-00.065,-00.011
-09.812,-00.088,-00.060
-09.798,-00.086,-00.018
-09.794,-00.089,-00.043
-09.759,-00.061,-00.008
-09.776,-00.090,+00.002
-09.786,-00.092,+00.000
-09.780,-00.080,-00.066
-09.769,-00.079,-00.033
-09.769,-00.086,+00.003
-09.782,-00.091,-00.019
-09.763,-00.090,-00.010
-09.774,-00.083,-00.021
-09.793,-00.080,-00.019
-09.795,-00.091,-00.036
-09.767,-00.077,-00.024
-09.774,-00.090,-00.007
-09.793,-00.075,-00.057
-09.783,-00.054,-00.037
-09.780,-00.090,+00.007
-09.794,-00.100,+00.000
-09.758,-00.078,-00.047
-09.780,-00.092,-00.043
-09.789,-00.093,-00.032
-09.772,-00.088,-00.025
-09.799,-00.078,+00.004
-09.775,-00.089,-00.057
-09.779,-00.079,-00.009
-09.797,-00.091,-00.025
-09.782,-00.085,-00.018
-09.821,-00.074,-00.001
-09.765,-00.060,-00.015
-09.778,-00.085,-00.035
-09.782,-00.052,-00.010
-09.783,-00.083,-00.037
-09.782,-00.083,-00.026
-09.804,-00.078,-00.051
-09.781,-00.105,-00.013
-09.763,-00.091,-00.042
-09.777,-00.065,-00.030
-09.789,-00.090,-00.018
-09.763,-00.077,-00.016
-09.781,-00.082,-00.032
-09.829,-00.099,-00.038
-09.779,-00.091,-00.047
-09.790,-00.093,-00.049
-09.774,-00.090,-00.003
-09.768,-00.096,-00.032
-09.788,-00.088,-00.044
-09.760,-00.059,-00.014
-09.790,-00.077,-00.015
-09.785,-00.075,-00.020
-09.800,-00.069,-00.049
-09.806,-00.083,-00.012
-09.803,-00.067,-00.010
-09.750,-00.085,-00.048
-09.765,-00.096,-00.065
-09.795,-00.098,-00.010
-09.765,-00.083,-00.001
-09.778,-00.083,-00.058
-09.778,-00.080,-00.039
-09.770,-00.110,-00.028
-09.772,-00.078,-00.006
-09.770,-00.085,-00.050
-09.785,-00.058,+00.024
-09.784,-00.097,-00.012
-09.777,-00.096,-00.013
-09.789,-00.077,-00.003
-09.785,-00.066,-00.017
-09.785,-00.077,-00.034
-09.795,-00.078,-00.046
-09.768,-00.079,-00.008
-09.799,-00.075,-00.030
-09.787,-00.077,+00.006
-09.801,-00.087,-00.035
-09.814,-00.080,+00.002
-09.793,-00.060,-00.041
-09.777,-00.087,-00.006
-09.792,-00.072,-00.021
-09.807,-00.076,-00.017
-09.774,-00.112,+00.004
-09.773,-00.083,-00.027
-09.782,-00.108,+00.001
-09.772,-00.085,-00.031
-09.781,-00.098,+00.004
-09.794,-00.075,-00.030
-09.789,-00.078,-00.007
-09.795,-00.063,-00.018
-09.783,-00.055,-00.033
-09.783,-00.076,-00.039
-09.780,-00.083,-00.023
-09.785,-00.075,-00.051
-09.767,-00.077,+00.010
-09.778,-00.089,-00.035
-09.780,-00.080,-00.020
-09.787,-00.096,+00.018
-09.782,-00.105,-00.013
-09.789,-00.088,-00.007
-09.782,-00.094,-00.020
-09.779,-00.085,-00.043
-09.782,-00.069,-00.006
-09.774,-00.067,-00.019
-09.800,-00.074,-00.012
-09.798,-00.079,-00.057
-09.762,-00.092,-00.067
-09.794,-00.083,-00.046
-09.778,-00.080,+00.001
-09.755,-00.082,-00.046
-09.806,-00.081,-00.028
-09.769,-00.079,-00.040
-09.774,-00.073,-00.002
-09.766,-00.068,-00.008
-09.799,-00.084,-00.028
-09.805,-00.085,-00.047
-09.793,-00.059,-00.040
-09.791,-00.078,-00.022
-09.789,-00.091,-00.044
-09.767,-00.072,-00.019
-09.780,-00.093,-00.028
-09.777,-00.088,-00.031
-09.785,-00.071,-00.035
-09.796,-00.096,-00.030
-09.793,-00.090,-00.021
-09.799,-00.087,-00.017
-09.788,-00.071,-00.007
-09.774,-00.085,-00.040
-09.767,-00.081,-00.036
-09.788,-00.056,-00.008
-09.791,-00.072,-00.039
-09.788,-00.083,-00.017
-09.779,-00.090,-00.038
-09.785,-00.091,+00.018
-09.813,-00.072,-00.012
-09.810,-00.091,-00.029
-09.789,-00.088,-00.016
-09.787,-00.102,-00.024
-09.772,-00.073,-00.004
-09.795,-00.084,+00.005
-09.796,-00.076,-00.030
-09.776,-00.079,-00.021
-09.767,-00.093,-00.056
-09.783,-00.075,-00.029
-09.768,-00.071,-00.022
-09.804,-00.090,-00.050
-09.791,-00.093,-00.063
-09.785,-00.061,-00.025
-09.800,-00.082,-00.029
-09.792,-00.064,-00.021
-09.794,-00.062,+00.007
-09.768,-00.063,+00.023
-09.777,-00.104,-00.010
-09.766,-00.077,-00.026
-09.794,-00.068,-00.049
-09.784,-00.071,-00.024
-09.794,-00.070,-00.033
-09.778,-00.059,-00.028
-09.783,-00.067,-00.031
-09.761,-00.075,-00.012
-09.793,-00.082,-00.009
-09.790,-00.076,-00.039
-09.777,-00.096,-00.033
-09.745,-00.084,-00.015
-09.795,-00.102,-00.024
-09.802,-00.069,-00.010
-09.765,-00.084,-00.027
-09.810,-00.089,-00.036
-09.772,-00.078,-00.039
-09.785,-00.083,-00.038
-09.773,-00.085,-00.040
-09.789,-00.057,-00.007
-09.781,-00.077,-00.020
-09.775,-00.073,-00.022
-09.773,-00.065,-00.054
-09.791,-00.081,-00.042
-09.777,-00.080,+00.000
-09.782,-00.087,-00.004
-09.770,-00.074,-00.050
-09.803,-00.080,-00.021
-09.765,-00.067,-00.015
-09.776,-00.074,-00.030
-09.759,-00.079,-00.029
-09.795,-00.086,-00.034
-09.800,-00.095,-00.021
-09.788,-00.075,-00.007
-09.760,-00.101,-00.019
-09.796,-00.090,-00.014
-09.808,-00.081,+00.008
-09.779,-00.098,-00.034
-09.777,-00.062,-00.016
-09.768,-00.085,-00.038
-09.783,-00.102,-00.026
-09.765,-00.095,-00.034
-09.790,-00.077,-00.027
-09.772,-00.093,-00.013
-09.773,-00.070,-00.035
-09.757,-00.078,-00.020
-09.779,-00.089,-00.019
-09.774,-00.082,-00.022
-09.781,-00.076,-00.074
-09.790,-00.073,-00.023
-09.787,-00.106,-00.005
-09.770,-00.067,-00.011
-09.759,-00.092,+00.010
-09.807,-00.082,-00.022
-09.788,-00.080,-00.026
-09.778,-00.092,-00.036
-09.781,-00.077,-00.016
-09.780,-00.067,-00.008
-09.778,-00.077,-00.011
-09.791,-00.072,+00.018
-09.792,-00.095,-00.014
-09.782,-00.082,-00.026
-09.773,-00.084,-00.027
-09.786,-00.071,-00.033
-09.788,-00.074,-00.038
-09.796,-00.057,-00.015
-09.781,-00.101,+00.003
-09.816,-00.088,-00.015
-09.787,-00.091,-00.015
-09.787,-00.058,-00.015
-09.786,-00.081,+00.002
-09.770,-00.060,-00.024
-09.772,-00.090,-00.053
-09.794,-00.089,-00.012
-09.779,-00.083,-00.051
-09.779,-00.082,-00.040
-09.754,-00.089,-00.039
-09.793,-00.098,-00.009
-09.762,-00.091,-00.032
-09.775,-00.084,-00.037
-09.773,-00.062,-00.047
-09.775,-00.085,-00.029
-09.791,-00.090,+00.005
-09.806,-00.092,-00.036
-09.773,-00.080,-00.051
-09.782,-00.094,-00.014
-09.782,-00.059,-00.016
-09.796,-00.088,-00.041
-09.786,-00.060,-00.005
-09.768,-00.083,-00.040
-09.772,-00.070,-00.034
-09.788,-00.072,-00.040
-09.790,-00.095,-00.052
-09.768,-00.077,-00.017
-09.800,-00.082,-00.020
-09.788,-00.092,-00.036
-09.789,-00.083,-00.065
-09.795,-00.080,-00.024
-09.791,-00.081,-00.053
-09.782,-00.098,-00.003
-09.798,-00.064,-00.028
-09.786,-00.095,-00.044
-09.792,-00.070,-00.051
-09.778,-00.072,-00.017
-09.793,-00.108,-00.055
-09.787,-00.079,+00.006
-09.773,-00.070,-00.001
-09.788,-00.085,-00.027
-09.794,-00.073,-00.043
-09.796,-00.076,-00.034
-09.778,-00.092,+00.000
-09.769,-00.073,-00.005
-09.796,-00.074,-00.029
-09.776,-00.083,-00.010
-09.797,-00.083,-00.054
-09.777,-00.087,-00.008
-09.760,-00.082,-00.018
-09.781,-00.061,-00.024
-09.796,-00.083,-00.011
-09.778,-00.082,-00.061
-09.812,-00.088,+00.011
-09.783,-00.073,-00.023
-09.789,-00.080,-00.023
-09.776,-00.085,-00.035
-09.798,-00.072,+00.010
-09.781,-00.090,-00.012
-09.770,-00.075,+00.006
-09.766,-00.104,-00.031
-09.759,-00.111,-00.040
-09.787,-00.063,-00.005
-09.767,-00.074,-00.021
-09.765,-00.075,-00.011
-09.793,-00.087,-00.029
-09.773,-00.086,-00.064
-09.785,-00.090,+00.008
-09.784,-00.076,-00.040
-09.770,-00.058,-00.054
-09.804,-00.104,-00.053
-09.786,-00.082,-00.026
-09.774,-00.075,+00.003
-09.771,-00.088,-00.009
-09.783,-00.077,-00.011
-09.762,-00.090,+00.010
-09.776,-00.074,-00.020
-09.808,-00.076,-00.032
-09.758,-00.085,-00.016
-09.771,-00.078,-00.041
-09.794,-00.076,-00.008
-09.799,-00.075,-00.015
-09.783,-00.073,-00.027
-09.778,-00.075,-00.019
-09.775,-00.098,-00.043
-09.784,-00.081,-00.007
-09.804,-00.073,-00.036
-09.779,-00.085,-00.001
-09.772,-00.082,-00.054
-09.774,-00.075,-00.001
-09.790,-00.082,-00.017
-09.778,-00.088,-00.007
-09.776,-00.113,-00.015
-09.785,-00.071,-00.018
-09.786,-00.075,-00.037
-09.793,-00.083,+00.017
-09.767,-00.079,-00.004
-09.783,-00.104,-00.023
-09.786,-00.054,-00.029
-09.774,-00.073,-00.027
-09.807,-00.076,-00.042
-09.782,-00.091,-00.041
-09.813,-00.070,-00.018
-09.782,-00.097,-00.031
-09.781,-00.088,-00.058
-09.803,-00.114,-00.025
-09.771,-00.079,-00.002
-09.802,-00.070,-00.012
-09.790,-00.076,-00.023
-09.762,-00.072,-00.000
-09.787,-00.078,-00.066
-09.779,-00.077,-00.011
-09.780,-00.063,-00.013
-09.770,-00.102,-00.006
-09.796,-00.097,-00.040
-09.780,-00.072,-00.004
-09.785,-00.071,-00.053
-09.780,-00.080,-00.013
-09.761,-00.074,-00.006
-09.789,-00.090,-00.033
-09.773,-00.078,-00.020
-09.782,-00.080,-00.026
-09.770,-00.059,-00.017
-09.767,-00.082,-00.016
-09.789,-00.089,-00.033
-09.758,-00.078,+00.013
-09.778,-00.076,-00.054
-09.795,-00.088,-00.019
-09.779,-00.080,-00.013
-09.770,-00.077,-00.043
-09.798,-00.090,-00.041
-09.768,-00.090,-00.040
-09.784,-00.088,+00.003
-09.785,-00.083,-00.029
-09.785,-00.086,-00.025
-09.780,-00.082,-00.057
-09.766,-00.096,-00.043
-09.797,-00.066,-00.005
-09.788,-00.102,-00.041
-09.799,-00.090,-00.013
-09.795,-00.075,-00.019
-09.786,-00.084,-00.050
-09.780,-00.059,-00.041
-09.784,-00.100,+00.000
-09.788,-00.077,-00.041
-09.780,-00.095,-00.027
-09.797,-00.082,-00.037
-09.800,-00.085,-00.031
-09.777,-00.089,-00.035
-09.782,-00.084,-00.033
-09.805,-00.079,-00.010
-09.775,-00.096,-00.026
-09.777,-00.072,-00.025
-09.755,-00.073,-00.005
-09.785,-00.075,-00.027
-09.804,-00.111,-00.033
-09.777,-00.057,-00.009
-09.776,-00.088,+00.004
-09.787,-00.102,-00.040
-09.776,-00.091,-00.022
-09.787,-00.098,-00.024
-09.751,-00.064,-00.038
-09.787,-00.068,-00.012
-09.765,-00.089,+00.016
-09.804,-00.060,-00.009
-09.769,-00.089,-00.018
-09.790,-00.095,-00.014
-09.790,-00.075,-00.064
-09.769,-00.072,-00.037
-09.814,-00.076,-00.045
-09.773,-00.071,-00.018
-09.773,-00.087,-00.020
-09.772,-00.098,-00.008
-09.760,-00.070,-00.004
-09.802,-00.067,-00.028
-09.791,-00.067,+00.013
-09.774,-00.069,+00.024
-09.794,-00.076,-00.034
-09.779,-00.064,-00.020
-09.787,-00.076,-00.027
-09.773,-00.092,-00.028
-09.778,-00.089,-00.051
-09.794,-00.107,-00.010
-09.785,-00.077,-00.037
-09.796,-00.081,+00.003
-09.762,-00.087,+00.012
-09.800,-00.078,-00.032
-09.759,-00.080,-00.052
-09.787,-00.078,-00.012
-09.798,-00.098,-00.009
-09.783,-00.092,-00.030
-09.780,-00.082,-00.021
-09.805,-00.079,-00.016
-09.799,-00.072,-00.033
-09.802,-00.086,-00.064
-09.740,-00.090,-00.016
-09.775,-00.073,-00.029
-09.803,-00.079,-00.017
-09.766,-00.082,-00.017
-09.780,-00.076,-00.030
-09.777,-00.069,-00.020
-09.773,-00.082,-00.028
-09.781,-00.101,-00.032
-09.793,-00.071,-00.024
-09.800,-00.088,-00.061
-09.791,-00.085,-00.028
-09.795,-00.094,-00.029
-09.790,-00.096,-00.053
-09.762,-00.079,+00.006
-09.785,-00.060,-00.044
-09.788,-00.091,-00.016
-09.762,-00.073,-00.030
-09.778,-00.082,-00.005
-09.775,-00.076,-00.013
-09.788,-00.095,-00.026
-09.797,-00.086,-00.053
-09.773,-00.088,-00.032
-09.791,-00.079,-00.002
-09.776,-00.079,-00.018
-09.804,-00.080,-00.005
-09.789,-00.088,+00.016
-09.788,-00.078,-00.038
-09.788,-00.079,-00.021
-09.773,-00.088,-00.036
-09.772,-00.087,-00.023
-09.773,-00.053,+00.003
-09.777,-00.083,-00.041
-09.791,-00.077,-00.022
-09.759,-00.111,-00.036
-09.768,-00.062,-00.053
-09.804,-00.096,-00.011
-09.778,-00.078,+00.007
-09.779,-00.086,-00.010
-09.796,-00.075,+00.006
-09.786,-00.068,-00.018
-09.793,-00.081,-00.044
-09.775,-00.092,-00.027
-09.804,-00.073,-00.025
-09.776,-00.059,-00.038
-09.791,-00.081,-00.036
-09.764,-00.084,-00.014
-09.784,-00.058,-00.032
-09.789,-00.071,-00.022
-09.798,-00.073,-00.065
-09.795,-00.086,+00.008
-09.768,-00.076,-00.042
-09.768,-00.095,-00.021
-09.775,-00.080,-00.035
-09.784,-00.072,-00.022
-09.764,-00.087,-00.032
-09.767,-00.086,-00.022
-09.791,-00.083,-00.014
-09.757,-00.065,-00.016
-09.784,-00.083,-00.019
-09.796,-00.078,-00.030
-09.774,-00.068,-00.018
-09.777,-00.096,-00.025
-09.756,-00.087,-00.013
-09.802,-00.079,-00.023
-09.768,-00.078,-00.038
-09.773,-00.103,-00.021
-09.780,-00.062,-00.043
-09.773,-00.069,-00.027
-09.775,-00.074,-00.040
-09.773,-00.067,-00.009
-09.803,-00.081,-00.025
-09.788,-00.076,-00.003
-09.804,-00.081,-00.023
-09.760,-00.097,-00.031
-09.776,-00.102,+00.011
-09.775,-00.081,-00.047
-09.775,-00.074,-00.070
-09.772,-00.084,+00.015
-09.780,-00.091,-00.013
-09.772,-00.093,-00.032
-09.782,-00.074,-00.016
-09.800,-00.064,-00.021
-09.773,-00.089,-00.036
-09.776,-00.096,+00.003
-09.797,-00.105,-00.013
-09.771,-00.072,-00.004
-09.779,-00.093,+00.011
-09.818,-00.078,-00.022
-09.787,-00.082,-00.007
-09.799,-00.108,-00.046
-09.772,-00.078,-00.006
-09.767,-00.084,-00.036
-09.769,-00.094,+00.009
-09.782,-00.082,+00.028
-09.777,-00.069,-00.002
-09.779,-00.081,-00.030
-09.787,-00.075,-00.041
-09.771,-00.084,-00.014
-09.774,-00.068,-00.049
-09.780,-00.101,-00.042
-09.772,-00.074,-00.007
-09.793,-00.090,-00.010
-09.777,-00.079,-00.037
-09.772,-00.092,-00.029
-09.788,-00.087,-00.027
-09.787,-00.071,-00.021
-09.798,-00.063,-00.019
-09.785,-00.047,-00.035
-09.777,-00.089,-00.016
-09.782,-00.083,-00.015
-09.772,-00.072,-00.021
-09.799,-00.077,-00.016
-09.792,-00.111,+00.000
-09.796,-00.094,-00.027
-09.773,-00.092,-00.014
-09.775,-00.086,-00.010
-09.776,-00.070,-00.003
-09.787,-00.072,-00.012
-09.790,-00.075,-00.039
-09.779,-00.058,-00.037
-09.799,-00.069,-00.053
-09.760,-00.066,+00.002
-09.774,-00.086,-00.015
-09.799,-00.082,-00.031
-09.785,-00.090,-00.062
-09.788,-00.098,-00.014
-09.778,-00.094,-00.057
-09.776,-00.059,-00.010
-09.785,-00.056,-00.043
-09.783,-00.077,-00.014
-09.781,-00.095,-00.059
-09.775,-00.077,-00.025
-09.786,-00.086,+00.007
-09.791,-00.089,-00.045
-09.782,-00.082,-00.031
-09.780,-00.098,-00.028
-09.769,-00.080,-00.034
-09.785,-00.084,-00.049
-09.786,-00.093,-00.008
-09.783,-00.063,-00.054
-09.783,-00.110,-00.008
-09.779,-00.070,-00.049
-09.774,-00.084,-00.043
-09.782,-00.082,-00.014
-09.784,-00.080,-00.011
-09.773,-00.090,-00.024
-09.776,-00.078,-00.005
-09.790,-00.095,-00.028
-09.774,-00.060,-00.019
-09.823,-00.080,-00.013
-09.790,-00.088,-00.037
-09.771,-00.078,-00.039
-09.792,-00.063,-00.037
-09.774,-00.102,-00.006
-09.781,-00.065,-00.007
-09.774,-00.078,-00.019
-09.771,-00.064,-00.014
-09.785,-00.076,-00.024
-09.786,-00.081,-00.024
-09.785,-00.084,-00.020
-09.780,-00.071,-00.039
-09.776,-00.089,+00.002
-09.771,-00.081,-00.011
-09.783,-00.078,+00.008
-09.780,-00.107,-00.004
-09.778,-00.103,-00.047
-09.786,-00.081,-00.049
-09.779,-00.088,-00.036
-09.783,-00.075,-00.046
-09.773,-00.105,-00.014
-09.795,-00.077,-00.018
-09.780,-00.091,-00.020
-09.779,-00.086,-00.012
-09.762,-00.077,-00.008
-09.773,-00.066,-00.014
-09.780,-00.081,-00.038
-09.783,-00.067,-00.026
-09.770,-00.081,-00.042
-09.784,-00.074,-00.022
-09.794,-00.062,+00.006
-09.780,-00.073,-00.010
-09.785,-00.081,-00.027
-09.778,-00.090,-00.041
-09.775,-00.071,+00.002
-09.799,-00.072,-00.027
-09.767,-00.073,-00.016
-09.764,-00.086,-00.029
-09.758,-00.072,-00.029
-09.790,-00.084,-00.053
-09.791,-00.093,-00.039
-09.795,-00.084,-00.001
-09.781,-00.069,-00.013
-09.769,-00.067,-00.011
-09.793,-00.097,-00.047
-09.805,-00.082,-00.019
-09.805,-00.069,-00.024
-09.766,-00.086,-00.019
-09.793,-00.079,+00.004
-09.790,-00.096,-00.042
-09.783,-00.077,-00.011
-09.780,-00.084,-00.030
-09.774,-00.083,-00.064
-09.785,-00.072,-00.033
-09.789,-00.059,-00.038
-09.797,-00.093,+00.002
-09.770,-00.068,-00.014
-09.785,-00.093,-00.032
-09.787,-00.086,-00.030
-09.779,-00.074,-00.022
-09.802,-00.064,-00.030
-09.787,-00.076,-00.026
-09.786,-00.083,-00.018
-09.770,-00.075,-00.019
-09.765,-00.085,-00.052
-09.780,-00.094,-00.048
-09.788,-00.092,-00.015
-09.768,-00.069,-00.021
-09.791,-00.063,-00.007
-09.790,-00.083,-00.039
-09.794,-00.090,-00.019
-09.795,-00.061,-00.025
-09.768,-00.085,-00.027
-09.792,-00.107,-00.025
-09.764,-00.068,-00.037
-09.780,-00.068,-00.028
-09.782,-00.083,-00.038
-09.780,-00.099,-00.027
-09.792,-00.101,-00.045
-09.757,-00.057,-00.032
-09.787,-00.080,-00.028
-09.789,-00.087,-00.012
-09.794,-00.082,-00.028
-09.773,-00.068,-00.014
-09.761,-00.076,-00.046
-09.796,-00.102,-00.033
-09.792,-00.071,-00.028
-09.781,-00.069,-00.000
-09.776,-00.078,-00.028
-09.769,-00.072,-00.047
-09.796,-00.088,-00.031
-09.775,-00.078,-00.020
-09.781,-00.082,-00.011
-09.785,-00.072,-00.010
-09.791,-00.068,-00.004
-09.783,-00.073,-00.006
-09.782,-00.083,-00.023
-09.773,-00.074,-00.029
-09.795,-00.089,-00.037
-09.780,-00.086,-00.032
-09.780,-00.101,-00.012
-09.778,-00.067,-00.031
-09.771,-00.075,-00.031
-09.775,-00.090,-00.001
-09.792,-00.078,+00.005
-09.791,-00.085,-00.041
-09.773,-00.083,-00.020
-09.788,-00.093,-00.028
-09.781,-00.070,+00.001
-09.780,-00.096,-00.022
-09.773,-00.082,-00.017
-09.765,-00.098,-00.019
-09.760,-00.075,-00.038
-09.801,-00.076,-00.031
-09.778,-00.106,-00.033
-09.798,-00.097,-00.010
-09.806,-00.076,-00.051
-09.776,-00.083,-00.035
-09.791,-00.064,-00.017
-09.777,-00.087,-00.009
-09.791,-00.094,-00.016
-09.793,-00.100,-00.004
-09.790,-00.093,-00.018
-09.777,-00.068,-00.015
-09.764,-00.095,-00.040
-09.791,-00.090,-00.037
-09.780,-00.105,-00.032
-09.768,-00.074,-00.046
-09.779,-00.078,-00.007
-09.767,-00.067,-00.061
-09.811,-00.094,-00.011
-09.794,-00.094,-00.027
-09.808,-00.060,-00.026
-09.761,-00.077,-00.016
-09.786,-00.058,-00.021
-09.772,-00.076,-00.030
-09.791,-00.092,-00.014
-09.807,-00.096,-00.032
-09.766,-00.089,-00.043
-09.796,-00.077,-00.020
-09.790,-00.088,-00.010
-09.774,-00.087,-00.005
-09.794,-00.079,-00.043
-09.771,-00.111,+00.031
-09.792,-00.056,-00.026
-09.800,-00.076,-00.032
-09.766,-00.091,-00.013
-09.778,-00.091,-00.018
-09.776,-00.086,-00.003
-09.798,-00.078,-00.014
-09.783,-00.084,-00.042
-09.790,-00.043,-00.032
-09.769,-00.092,-00.008
-09.793,-00.068,-00.039
-09.790,-00.071,-00.024
-09.788,-00.094,-00.029
-09.772,-00.099,-00.030
-09.774,-00.091,-00.023
-09.793,-00.050,-00.023
-09.772,-00.088,-00.006
-09.793,-00.068,-00.056
-09.782,-00.078,-00.038
-09.803,-00.090,-00.036
-09.747,-00.090,-00.017
-09.796,-00.068,-00.041
-09.780,-00.086,-00.028
-09.771,-00.089,-00.025
-09.807,-00.090,-00.021
-09.799,-00.086,-00.037
-09.783,-00.077,-00.064
-09.772,-00.100,-00.022
-09.771,-00.068,-00.038
-09.800,-00.073,-00.035
-09.793,-00.053,+00.006
-09.764,-00.086,-00.012
-09.799,-00.086,-00.052
-09.786,-00.085,-00.004
-09.781,-00.068,-00.030
-09.775,-00.073,+00.033
-09.801,-00.094,-00.024
-09.772,-00.081,-00.042
-09.783,-00.087,-00.037
-09.798,-00.089,-00.014
-09.780,-00.074,-00.005
-09.805,-00.087,-00.039
-09.786,-00.057,-00.018
-09.772,-00.078,-00.007
-09.769,-00.077,-00.017
-09.797,-00.078,-00.033
-09.784,-00.076,-00.002
-09.768,-00.089,-00.032
-09.799,-00.076,-00.012
-09.777,-00.078,-00.012
-09.776,-00.082,-00.009
-09.791,-00.058,-00.033
-09.777,-00.081,-00.028
-09.791,-00.070,-00.010
-09.782,-00.078,-00.062
-09.793,-00.078,-00.011
-09.792,-00.069,-00.035
-09.778,-00.090,-00.026
-09.802,-00.075,-00.040
-09.792,-00.065,-00.017
-09.780,-00.080,-00.042
-09.808,-00.082,-00.017
-09.788,-00.078,-00.015
-09.804,-00.071,-00.008
-09.778,-00.081,-00.001
-09.760,-00.088,-00.047
-09.788,-00.093,-00.037
-09.777,-00.080,+00.001
-09.776,-00.069,-00.024
-09.770,-00.071,+00.002
-09.782,-00.102,-00.016
-09.788,-00.077,-00.026
-09.779,-00.064,-00.035
-09.783,-00.069,-00.018
-09.783,-00.063,-00.032
-09.782,-00.084,+00.005
-09.795,-00.104,-00.038
-09.781,-00.096,-00.005
-09.774,-00.093,-00.029
-09.772,-00.081,-00.027
-09.779,-00.067,-00.043
-09.796,-00.109,-00.003
-09.784,-00.067,-00.024
-09.789,-00.072,-00.026
-09.773,-00.075,-00.051
-09.780,-00.074,-00.039
-09.787,-00.084,-00.016
-09.779,-00.075,-00.024
-09.784,-00.069,+00.016
-09.790,-00.084,-00.028
-09.809,-00.089,-00.022
-09.800,-00.086,+00.001
-09.785,-00.083,-00.056
-09.792,-00.095,-00.023
-09.770,-00.079,-00.018
-09.778,-00.092,-00.020
-09.779,-00.083,-00.055
-09.807,-00.088,-00.018
-09.782,-00.078,+00.010
-09.798,-00.073,-00.025
-09.777,-00.077,-00.030
-09.801,-00.083,-00.042
-09.782,-00.083,-00.002
-09.786,-00.086,-00.030
-09.805,-00.047,-00.016
-09.782,-00.084,-00.072
-09.788,-00.073,-00.033
-09.786,-00.093,-00.030
-09.788,-00.081,-00.064
-09.792,-00.085,-00.019
-09.790,-00.062,-00.029
-09.780,-00.100,-00.003
-09.776,-00.055,-00.020
-09.783,-00.068,-00.016
-09.759,-00.086,-00.017
-09.794,-00.080,-00.027
-09.784,-00.096,-00.017
-09.793,-00.067,-00.047
-09.760,-00.091,-00.014
-09.781,-00.091,+00.015
-09.801,-00.078,-00.008
-09.768,-00.086,+00.004
-09.781,-00.071,-00.016
-09.785,-00.082,-00.048
-09.800,-00.102,-00.035
-09.787,-00.078,-00.017
-09.828,-00.093,-00.009
-09.803,-00.081,-00.018
-09.785,-00.087,-00.011
-09.797,-00.088,-00.013
-09.766,-00.069,-00.053
-09.787,-00.085,-00.017
-09.770,-00.087,-00.025
-09.791,-00.096,-00.023
-09.776,-00.074,-00.018
-09.787,-00.070,-00.023
-09.780,-00.094,-00.043
-09.795,-00.083,-00.033
-09.794,-00.089,-00.042
-09.765,-00.091,-00.048
-09.756,-00.082,+00.002
-09.808,-00.047,-00.027
-09.787,-00.096,-00.021
-09.796,-00.068,-00.052
-09.811,-00.076,-00.028
-09.797,-00.082,-00.028
-09.799,-00.088,+00.004
-09.782,-00.074,-00.033
-09.763,-00.087,-00.009
-09.791,-00.055,+00.017
-09.777,-00.099,-00.044
-09.801,-00.086,-00.022
-09.803,-00.091,-00.033
-09.790,-00.082,-00.032
-09.786,-00.076,-00.032
-09.785,-00.082,-00.008
-09.793,-00.086,+00.002
-09.774,-00.085,-00.014
-09.770,-00.050,-00.011
-09.797,-00.094,-00.028
-09.779,-00.071,-00.017
-09.786,-00.086,-00.018
-09.781,-00.077,-00.012
-09.793,-00.085,-00.058
-09.766,-00.098,-00.017
-09.773,-00.072,-00.044
-09.788,-00.085,-00.009
-09.808,-00.070,-00.023
-09.780,-00.074,-00.036
-09.805,-00.078,-00.011
-09.771,-00.052,-00.042
-09.778,-00.112,-00.005
-09.786,-00.077,-00.043
-09.795,-00.079,-00.012
-09.763,-00.099,-00.015
-09.782,-00.064,-00.015
-09.807,-00.099,-00.031
-09.774,-00.089,-00.033
-09.772,-00.081,-00.016
-09.788,-00.079,-00.014
-09.780,-00.085,+00.012
-09.772,-00.079,-00.023
-09.809,-00.080,-00.043
-09.766,-00.061,-00.022
-09.793,-00.083,-00.031
-09.772,-00.108,-00.013
-09.789,-00.088,-00.011
-09.770,-00.065,-00.047
-09.779,-00.095,-00.043
-09.764,-00.077,-00.013
-09.775,-00.080,-00.035
-09.776,-00.085,+00.002
-09.788,-00.060,-00.022
-09.751,-00.084,-00.028
-09.813,-00.096,+00.008
-09.767,-00.097,-00.021
-09.787,-00.089,-00.037
-09.790,-00.070,-00.030
-09.780,-00.069,+00.017
-09.794,-00.051,-00.021
-09.788,-00.093,-00.018
-09.775,-00.064,-00.036
-09.790,-00.068,-00.031
-09.798,-00.093,-00.016
-09.785,-00.090,-00.040
-09.774,-00.069,-00.018
-09.773,-00.081,-00.036
-09.789,-00.073,-00.023
-09.779,-00.065,-00.041
-09.795,-00.069,-00.011
-09.778,-00.090,-00.030
-09.781,-00.088,+00.010
-09.772,-00.083,-00.021
-09.786,-00.077,+00.001
-09.784,-00.073,-00.004
-09.778,-00.062,-00.034
-09.796,-00.096,-00.049
-09.782,-00.087,-00.022
-09.778,-00.086,-00.027
-09.785,-00.074,-00.071
-09.806,-00.100,-00.021
-09.788,-00.070,-00.013
-09.782,-00.104,-00.014
-09.780,-00.081,-00.049
-09.787,-00.088,-00.021
-09.772,-00.083,+00.015
-09.803,-00.091,-00.020
-09.763,-00.085,-00.012
-09.804,-00.088,-00.036
-09.772,-00.063,+00.008
-09.795,-00.070,-00.005
-09.773,-00.079,-00.018
-09.783,-00.082,-00.023
-09.806,-00.098,-00.034
-09.777,-00.061,-00.028
-09.774,-00.075,-00.057
-09.770,-00.088,-00.037
-09.780,-00.090,+00.007
-09.780,-00.080,-00.026
-09.771,-00.072,-00.003
-09.783,-00.065,-00.021
-09.788,-00.080,-00.019
-09.779,-00.079,-00.015
-09.799,-00.081,-00.033
-09.790,-00.089,+00.012
-09.784,-00.077,-00.012
-09.772,-00.095,-00.039
-09.777,-00.084,-00.007
-09.785,-00.083,-00.014
-09.783,-00.091,-00.029
-09.779,-00.078,-00.022
-09.805,-00.101,-00.009
-09.805,-00.075,-00.003
-09.775,-00.073,-00.013
-09.772,-00.074,-00.031
-09.759,-00.078,-00.017
-09.782,-00.082,+00.009
-09.770,-00.061,-00.024
-09.771,-00.076,+00.012
-09.795,-00.070,-00.009
-09.765,-00.083,-00.004
-09.788,-00.080,-00.035
-09.755,-00.068,-00.040
-09.784,-00.085,-00.009
-09.764,-00.069,-00.033
-09.779,-00.093,-00.015
-09.771,-00.079,-00.046
-09.782,-00.065,-00.023
-09.798,-00.093,+00.010
-09.765,-00.086,-00.017
-09.792,-00.088,-00.069
-09.775,-00.058,-00.012
-09.782,-00.052,-00.047
-09.791,-00.075,-00.030
-09.772,-00.097,-00.022
-09.793,-00.090,-00.053
-09.778,-00.073,-00.019
-09.787,-00.085,-00.016
-09.790,-00.096,-00.036
-09.776,-00.072,-00.005
-09.805,-00.068,-00.036
-09.786,-00.065,-00.001
-09.781,-00.086,-00.046
-09.790,-00.092,-00.025
-09.789,-00.089,-00.036
-09.784,-00.066,-00.002
-09.780,-00.062,+00.011
-09.800,-00.084,-00.018
-09.793,-00.075,-00.050
-09.771,-00.100,-00.043
-09.775,-00.075,-00.005
-09.776,-00.076,-00.020
-09.790,-00.072,-00.066
-09.796,-00.062,-00.048
-09.780,-00.067,-00.037
-09.782,-00.070,-00.015
-09.770,-00.089,-00.015
-09.795,-00.085,-00.019
-09.772,-00.074,+00.000
-09.801,-00.086,-00.014
-09.797,-00.087,-00.048
-09.792,-00.088,-00.049
-09.795,-00.089,-00.030
-09.799,-00.063,+00.003
-09.796,-00.091,+00.001
-09.767,-00.066,-00.053
-09.784,-00.070,-00.037
-09.774,-00.073,+00.006
-09.791,-00.067,-00.032
-09.796,-00.084,-00.016
-09.809,-00.084,-00.039
-09.788,-00.077,+00.009
-09.777,-00.080,-00.054
-09.786,-00.084,-00.027
-09.761,-00.061,-00.001
-09.787,-00.079,-00.012
-09.783,-00.101,-00.035
-09.793,-00.094,-00.034
-09.779,-00.088,+00.003
-09.802,-00.086,-00.020
-09.797,-00.086,-00.028
-09.772,-00.073,-00.019
-09.769,-00.077,-00.052
-09.780,-00.118,-00.022
-09.781,-00.092,-00.045
-09.799,-00.092,-00.036
-09.792,-00.081,-00.036
-09.770,-00.084,-00.055
-09.775,-00.073,-00.043
-09.805,-00.075,-00.006
-09.792,-00.063,-00.026
-09.789,-00.078,-00.057
-09.764,-00.086,-00.041
-09.784,-00.086,-00.050
-09.780,-00.075,-00.044
-09.807,-00.076,-00.021
-09.772,-00.084,-00.050
-09.759,-00.073,+00.008
-09.784,-00.084,-00.002
-09.773,-00.095,-00.036
-09.758,-00.083,-00.016
-09.774,-00.045,-00.033
-09.775,-00.070,-00.009
-09.789,-00.107,-00.017
-09.780,-00.084,-00.030
-09.793,-00.085,-00.020
-09.798,-00.099,-00.022
-09.792,-00.058,+00.003
-09.791,-00.088,+00.006
-09.788,-00.079,-00.037
-09.785,-00.087,-00.047
-09.781,-00.073,-00.014
-09.771,-00.076,-00.026
-09.784,-00.087,-00.031
-09.768,-00.071,-00.005
-09.794,-00.073,-00.039
-09.798,-00.075,+00.031
-09.750,-00.094,-00.042
-09.787,-00.076,-00.033
-09.792,-00.115,-00.025
-09.784,-00.074,-00.027
-09.781,-00.103,-00.045
-09.761,-00.071,+00.011
-09.792,-00.059,-00.017
-09.790,-00.089,-00.018
-09.769,-00.086,-00.041
-09.782,-00.092,-00.015
-09.780,-00.076,-00.001
-09.777,-00.093,-00.040
-09.780,-00.091,-00.042
-09.757,-00.072,-00.041
-09.776,-00.069,+00.010
-09.802,-00.082,-00.020
-09.785,-00.074,-00.022
-09.767,-00.095,-00.022
-09.789,-00.080,-00.030
-09.770,-00.087,+00.031
-09.773,-00.074,-00.000
-09.780,-00.091,-00.020
-09.785,-00.080,-00.020
-09.809,-00.098,-00.032
-09.785,-00.105,-00.010
-09.779,-00.088,-00.012
-09.782,-00.090,-00.028
-09.790,-00.067,-00.024
-09.775,-00.080,-00.021
-09.783,-00.103,-00.013
-09.773,-00.091,-00.032
-09.799,-00.064,-00.005
-09.803,-00.068,-00.029
-09.784,-00.060,-00.018
-09.781,-00.080,-00.050
-09.792,-00.058,-00.022
-09.786,-00.082,-00.021
-09.788,-00.101,-00.001
-09.796,-00.086,-00.027
-09.781,-00.082,-00.002
-09.772,-00.083,+00.017
-09.788,-00.083,-00.047
-09.777,-00.092,-00.020
-09.780,-00.092,-00.024
-09.761,-00.074,-00.035
-09.792,-00.089,-00.060
-09.780,-00.076,-00.045
-09.761,-00.088,-00.010
-09.762,-00.078,-00.031
-09.775,-00.094,+00.019
-09.787,-00.108,+00.003
-09.788,-00.101,-00.012
-09.763,-00.082,-00.031
-09.798,-00.075,-00.045
-09.797,-00.094,-00.010
-09.786,-00.075,-00.029
-09.781,-00.094,-00.048
-09.796,-00.063,-00.017
-09.794,-00.094,+00.000
-09.779,-00.070,-00.012
-09.797,-00.070,-00.002
-09.800,-00.060,-00.016
-09.785,-00.081,-00.008
-09.792,-00.091,-00.033
-09.788,-00.081,-00.039
-09.774,-00.094,-00.022
-09.771,-00.102,-00.056
-09.770,-00.102,+00.006
-09.787,-00.082,-00.025
-09.758,-00.077,-00.029
-09.759,-00.097,-00.017
-09.786,-00.068,-00.040
-09.788,-00.091,-00.037
-09.784,-00.090,-00.028
-09.780,-00.093,-00.039
-09.792,-00.079,-00.010
-09.781,-00.076,+00.000
-09.783,-00.083,+00.006
-09.802,-00.080,-00.025
-09.782,-00.098,-00.022
-09.782,-00.070,-00.003
-09.787,-00.069,-00.007
-09.784,-00.089,-00.021
-09.778,-00.092,-00.019
-09.775,-00.089,-00.022
-09.767,-00.083,-00.049
-09.789,-00.078,-00.018
-09.771,-00.078,-00.022
-09.782,-00.093,-00.013
-09.774,-00.077,+00.004
-09.793,-00.081,+00.006
-09.789,-00.111,-00.032
-09.791,-00.086,-00.037
-09.802,-00.085,-00.023
-09.792,-00.109,-00.037
-09.781,-00.066,-00.015
-09.771,-00.089,-00.024
-09.783,-00.077,-00.007
-09.777,-00.051,-00.047
-09.785,-00.066,-00.034
-09.786,-00.074,-00.021
-09.779,-00.071,-00.034
-09.772,-00.067,-00.013
-09.780,-00.089,-00.034
-09.784,-00.047,-00.040
-09.783,-00.089,-00.031
-09.775,-00.095,-00.069
-09.774,-00.070,-00.013
-09.778,-00.090,-00.022
-09.772,-00.085,-00.019
-09.763,-00.077,-00.009
-09.789,-00.072,+00.001
-09.758,-00.086,-00.028
-09.783,-00.077,-00.034
-09.789,-00.067,-00.055
-09.803,-00.094,-00.042
-09.777,-00.096,-00.043
-09.763,-00.074,-00.041
-09.774,-00.065,-00.033
-09.778,-00.080,-00.022
-09.779,-00.092,-00.028
-09.798,-00.097,-00.049
-09.783,-00.090,-00.008
-09.776,-00.063,-00.048
-09.793,-00.078,-00.019
-09.817,-00.097,-00.042
-09.777,-00.088,-00.023
-09.778,-00.057,-00.002
-09.788,-00.088,-00.049
-09.774,-00.074,-00.039
-09.766,-00.083,-00.029
-09.777,-00.068,-00.051
-09.776,-00.067,-00.027
-09.804,-00.082,-00.013
-09.787,-00.081,+00.015
-09.782,-00.062,-00.020
-09.788,-00.079,-00.025
-09.786,-00.081,+00.003
-09.789,-00.084,+00.005
-09.783,-00.092,+00.005
-09.775,-00.056,-00.024
-09.785,-00.067,-00.013
-09.796,-00.083,-00.025
-09.767,-00.095,-00.019
-09.786,-00.064,-00.029
-09.802,-00.078,-00.025
-09.781,-00.085,-00.048
-09.764,-00.072,-00.035
-09.764,-00.093,+00.006
-09.793,-00.067,-00.020
-09.798,-00.085,-00.028
-09.774,-00.077,-00.017
-09.799,-00.079,-00.038
-09.777,-00.102,-00.003
-09.769,-00.067,-00.046
-09.789,-00.068,-00.001
-09.787,-00.086,-00.049
-09.787,-00.087,-00.017
-09.798,-00.096,+00.001
-09.787,-00.093,-00.001
-09.789,-00.089,-00.027
-09.785,-00.054,-00.017
-09.772,-00.068,-00.014
-09.794,-00.084,-00.031
-09.761,-00.060,-00.035
-09.756,-00.098,-00.037
-09.790,-00.084,-00.048
-09.760,-00.057,+00.005
-09.769,-00.083,-00.032
-09.769,-00.099,-00.024
-09.767,-00.094,-00.032
-09.775,-00.080,-00.035
-09.784,-00.058,-00.050
-09.769,-00.054,-00.027
-09.785,-00.058,-00.038
-09.801,-00.075,-00.050
-09.784,-00.076,-00.023
-09.768,-00.077,-00.065
-09.773,-00.074,-00.030
-09.761,-00.061,-00.005
-09.767,-00.081,-00.014
-09.777,-00.079,-00.045
-09.763,-00.069,-00.006
-09.811,-00.088,-00.040
-09.767,-00.082,-00.021
-09.774,-00.106,-00.019
-09.783,-00.088,-00.012
-09.786,-00.097,-00.012
-09.793,-00.097,-00.029
-09.761,-00.079,-00.026
-09.764,-00.082,-00.033
-09.780,-00.088,-00.012
-09.782,-00.077,-00.029
-09.784,-00.073,-00.019
-09.764,-00.080,-00.039
-09.781,-00.091,-00.025
-09.760,-00.076,-00.029
-09.766,-00.074,+00.013
-09.782,-00.087,-00.039
-09.764,-00.083,+00.002
-09.777,-00.085,-00.017
-09.769,-00.071,-00.026
-09.805,-00.090,-00.006
-09.802,-00.093,-00.014
-09.793,-00.079,-00.013
-09.814,-00.076,-00.032
-09.782,-00.082,-00.013
-09.772,-00.094,-00.042
-09.784,-00.102,-00.038
-09.768,-00.057,-00.002
-09.776,-00.086,-00.037
-09.786,-00.081,-00.026
-09.804,-00.085,-00.027
-09.789,-00.085,-00.026
-09.770,-00.087,-00.017
-09.786,-00.089,-00.001
-09.776,-00.094,-00.026
-09.774,-00.065,-00.045
-09.780,-00.074,-00.048
-09.779,-00.089,-00.007
-09.795,-00.076,-00.030
-09.796,-00.098,-00.020
-09.780,-00.080,-00.013
-09.810,-00.078,-00.043
-09.793,-00.092,-00.020
-09.775,-00.078,-00.021
-09.795,-00.065,-00.020
-09.798,-00.076,-00.024
-09.798,-00.089,-00.014
-09.774,-00.081,-00.033
-09.780,-00.101,-00.026
-09.787,-00.078,-00.005
-09.769,-00.075,-00.044
-09.828,-00.094,-00.023
-09.774,-00.082,-00.004
-09.790,-00.072,-00.030
-09.778,-00.091,+00.000
-09.750,-00.090,-00.040
-09.790,-00.073,-00.010
-09.800,-00.071,-00.026
-09.789,-00.083,-00.026
-09.775,-00.101,-00.002
-09.772,-00.085,-00.021
-09.774,-00.072,-00.028
-09.782,-00.052,-00.018
-09.786,-00.094,-00.051
-09.774,-00.090,-00.025
-09.797,-00.079,-00.059
-09.788,-00.089,-00.041
-09.776,-00.102,-00.044
-09.788,-00.087,-00.005
-09.758,-00.082,-00.009
-09.770,-00.067,-00.023
-09.761,-00.082,-00.032
-09.791,-00.087,-00.037
-09.805,-00.074,-00.054
-09.779,-00.070,-00.027
-09.782,-00.101,-00.070
-09.814,-00.092,+00.005
-09.770,-00.066,-00.019
-09.790,-00.083,-00.022
-09.792,-00.091,-00.006
-09.766,-00.069,-00.012
-09.768,-00.076,-00.007
-09.774,-00.088,-00.056
-09.801,-00.097,+00.009
-09.800,-00.085,-00.041
-09.781,-00.069,+00.002
-09.800,-00.090,-00.005
-09.776,-00.069,-00.033
-09.767,-00.072,-00.024
-09.772,-00.106,-00.027
-09.803,-00.085,-00.029
-09.775,-00.076,-00.027
-09.797,-00.100,-00.045
-09.795,-00.069,-00.034
-09.787,-00.092,-00.013
-09.776,-00.059,+00.006
-09.771,-00.085,-00.016
-09.777,-00.087,-00.005
-09.785,-00.062,-00.017
-09.778,-00.085,-00.031
-09.775,-00.098,-00.031
-09.785,-00.059,-00.047
-09.788,-00.070,-00.026
-09.793,-00.079,-00.020
-09.785,-00.075,-00.004
-09.784,-00.097,-00.018
-09.790,-00.091,-00.056
-09.761,-00.083,-00.054
-09.775,-00.071,-00.019
-09.804,-00.078,-00.001
-09.796,-00.081,-00.007
-09.795,-00.083,-00.005
-09.776,-00.075,-00.018
-09.782,-00.081,-00.039
-09.798,-00.075,+00.009
-09.770,-00.093,-00.015
-09.791,-00.082,-00.039
-09.777,-00.088,-00.021
-09.782,-00.093,-00.041
-09.779,-00.079,-00.002
-09.764,-00.064,-00.025
-09.794,-00.080,-00.002
-09.751,-00.062,-00.000
-09.792,-00.082,-00.007
-09.768,-00.062,-00.028
-09.795,-00.086,-00.046
-09.773,-00.082,-00.058
-09.782,-00.092,-00.010
-09.795,-00.076,-00.075
-09.788,-00.054,-00.012
-09.770,-00.070,-00.065
-09.766,-00.084,-00.014
-09.774,-00.071,-00.021
-09.771,-00.078,-00.038
-09.789,-00.088,-00.000
-09.788,-00.071,-00.015
-09.776,-00.079,-00.050
-09.785,-00.071,-00.026
-09.781,-00.079,-00.020
-09.780,-00.098,-00.018
-09.808,-00.076,+00.010
-09.795,-00.091,+00.012
-09.807,-00.085,-00.068
-09.782,-00.082,-00.056
-09.764,-00.074,-00.039
-09.782,-00.082,-00.024
-09.805,-00.080,+00.004
-09.776,-00.071,-00.012
-09.776,-00.092,-00.016
-09.776,-00.089,-00.027
-09.795,-00.059,-00.052
-09.771,-00.085,-00.030
-09.778,-00.102,-00.017
-09.793,-00.097,-00.027
-09.782,-00.073,-00.009
-09.769,-00.081,-00.034
-09.796,-00.089,-00.051
-09.807,-00.066,-00.005
-09.787,-00.067,-00.024
-09.780,-00.110,-00.008
-09.802,-00.072,-00.034
-09.783,-00.084,-00.047
-09.783,-00.090,-00.004
-09.789,-00.084,-00.014
-09.780,-00.078,-00.026
-09.803,-00.072,-00.063
-09.781,-00.091,-00.019
-09.775,-00.068,-00.008
-09.766,-00.082,+00.011
-09.759,-00.072,-00.016
-09.772,-00.068,-00.059
-09.766,-00.070,-00.042
-09.790,-00.075,-00.043
-09.783,-00.066,-00.031
-09.796,-00.088,-00.009
-09.767,-00.073,-00.037
-09.797,-00.097,-00.006
-09.784,-00.082,-00.030
-09.780,-00.039,-00.040
-09.782,-00.056,-00.033
-09.782,-00.097,-00.019
-09.772,-00.084,-00.037
-09.781,-00.068,-00.035
-09.794,-00.089,-00.018
-09.775,-00.085,-00.008
-09.783,-00.086,-00.048
-09.779,-00.059,-00.037
-09.776,-00.082,-00.019
-09.799,-00.090,-00.025
-09.773,-00.062,-00.030
-09.791,-00.081,-00.036
-09.779,-00.060,-00.016
-09.764,-00.085,-00.017
-09.802,-00.087,+00.013
-09.779,-00.090,-00.021
-09.801,-00.084,-00.031
-09.785,-00.092,-00.026
-09.775,-00.110,-00.045
-09.761,-00.083,-00.062
-09.781,-00.091,-00.037
-09.767,-00.089,-00.011
-09.778,-00.064,-00.034
-09.792,-00.071,+00.005
-09.785,-00.067,-00.024
-09.801,-00.061,-00.042
-09.781,-00.100,-00.049
-09.759,-00.055,-00.019
-09.779,-00.069,-00.043
-09.791,-00.060,-00.002
-09.802,-00.087,-00.019
-09.783,-00.072,-00.006
-09.790,-00.068,-00.058
-09.772,-00.102,-00.020
-09.765,-00.099,-00.035
-09.781,-00.087,-00.029
-09.793,-00.091,-00.023
-09.775,-00.115,-00.024
-09.790,-00.089,-00.013
-09.781,-00.066,-00.016
-09.763,-00.096,-00.025
-09.791,-00.069,-00.025
-09.789,-00.069,-00.057
-09.793,-00.071,+00.013
-09.803,-00.076,-00.027
-09.786,-00.075,-00.026
-09.782,-00.088,-00.040
-09.789,-00.078,-00.040
-09.786,-00.091,-00.013
-09.780,-00.077,-00.024
-09.781,-00.066,-00.037
-09.804,-00.126,+00.005
-09.790,-00.084,-00.003
-09.772,-00.090,-00.007
-09.766,-00.081,-00.018
-09.798,-00.077,-00.017
-09.785,-00.069,-00.044
-09.802,-00.068,-00.041
-09.753,-00.098,-00.042
-09.807,-00.085,-00.056
-09.796,-00.091,-00.054
-09.786,-00.097,+00.007
-09.765,-00.061,-00.031
-09.788,-00.085,-00.003
-09.780,-00.058,-00.012
-09.798,-00.055,-00.045
-09.803,-00.083,-00.009
-09.790,-00.097,+00.011
-09.793,-00.081,-00.023
-09.776,-00.087,-00.027
-09.795,-00.070,+00.008
-09.775,-00.088,-00.044
-09.791,-00.102,-00.032
-09.769,-00.092,-00.032
-09.767,-00.111,-00.020
-09.782,-00.082,-00.045
-09.801,-00.076,-00.019
-09.791,-00.079,-00.028
-09.770,-00.076,-00.022
-09.800,-00.064,-00.022
-09.765,-00.069,-00.016
-09.777,-00.098,+00.043
-09.776,-00.082,-00.028
-09.812,-00.073,-00.049
-09.774,-00.082,-00.025
-09.780,-00.081,-00.028
-09.794,-00.067,-00.020
-09.782,-00.078,-00.056
-09.793,-00.084,-00.036
-09.790,-00.083,-00.033
-09.791,-00.093,-00.021
-09.781,-00.084,-00.029
-09.808,-00.064,-00.017
-09.770,-00.082,-00.010
-09.789,-00.088,-00.036
-09.757,-00.084,-00.036
-09.788,-00.070,-00.014
-09.782,-00.093,-00.056
-09.783,-00.085,-00.038
-09.783,-00.076,-00.009
-09.810,-00.088,-00.021
-09.792,-00.098,-00.003
-09.771,-00.075,-00.045
-09.777,-00.077,-00.013
-09.765,-00.078,-00.008
-09.803,-00.052,+00.001
-09.798,-00.087,-00.009
-09.767,-00.105,-00.044
-09.796,-00.089,+00.000
-09.788,-00.076,-00.026
-09.759,-00.080,-00.053
-09.795,-00.093,+00.006
-09.785,-00.082,-00.015
-09.790,-00.062,-00.029
-09.800,-00.101,-00.005
-09.754,-00.098,-00.040
-09.798,-00.103,-00.014
-09.777,-00.074,-00.004
-09.785,-00.072,-00.032
-09.786,-00.089,-00.035
-09.787,-00.103,-00.006
-09.787,-00.093,-00.045
-09.761,-00.089,+00.005
-09.786,-00.073,-00.027
-09.792,-00.073,-00.017
-09.795,-00.068,-00.023
-09.791,-00.080,-00.049
-09.797,-00.077,-00.003
-09.762,-00.089,-00.026
-09.807,-00.092,-00.027
-09.787,-00.068,-00.019
-09.797,-00.062,-00.055
-09.795,-00.066,-00.036
-09.781,-00.075,-00.044
-09.772,-00.063,-00.020
-09.787,-00.065,-00.013
-09.780,-00.069,-00.007
-09.788,-00.102,-00.024
-09.795,-00.086,-00.015
-09.765,-00.077,-00.024
-09.763,-00.096,-00.021
-09.783,-00.096,-00.032
-09.784,-00.078,-00.006
-09.766,-00.085,-00.018
-09.792,-00.068,-00.003
-09.769,-00.058,+00.005
-09.786,-00.072,-00.016
-09.785,-00.095,-00.024
-09.753,-00.066,-00.031
-09.781,-00.079,-00.027
-09.795,-00.075,+00.000
-09.788,-00.068,-00.063
-09.790,-00.085,-00.015
-09.779,-00.070,-00.048
-09.776,-00.083,-00.037
-09.753,-00.071,-00.008
-09.782,-00.071,-00.044
-09.780,-00.058,-00.011
-09.791,-00.077,-00.010
-09.813,-00.067,-00.044
-09.784,-00.088,-00.022
-09.788,-00.086,-00.015
-09.784,-00.060,-00.023
-09.795,-00.087,+00.002
-09.764,-00.055,-00.000
-09.784,-00.081,-00.019
-09.790,-00.072,-00.013
-09.768,-00.076,-00.006
-09.773,-00.097,-00.032
-09.778,-00.096,-00.015
-09.781,-00.089,-00.016
-09.775,-00.079,-00.000
-09.792,-00.070,-00.002
-09.772,-00.079,-00.034
-09.772,-00.059,-00.044
-09.802,-00.077,-00.011
-09.777,-00.081,-00.034
-09.766,-00.054,-00.015
-09.810,-00.077,-00.062
-09.788,-00.074,-00.032
-09.772,-00.092,-00.027
-09.792,-00.112,-00.009
-09.793,-00.089,-00.007
-09.781,-00.085,-00.032
-09.771,-00.066,-00.039
-09.778,-00.077,-00.014
-09.803,-00.084,-00.031
-09.777,-00.089,-00.002
-09.799,-00.055,-00.035
-09.796,-00.099,-00.030
-09.786,-00.078,-00.041
-09.787,-00.083,-00.052
-09.770,-00.069,-00.011
-09.786,-00.087,-00.005
-09.786,-00.087,-00.020
-09.770,-00.089,-00.016
-09.782,-00.067,-00.024
-09.786,-00.083,-00.052
-09.779,-00.088,-00.021
-09.797,-00.082,-00.003
-09.788,-00.068,-00.009
-09.792,-00.082,-00.034
-09.777,-00.079,+00.006
-09.774,-00.064,-00.021
-09.783,-00.092,-00.023
-09.781,-00.072,-00.038
-09.790,-00.098,+00.012
-09.773,-00.058,-00.011
-09.763,-00.086,+00.002
-09.772,-00.093,-00.012
-09.785,-00.089,-00.018
-09.773,-00.090,+00.000
-09.784,-00.078,-00.055
-09.797,-00.091,-00.044
-09.779,-00.077,-00.008
-09.791,-00.070,-00.024
-09.789,-00.064,-00.023
-09.776,-00.095,-00.009
-09.789,-00.091,-00.003
-09.779,-00.091,-00.038
-09.777,-00.065,-00.038
-09.797,-00.083,+00.036
-09.754,-00.078,-00.043
-09.767,-00.067,-00.032
-09.774,-00.073,-00.031
-09.777,-00.072,-00.023
-09.777,-00.073,-00.003
-09.794,-00.082,-00.021
-09.790,-00.091,-00.020
-09.800,-00.093,-00.037
-09.768,-00.088,-00.052
-09.798,-00.096,-00.010
-09.779,-00.081,-00.020
-09.772,-00.077,-00.028
-09.802,-00.085,-00.001
-09.788,-00.070,-00.027
-09.781,-00.064,-00.035
-09.780,-00.077,-00.046
-09.794,-00.090,+00.007
-09.778,-00.078,-00.030
-09.780,-00.070,-00.040
-09.799,-00.083,-00.048
-09.780,-00.075,-00.023
-09.766,-00.095,-00.016
-09.772,-00.070,-00.014
-09.780,-00.077,-00.016
-09.782,-00.084,-00.016
-09.778,-00.076,-00.044
-09.782,-00.102,-00.058
-09.777,-00.090,+00.007
-09.789,-00.082,-00.028
-09.774,-00.064,-00.003
-09.758,-00.082,-00.040
-09.766,-00.076,-00.021
-09.746,-00.088,-00.053
-09.791,-00.080,+00.005
-09.793,-00.082,-00.050
-09.760,-00.101,-00.014
-09.783,-00.074,-00.040
-09.775,-00.084,-00.021
-09.780,-00.086,-00.016
-09.770,-00.091,-00.041
-09.787,-00.090,-00.038
-09.790,-00.080,-00.022
-09.792,-00.071,-00.020
-09.797,-00.085,-00.004
-09.782,-00.076,+00.003
-09.769,-00.090,-00.018
-09.783,-00.102,-00.013
-09.798,-00.095,-00.018
-09.802,-00.079,+00.000
-09.770,-00.093,-00.010
-09.778,-00.090,+00.025
-09.808,-00.082,-00.028
-09.785,-00.070,-00.065
-09.782,-00.092,-00.049
-09.780,-00.079,-00.026
-09.801,-00.070,-00.074
-09.810,-00.071,-00.009
-09.784,-00.073,-00.006
-09.777,-00.077,-00.045
-09.773,-00.083,-00.019
-09.757,-00.068,-00.028
-09.785,-00.082,-00.047
-09.776,-00.076,-00.034
-09.771,-00.077,+00.009
-09.792,-00.071,-00.036
-09.795,-00.066,-00.019
-09.795,-00.072,+00.013
-09.806,-00.073,-00.024
-09.778,-00.061,-00.027
-09.771,-00.054,-00.050
-09.779,-00.074,-00.035
-09.778,-00.102,-00.027
-09.815,-00.087,-00.031
-09.798,-00.075,-00.016
-09.800,-00.071,-00.005
-09.793,-00.083,-00.040
-09.786,-00.083,-00.014
-09.767,-00.082,-00.029
-09.776,-00.062,-00.034
-09.785,-00.105,-00.028
-09.792,-00.087,-00.035
-09.804,-00.084,-00.020
-09.794,-00.084,-00.016
-09.770,-00.072,-00.055
-09.800,-00.076,+00.004
-09.776,-00.071,-00.023
-09.781,-00.100,-00.030
-09.774,-00.072,-00.031
-09.790,-00.084,-00.010
-09.794,-00.070,-00.048
-09.790,-00.089,-00.005
-09.779,-00.083,-00.017
-09.778,-00.068,-00.034
-09.782,-00.065,-00.008
-09.786,-00.067,-00.022
-09.783,-00.103,-00.036
-09.766,-00.084,-00.029
-09.786,-00.078,-00.038
-09.778,-00.073,-00.037
-09.802,-00.077,+00.007
-09.775,-00.085,-00.011
-09.782,-00.091,-00.017
-09.773,-00.070,-00.036
-09.771,-00.078,-00.017
-09.785,-00.075,-00.029
-09.768,-00.070,-00.035
-09.782,-00.067,-00.037
-09.761,-00.069,-00.011
-09.784,-00.078,-00.010
-09.757,-00.056,-00.021
-09.798,-00.082,-00.047
-09.798,-00.089,-00.039
-09.796,-00.074,-00.064
-09.794,-00.087,-00.026
-09.790,-00.086,-00.034
-09.764,-00.088,-00.026
-09.802,-00.081,-00.004
-09.774,-00.090,+00.001
-09.800,-00.075,-00.056
-09.795,-00.071,-00.010
-09.768,-00.085,-00.027
-09.789,-00.066,-00.034
-09.777,-00.072,-00.037
-09.787,-00.067,-00.024
-09.784,-00.073,-00.008
-09.770,-00.074,-00.037
-09.787,-00.065,+00.016
-09.774,-00.073,-00.001
-09.787,-00.077,-00.002
-09.773,-00.070,-00.034
-09.778,-00.080,+00.007
-09.774,-00.078,-00.026
-09.766,-00.074,-00.016
-09.794,-00.091,-00.068
-09.787,-00.084,-00.028
-09.772,-00.075,-00.001
-09.803,-00.063,-00.017
-09.774,-00.089,-00.037
-09.794,-00.078,+00.000
-09.789,-00.077,-00.006
-09.790,-00.073,-00.022
-09.781,-00.065,-00.041
-09.806,-00.076,-00.021
-09.775,-00.083,-00.030
-09.787,-00.086,-00.033
-09.794,-00.094,-00.008
-09.793,-00.104,-00.036
-09.775,-00.089,-00.038
-09.785,-00.080,+00.004
-09.785,-00.075,-00.010
-09.789,-00.092,-00.021
-09.791,-00.094,-00.014
-09.782,-00.081,-00.023
-09.771,-00.101,+00.008
-09.762,-00.079,-00.004
-09.775,-00.085,-00.002
-09.786,-00.082,-00.013
-09.779,-00.091,-00.058
-09.781,-00.051,-00.035
-09.778,-00.077,-00.031
-09.787,-00.077,-00.034
-09.791,-00.096,+00.020
-09.771,-00.088,-00.038
-09.811,-00.079,-00.034
-09.789,-00.076,+00.004
-09.804,-00.091,-00.035
-09.787,-00.087,-00.037
-09.773,-00.087,-00.005
-09.777,-00.089,-00.028
-09.773,-00.067,-00.023
-09.784,-00.066,-00.019
-09.787,-00.088,-00.034
-09.776,-00.070,+00.001
-09.771,-00.115,-00.030
-09.773,-00.064,-00.038
-09.773,-00.090,+00.005
-09.795,-00.102,-00.037
-09.797,-00.071,-00.030
-09.770,-00.072,-00.000
-09.787,-00.071,-00.010
-09.783,-00.090,-00.000
-09.767,-00.063,+00.004
-09.768,-00.069,-00.003
-09.793,-00.086,-00.018
-09.788,-00.072,-00.042
-09.792,-00.059,-00.008
-09.790,-00.096,-00.013
-09.817,-00.109,-00.012
-09.805,-00.066,+00.017
-09.789,-00.063,-00.029
-09.793,-00.076,-00.013
-09.769,-00.076,-00.027
-09.790,-00.078,-00.020
-09.789,-00.100,-00.030
-09.766,-00.060,-00.015
-09.791,-00.073,-00.004
-09.784,-00.078,-00.014
-09.774,-00.050,+00.009
-09.778,-00.074,-00.023
-09.773,-00.092,-00.022
-09.786,-00.094,-00.010
-09.786,-00.083,-00.005
-09.769,-00.093,-00.041
-09.785,-00.082,-00.015
-09.789,-00.084,-00.018
-09.772,-00.087,-00.035
-09.785,-00.103,-00.005
-09.793,-00.101,-00.032
-09.789,-00.080,-00.012
-09.778,-00.074,-00.020
-09.779,-00.072,-00.035
-09.814,-00.061,-00.008
-09.771,-00.082,-00.034
-09.789,-00.086,-00.037
-09.786,-00.073,-00.031
-09.767,-00.079,-00.062
-09.816,-00.076,-00.002
-09.769,-00.080,-00.025
-09.780,-00.092,-00.020
-09.787,-00.084,-00.035
-09.771,-00.073,-00.024
-09.788,-00.081,+00.023
-09.801,-00.080,-00.042
-09.798,-00.088,-00.021
-09.780,-00.090,-00.011
-09.778,-00.070,-00.055
-09.791,-00.075,-00.035
-09.768,-00.083,-00.019
-09.775,-00.104,-00.014
-09.788,-00.086,-00.042
-09.787,-00.073,-00.001
-09.776,-00.097,-00.047
-09.784,-00.096,-00.021
-09.787,-00.069,-00.029
-09.769,-00.099,-00.006
-09.776,-00.084,-00.033
-09.807,-00.067,+00.019
-09.789,-00.078,-00.029
-09.795,-00.053,-00.059
-09.802,-00.082,-00.031
-09.760,-00.084,-00.042
-09.785,-00.078,-00.011
-09.782,-00.088,-00.020
-09.799,-00.067,-00.018
-09.764,-00.078,-00.033
-09.790,-00.095,-00.016
-09.771,-00.077,-00.055
-09.780,-00.074,-00.032
-09.811,-00.096,-00.024
-09.787,-00.072,-00.058
-09.789,-00.058,-00.039
-09.778,-00.095,+00.004
-09.783,-00.094,-00.022
-09.809,-00.080,-00.014
-09.766,-00.089,-00.022
-09.782,-00.090,-00.047
-09.786,-00.114,-00.004
-09.780,-00.067,-00.023
-09.791,-00.086,-00.029
-09.777,-00.096,-00.040
-09.800,-00.054,-00.021
-09.786,-00.079,-00.001
-09.782,-00.099,-00.036
-09.793,-00.080,-00.015
-09.767,-00.069,+00.004
-09.799,-00.077,-00.011
-09.773,-00.071,-00.004
-09.789,-00.083,-00.021
-09.785,-00.079,-00.059
-09.809,-00.086,-00.016
-09.770,-00.096,-00.002
-09.784,-00.083,-00.022
-09.768,-00.081,-00.033
-09.804,-00.082,+00.008
-09.776,-00.084,-00.032
-09.798,-00.055,-00.038
-09.807,-00.063,+00.023
-09.778,-00.084,-00.023
-09.763,-00.062,+00.010
-09.796,-00.071,-00.012
-09.781,-00.088,-00.033
-09.792,-00.078,-00.022
-09.788,-00.050,-00.003
-09.776,-00.099,+00.008
-09.774,-00.069,-00.023
-09.795,-00.102,-00.006
-09.776,-00.069,-00.017
-09.775,-00.080,-00.025
-09.785,-00.096,-00.024
-09.787,-00.075,-00.016
-09.795,-00.092,-00.033
-09.795,-00.085,-00.031
-09.797,-00.066,-00.015
-09.801,-00.095,-00.024
-09.788,-00.097,-00.026
-09.795,-00.098,-00.027
-09.779,-00.088,-00.039
-09.766,-00.083,-00.009
-09.786,-00.076,-00.006
-09.780,-00.104,-00.028
-09.778,-00.095,+00.001
-09.771,-00.112,-00.024
-09.794,-00.090,-00.037
-09.790,-00.086,-00.001
-09.770,-00.069,-00.013
-09.793,-00.106,-00.029
-09.763,-00.075,-00.029
-09.767,-00.076,+00.012
-09.779,-00.105,-00.011
-09.782,-00.069,-00.047
-09.790,-00.091,-00.027
-09.785,-00.086,-00.013
-09.808,-00.077,-00.014
-09.787,-00.081,+00.010
-09.768,-00.088,-00.066
-09.788,-00.069,-00.015
-09.772,-00.054,-00.042
-09.793,-00.081,-00.042
-09.779,-00.079,+00.001
-09.783,-00.086,-00.046
-09.783,-00.110,-00.040
-09.771,-00.079,-00.030
-09.799,-00.081,-00.019
-09.780,-00.098,+00.011
-09.791,-00.087,-00.027
-09.808,-00.089,-00.019
-09.813,-00.063,-00.014
-09.797,-00.093,+00.009
-09.787,-00.089,+00.005
-09.778,-00.064,-00.030
-09.785,-00.060,-00.001
-09.781,-00.092,-00.006
-09.792,-00.068,-00.032
-09.779,-00.094,+00.003
-09.779,-00.077,+00.002
-09.789,-00.078,-00.030
-09.790,-00.080,-00.011
-09.776,-00.084,-00.015
-09.782,-00.100,-00.032
-09.758,-00.081,+00.004
-09.795,-00.075,-00.033
-09.777,-00.072,-00.067
-09.797,-00.091,-00.027
-09.786,-00.051,-00.038
-09.773,-00.120,-00.028
-09.787,-00.085,-00.008
-09.777,-00.097,-00.040
-09.792,-00.090,-00.037
-09.788,-00.086,+00.002
-09.786,-00.104,-00.021
-09.772,-00.078,-00.025
-09.782,-00.066,-00.044
-09.781,-00.095,-00.024
-09.794,-00.088,-00.008
-09.798,-00.066,-00.026
-09.770,-00.061,+00.003
-09.801,-00.076,-00.053
-09.795,-00.086,-00.044
-09.786,-00.070,-00.000
-09.781,-00.092,-00.050
-09.765,-00.082,+00.007
-09.799,-00.105,-00.036
-09.791,-00.092,-00.017
-09.800,-00.092,-00.025
-09.784,-00.057,-00.015
-09.788,-00.080,-00.057
-09.788,-00.076,+00.011
-09.776,-00.073,-00.017
-09.781,-00.094,-00.045
-09.787,-00.063,+00.011
-09.796,-00.072,-00.012
-09.781,-00.070,-00.014
-09.773,-00.056,-00.035
-09.767,-00.094,-00.037
-09.754,-00.088,-00.022
-09.778,-00.085,-00.014
-09.779,-00.073,-00.025
-09.784,-00.107,+00.010
-09.764,-00.095,-00.008
-09.754,-00.098,-00.019
-09.787,-00.064,-00.038
-09.774,-00.092,-00.020
-09.816,-00.101,-00.032
-09.804,-00.104,-00.034
-09.795,-00.082,-00.032
-09.773,-00.091,-00.006
-09.806,-00.064,-00.038
-09.776,-00.067,-00.030
-09.766,-00.077,-00.031
-09.803,-00.068,-00.026
-09.757,-00.085,-00.014
-09.769,-00.071,-00.025
-09.765,-00.091,-00.018
-09.780,-00.095,-00.021
-09.783,-00.079,-00.038
-09.779,-00.092,-00.057
-09.789,-00.082,-00.016
-09.792,-00.076,-00.013
-09.790,-00.083,-00.025
-09.781,-00.079,-00.046
-09.798,-00.093,+00.001
-09.793,-00.091,-00.032
-09.783,-00.077,+00.005
-09.781,-00.099,-00.029
-09.781,-00.070,-00.013
-09.786,-00.087,-00.013
-09.777,-00.076,-00.026
-09.771,-00.113,-00.073
-09.796,-00.090,-00.011
-09.788,-00.067,-00.034
-09.782,-00.110,-00.032
-09.781,-00.078,-00.035
-09.792,-00.082,-00.036
-09.783,-00.070,+00.015
-09.787,-00.085,-00.040
-09.798,-00.098,-00.052
-09.790,-00.102,-00.016
-09.797,-00.076,-00.009
-09.773,-00.080,-00.045
-09.780,-00.067,-00.014
-09.776,-00.067,-00.035
-09.778,-00.067,-00.019
-09.771,-00.094,-00.014
-09.799,-00.077,-00.039
-09.794,-00.079,-00.054
-09.772,-00.073,-00.030
-09.782,-00.068,+00.013
-09.784,-00.080,-00.029
-09.789,-00.097,-00.020
-09.793,-00.078,-00.013
-09.782,-00.087,-00.046
-09.785,-00.068,-00.047
-09.777,-00.091,-00.038
-09.773,-00.092,-00.012
-09.801,-00.071,-00.012
-09.767,-00.088,-00.044
-09.777,-00.096,-00.022
-09.776,-00.093,-00.031
-09.778,-00.066,-00.045
-09.769,-00.096,-00.020
-09.785,-00.079,-00.010
-09.777,-00.093,-00.039
-09.779,-00.075,-00.030
-09.772,-00.067,-00.013
-09.770,-00.075,-00.020
-09.788,-00.092,-00.018
-09.762,-00.087,-00.032
-09.780,-00.093,-00.011
-09.787,-00.086,+00.009
-09.770,-00.074,-00.040
-09.798,-00.084,-00.004
-09.782,-00.087,-00.020
-09.793,-00.069,-00.063
-09.772,-00.064,-00.040
-09.755,-00.090,-00.044
-09.758,-00.078,-00.005
-09.753,-00.072,-00.030
-09.801,-00.086,-00.022
-09.801,-00.072,-00.016
-09.764,-00.074,-00.034
-09.774,-00.087,-00.040
-09.779,-00.055,-00.002
-09.786,-00.086,-00.021
-09.780,-00.064,-00.071
-09.766,-00.090,-00.043
-09.787,-00.091,-00.035
-09.796,-00.091,-00.032
-09.789,-00.094,-00.017
-09.771,-00.072,-00.037
-09.781,-00.063,-00.028
-09.787,-00.102,+00.006
-09.793,-00.105,-00.007
-09.795,-00.071,-00.044
-09.785,-00.067,-00.031
-09.787,-00.060,-00.037
-09.804,-00.066,-00.037
-09.799,-00.060,+00.008
-09.784,-00.074,-00.023
-09.788,-00.090,-00.035
-09.781,-00.065,-00.026
-09.794,-00.076,-00.023
-09.758,-00.091,+00.016
-09.779,-00.072,+00.004
-09.814,-00.056,-00.025
-09.790,-00.094,-00.030
-09.781,-00.071,-00.024
-09.788,-00.082,+00.009
-09.772,-00.060,-00.031
-09.783,-00.063,-00.003
-09.791,-00.098,-00.029
-09.801,-00.093,+00.006
-09.776,-00.063,-00.020
-09.765,-00.091,-00.014
-09.788,-00.079,-00.002
-09.781,-00.085,-00.016
-09.777,-00.065,-00.072
-09.791,-00.094,-00.039
-09.780,-00.069,-00.026
-09.781,-00.117,-00.027
-09.787,-00.071,-00.035
-09.791,-00.087,-00.023
-09.757,-00.071,-00.015
-09.778,-00.091,-00.028
-09.795,-00.099,+00.006
-09.770,-00.091,+00.003
-09.785,-00.089,-00.036
-09.776,-00.091,-00.011
-09.768,-00.094,-00.032
-09.796,-00.077,-00.033
-09.798,-00.076,-00.022
-09.768,-00.098,-00.019
-09.776,-00.102,-00.036
-09.775,-00.092,-00.002
-09.789,-00.078,-00.014
-09.792,-00.091,-00.014
-09.772,-00.073,-00.010
-09.777,-00.077,-00.036
-09.793,-00.088,-00.022
-09.760,-00.070,+00.018
-09.788,-00.077,+00.006
-09.772,-00.083,-00.035
-09.760,-00.078,-00.030
-09.801,-00.098,-00.025
-09.777,-00.067,-00.018
-09.791,-00.077,-00.012
-09.773,-00.072,-00.037
-09.787,-00.076,-00.078
-09.799,-00.082,-00.014
-09.777,-00.068,-00.044
-09.768,-00.068,-00.053
-09.795,-00.072,-00.026
-09.786,-00.052,-00.036
-09.766,-00.089,-00.015
-09.766,-00.105,-00.032
-09.794,-00.083,-00.010
-09.811,-00.068,-00.027
-09.764,-00.086,+00.002
-09.793,-00.076,-00.027
-09.784,-00.083,-00.022
-09.771,-00.085,-00.033
-09.795,-00.069,+00.002
-09.769,-00.079,+00.015
-09.766,-00.075,-00.034
-09.774,-00.083,+00.004
-09.825,-00.072,-00.006
-09.805,-00.090,-00.037
-09.792,-00.094,-00.017
-09.775,-00.071,-00.022
-09.779,-00.081,-00.007
-09.787,-00.077,-00.004
-09.792,-00.084,-00.027
-09.772,-00.076,-00.014
-09.790,-00.085,-00.031
-09.766,-00.095,-00.000
-09.757,-00.097,-00.011
-09.799,-00.063,-00.023
-09.776,-00.064,-00.040
-09.800,-00.084,-00.037
-09.782,-00.057,-00.002
-09.783,-00.099,-00.034
-09.797,-00.110,-00.051
-09.783,-00.078,-00.020
-09.792,-00.093,-00.038
-09.786,-00.073,+00.002
-09.776,-00.096,-00.029
-09.780,-00.093,-00.019
-09.778,-00.084,-00.032
-09.801,-00.075,-00.011
-09.784,-00.067,-00.021
-09.794,-00.062,+00.012
-09.785,-00.067,-00.001
-09.811,-00.066,-00.031
-09.778,-00.063,-00.053
-09.770,-00.081,-00.036
-09.785,-00.084,-00.026
-09.797,-00.069,-00.005
-09.766,-00.077,-00.012
-09.794,-00.091,-00.006
-09.789,-00.089,-00.033
-09.789,-00.063,-00.039
-09.783,-00.052,-00.009
-09.775,-00.078,-00.014
-09.778,-00.083,-00.025
-09.767,-00.075,-00.042
-09.793,-00.075,-00.025
-09.804,-00.103,-00.005
-09.773,-00.063,-00.032
-09.802,-00.076,-00.021
-09.773,-00.074,-00.006
-09.782,-00.098,+00.001
-09.797,-00.074,-00.021
-09.774,-00.079,+00.003
-09.805,-00.085,-00.003
-09.785,-00.081,-00.025
-09.783,-00.084,-00.004
-09.778,-00.077,+00.002
-09.760,-00.093,-00.041
-09.787,-00.073,-00.062
-09.789,-00.071,-00.040
-09.792,-00.076,-00.033
-09.774,-00.078,-00.009
-09.794,-00.091,-00.018
-09.787,-00.059,-00.001
-09.790,-00.088,-00.026
-09.795,-00.086,+00.001
-09.765,-00.083,-00.041
-09.789,-00.094,-00.038
-09.781,-00.078,-00.041
-09.789,-00.068,-00.030
-09.777,-00.088,-00.019
-09.770,-00.092,-00.026
-09.812,-00.083,-00.021
-09.767,-00.056,-00.054
-09.779,-00.078,-00.019
-09.785,-00.092,-00.035
-09.772,-00.073,+00.001
-09.767,-00.056,+00.000
-09.801,-00.077,+00.010
-09.792,-00.070,-00.014
-09.790,-00.089,+00.000
-09.773,-00.081,-00.015
-09.789,-00.085,-00.033
-09.776,-00.072,-00.011
-09.771,-00.091,-00.028
-09.785,-00.079,-00.019
-09.772,-00.088,-00.027
-09.790,-00.064,-00.023
-09.787,-00.077,+00.017
-09.786,-00.079,-00.007
-09.788,-00.068,+00.006
-09.767,-00.079,-00.025
-09.760,-00.075,-00.065
-09.766,-00.094,+00.004
-09.786,-00.091,+00.004
-09.792,-00.086,-00.018
-09.753,-00.101,-00.041
-09.767,-00.066,+00.006
-09.787,-00.078,-00.006
-09.761,-00.061,-00.017
-09.767,-00.075,-00.008
-09.789,-00.083,-00.038
-09.775,-00.093,-00.016
-09.781,-00.072,-00.035
-09.789,-00.056,-00.027
-09.788,-00.080,-00.043
-09.773,-00.095,-00.028
-09.772,-00.074,-00.040
-09.815,-00.087,-00.013
-09.796,-00.064,-00.030
-09.771,-00.081,+00.010
-09.784,-00.077,-00.041
-09.768,-00.081,-00.029
-09.792,-00.106,-00.016
-09.788,-00.077,-00.021
-09.774,-00.058,-00.031
-09.796,-00.083,-00.021
-09.806,-00.073,-00.007
-09.792,-00.088,-00.020
-09.789,-00.065,-00.022
-09.785,-00.082,-00.010
-09.797,-00.069,-00.001
-09.767,-00.072,-00.006
-09.781,-00.092,-00.002
-09.773,-00.096,-00.043
-09.781,-00.076,+00.002
-09.780,-00.082,-00.030
-09.785,-00.075,-00.003
-09.784,-00.089,-00.017
-09.786,-00.083,-00.048
-09.761,-00.069,-00.020
-09.785,-00.098,-00.028
-09.784,-00.075,-00.008
-09.769,-00.084,-00.038
-09.778,-00.096,-00.025
-09.782,-00.073,-00.034
-09.781,-00.084,-00.010
-09.796,-00.066,-00.023
-09.788,-00.106,-00.014
-09.785,-00.096,-00.020
-09.784,-00.063,-00.033
-09.782,-00.066,-00.034
-09.778,-00.086,-00.031
-09.769,-00.089,-00.020
-09.777,-00.090,-00.023
-09.769,-00.075,-00.043
-09.785,-00.073,-00.037
-09.762,-00.090,-00.026
-09.786,-00.078,-00.025
-09.770,-00.076,+00.007
-09.767,-00.098,+00.006
-09.795,-00.082,-00.014
-09.760,-00.094,-00.004
-09.781,-00.061,-00.025
-09.773,-00.087,-00.001
-09.798,-00.118,-00.027
-09.789,-00.074,-00.017
-09.777,-00.071,-00.027
-09.777,-00.077,-00.029
-09.793,-00.091,-00.043
-09.773,-00.078,-00.019
-09.784,-00.089,-00.009
-09.793,-00.076,-00.025
-09.776,-00.086,-00.033
-09.782,-00.077,-00.019
-09.789,-00.097,-00.013
-09.759,-00.085,-00.039
-09.781,-00.071,-00.023
-09.796,-00.082,-00.021
-09.783,-00.080,-00.023
-09.777,-00.081,-00.014
-09.790,-00.088,-00.015
-09.761,-00.095,-00.041
-09.777,-00.101,-00.001
-09.774,-00.102,-00.024
-09.778,-00.089,-00.017
-09.783,-00.065,-00.017
-09.764,-00.063,-00.011
-09.797,-00.093,-00.046
-09.781,-00.077,-00.028
-09.779,-00.081,-00.041
-09.773,-00.077,-00.017
-09.775,-00.081,-00.033
-09.786,-00.091,-00.036
-09.801,-00.099,-00.035
-09.780,-00.083,-00.016
-09.808,-00.075,-00.024
-09.788,-00.079,-00.018
-09.781,-00.101,-00.036
-09.771,-00.078,-00.016
-09.782,-00.085,-00.036
-09.806,-00.076,-00.031
-09.782,-00.078,-00.006
-09.769,-00.091,-00.042
-09.779,-00.082,-00.001
-09.798,-00.076,-00.025
-09.787,-00.086,-00.011
-09.788,-00.078,-00.022
-09.794,-00.113,-00.022
-09.784,-00.096,+00.007
-09.795,-00.070,-00.003
-09.777,-00.081,-00.019
-09.785,-00.062,-00.020
-09.779,-00.087,-00.022
-09.781,-00.066,+00.000
-09.815,-00.086,-00.038
-09.786,-00.084,-00.023
-09.774,-00.100,+00.013
-09.789,-00.082,+00.020
-09.780,-00.075,-00.030
-09.779,-00.079,-00.012
-09.776,-00.067,-00.010
-09.781,-00.082,-00.035
-09.783,-00.067,-00.018
-09.761,-00.087,-00.006
-09.779,-00.084,-00.042
-09.781,-00.079,-00.004
-09.779,-00.077,-00.012
-09.780,-00.069,-00.034
-09.766,-00.094,-00.033
-09.797,-00.089,-00.037
-09.786,-00.076,-00.017
-09.778,-00.069,-00.023
-09.770,-00.049,-00.028
-09.774,-00.088,-00.009
-09.773,-00.063,-00.031
-09.794,-00.078,-00.050
-09.768,-00.051,-00.014
-09.803,-00.084,-00.021
-09.777,-00.088,-00.026
-09.791,-00.076,-00.028
-09.792,-00.083,-00.022
-09.804,-00.083,-00.016
-09.796,-00.070,-00.060
-09.781,-00.057,-00.034
-09.803,-00.083,-00.019
-09.786,-00.083,-00.020
-09.788,-00.097,-00.056
-09.793,-00.081,-00.050
-09.795,-00.077,-00.031
-09.785,-00.087,-00.023
-09.764,-00.079,-00.004
-09.789,-00.084,+00.005
-09.734,-00.096,-00.030
-09.801,-00.056,-00.046
-09.796,-00.107,-00.004
-09.776,-00.088,-00.055
-09.785,-00.079,-00.022
-09.776,-00.069,-00.026
-09.787,-00.091,-00.008
-09.767,-00.085,-00.031
-09.785,-00.088,-00.008
-09.804,-00.084,-00.022
-09.775,-00.074,-00.004
-09.780,-00.073,-00.033
-09.784,-00.090,-00.018
-09.772,-00.062,-00.022
-09.824,-00.087,-00.024
-09.778,-00.121,-00.006
-09.792,-00.100,-00.004
-09.780,-00.065,-00.047
-09.781,-00.080,-00.035
-09.782,-00.082,-00.025
-09.765,-00.090,-00.021
-09.798,-00.090,-00.011
-09.794,-00.096,+00.009
-09.810,-00.064,-00.016
-09.815,-00.088,-00.048
-09.763,-00.079,-00.012
-09.782,-00.066,-00.024
-09.765,-00.071,-00.021
-09.763,-00.081,-00.016
-09.776,-00.090,-00.036
-09.784,-00.078,-00.048
-09.786,-00.086,-00.019
-09.793,-00.073,-00.063
-09.779,-00.069,-00.016
-09.773,-00.090,+00.009
-09.797,-00.063,-00.036
-09.779,-00.098,-00.041
-09.803,-00.100,-00.021
-09.772,-00.081,-00.045
-09.792,-00.079,-00.039
-09.766,-00.091,-00.010
-09.789,-00.101,-00.012
-09.795,-00.057,-00.020
-09.772,-00.081,-00.022
-09.774,-00.075,-00.031
-09.780,-00.065,-00.014
-09.775,-00.088,-00.027
-09.781,-00.078,-00.003
-09.772,-00.078,+00.018
-09.791,-00.071,-00.015
-09.775,-00.065,-00.047
-09.763,-00.075,-00.022
-09.774,-00.077,-00.014
-09.744,-00.085,-00.007
-09.802,-00.079,+00.012
-09.810,-00.073,+00.002
-09.764,-00.094,-00.040
-09.770,-00.084,-00.024
-09.781,-00.095,-00.033
-09.771,-00.080,-00.028
-09.784,-00.084,+00.003
-09.780,-00.089,-00.009
-09.767,-00.095,-00.026
-09.780,-00.077,-00.036
-09.784,-00.087,-00.025
-09.789,-00.089,-00.017
-09.786,-00.080,-00.024
-09.774,-00.077,-00.000
-09.779,-00.074,-00.022
-09.782,-00.088,-00.009
-09.764,-00.077,-00.032
-09.783,-00.080,-00.010
-09.785,-00.088,-00.045
-09.769,-00.078,-00.028
-09.793,-00.077,-00.043
-09.772,-00.087,+00.001
-09.778,-00.086,+00.001
-09.798,-00.070,-00.025
-09.805,-00.092,+00.001
-09.796,-00.068,-00.024
-09.789,-00.074,-00.005
-09.779,-00.084,-00.021
-09.788,-00.101,-00.012
-09.796,-00.084,-00.012
-09.783,-00.076,-00.017
-09.781,-00.075,-00.037
-09.780,-00.090,-00.024
-09.792,-00.095,+00.018
-09.790,-00.083,-00.020
-09.786,-00.066,-00.031
-09.788,-00.077,-00.017
-09.777,-00.083,-00.020
-09.801,-00.110,-00.022
-09.779,-00.047,-00.004
-09.790,-00.082,-00.036
-09.785,-00.076,+00.003
-09.772,-00.074,-00.037
-09.789,-00.093,-00.033
-09.762,-00.083,-00.028
-09.790,-00.097,-00.015
-09.782,-00.082,-00.035
-09.780,-00.077,-00.028
-09.775,-00.067,-00.095
-09.784,-00.080,-00.019
-09.788,-00.073,-00.021
-09.784,-00.084,-00.032
-09.781,-00.050,+00.006
-09.807,-00.095,-00.049
-09.766,-00.092,-00.029
-09.797,-00.065,-00.009
-09.783,-00.077,-00.016
-09.788,-00.102,-00.004
-09.774,-00.087,-00.000
-09.767,-00.078,-00.044
-09.772,-00.096,-00.033
-09.772,-00.098,-00.037
-09.795,-00.063,-00.003
-09.784,-00.081,-00.044
-09.785,-00.084,-00.022
-09.785,-00.084,-00.016
-09.778,-00.056,-00.021
-09.771,-00.070,-00.024
-09.787,-00.100,-00.042
-09.794,-00.092,-00.029
-09.801,-00.066,-00.034
-09.805,-00.072,-00.033
-09.776,-00.083,-00.036
-09.769,-00.080,-00.048
-09.787,-00.081,-00.040
-09.775,-00.077,-00.047
-09.775,-00.068,-00.019
-09.784,-00.084,-00.010
-09.782,-00.090,+00.002
-09.781,-00.076,-00.022
-09.796,-00.076,-00.012
-09.804,-00.088,-00.034
-09.792,-00.077,-00.046
-09.794,-00.067,+00.014
-09.763,-00.092,-00.002
-09.781,-00.090,-00.015
-09.775,-00.081,-00.031
-09.777,-00.100,-00.022
-09.802,-00.075,-00.023
-09.782,-00.082,+00.035
-09.783,-00.088,-00.030
-09.781,-00.066,-00.031
-09.796,-00.065,-00.038
-09.804,-00.054,-00.037
-09.774,-00.098,-00.056
-09.782,-00.087,-00.010
-09.769,-00.068,-00.013
-09.791,-00.077,+00.007
-09.784,-00.060,-00.010
-09.776,-00.063,-00.040
-09.790,-00.096,-00.008
-09.794,-00.094,-00.050
-09.770,-00.080,+00.000
-09.801,-00.092,-00.012
-09.776,-00.056,-00.044
-09.796,-00.094,-00.030
-09.778,-00.065,-00.036
-09.787,-00.074,-00.008
-09.787,-00.082,-00.026
-09.761,-00.084,-00.013
-09.772,-00.085,-00.030
-09.791,-00.079,-00.025
-09.785,-00.067,-00.040
-09.784,-00.089,-00.026
-09.770,-00.087,-00.043
-09.773,-00.097,-00.010
-09.777,-00.076,-00.050
-09.782,-00.083,-00.016
-09.789,-00.086,-00.010
-09.779,-00.071,-00.009
-09.776,-00.098,-00.020
-09.785,-00.079,-00.025
-09.794,-00.103,-00.040
-09.785,-00.081,-00.033
-09.769,-00.087,-00.025
-09.764,-00.057,-00.030
-09.762,-00.090,-00.016
-09.760,-00.085,-00.006
-09.783,-00.073,-00.062
-09.801,-00.067,-00.001
-09.786,-00.083,-00.026
-09.786,-00.085,-00.018
-09.781,-00.071,-00.030
-09.792,-00.074,-00.015
-09.777,-00.053,-00.027
-09.787,-00.074,-00.037
-09.780,-00.103,-00.023
-09.782,-00.081,+00.003
-09.802,-00.078,-00.034
-09.762,-00.075,-00.022
-09.801,-00.079,+00.014
-09.780,-00.094,-00.021
-09.799,-00.065,-00.027
-09.768,-00.072,-00.025
-09.769,-00.064,-00.062
-09.775,-00.079,-00.013
-09.761,-00.106,-00.002
-09.785,-00.087,-00.043
-09.782,-00.085,-00.024
-09.790,-00.090,-00.008
-09.809,-00.096,-00.025
-09.785,-00.071,-00.022
-09.755,-00.085,-00.042
-09.780,-00.098,-00.001
-09.783,-00.088,-00.003
-09.799,-00.062,-00.018
-09.772,-00.059,-00.001
-09.803,-00.088,+00.011
-09.795,-00.081,-00.025
-09.787,-00.086,-00.012
-09.775,-00.097,-00.005
-09.789,-00.060,-00.004
-09.777,-00.080,-00.001
-09.802,-00.088,-00.021
-09.786,-00.093,-00.010
-09.780,-00.105,-00.025
-09.783,-00.090,-00.028
-09.798,-00.091,-00.022
-09.753,-00.077,-00.004
-09.765,-00.082,-00.022
-09.795,-00.101,-00.015
-09.778,-00.080,-00.015
-09.808,-00.102,-00.010
-09.762,-00.086,-00.042
-09.796,-00.100,-00.024
-09.773,-00.089,+00.001
-09.789,-00.060,+00.015
-09.785,-00.091,-00.016
-09.783,-00.109,-00.034
-09.772,-00.083,-00.019
-09.783,-00.091,-00.039
-09.791,-00.104,-00.018
-09.788,-00.071,-00.041
-09.770,-00.073,-00.055
-09.794,-00.085,-00.013
-09.808,-00.080,-00.019
-09.797,-00.094,-00.026
-09.792,-00.095,-00.010
-09.785,-00.086,-00.055
-09.792,-00.082,-00.030
-09.788,-00.082,-00.020
-09.790,-00.094,-00.018
-09.781,-00.078,+00.001
-09.775,-00.091,-00.018
-09.766,-00.086,-00.035
-09.806,-00.070,-00.047
-09.780,-00.074,-00.047
-09.776,-00.076,-00.046
-09.773,-00.077,-00.026
-09.770,-00.075,-00.040
-09.783,-00.080,-00.043
-09.768,-00.089,-00.015
-09.763,-00.068,-00.041
-09.765,-00.094,-00.055
-09.788,-00.099,-00.048
-09.785,-00.102,-00.021
-09.770,-00.075,-00.044
-09.783,-00.076,-00.018
-09.764,-00.072,-00.026
-09.795,-00.084,-00.018
-09.796,-00.063,+00.004
-09.782,-00.084,-00.030
-09.795,-00.079,-00.031
-09.778,-00.089,-00.034
-09.802,-00.068,-00.016
-09.799,-00.101,-00.029
-09.790,-00.108,-00.028
-09.793,-00.077,+00.001
-09.771,-00.091,-00.042
-09.797,-00.083,-00.019
-09.786,-00.071,-00.051
-09.771,-00.083,-00.028
-09.796,-00.079,-00.033
-09.781,-00.088,-00.007
-09.773,-00.064,-00.016
-09.787,-00.078,-00.019
-09.773,-00.093,-00.050
-09.777,-00.097,-00.041
-09.795,-00.064,-00.027
-09.784,-00.075,-00.029
-09.782,-00.082,-00.028
-09.788,-00.097,-00.018
-09.809,-00.070,-00.016
-09.794,-00.070,-00.050
-09.782,-00.070,-00.044
-09.792,-00.084,-00.008
-09.773,-00.067,-00.021
-09.799,-00.077,-00.013
-09.789,-00.090,-00.022
-09.780,-00.085,-00.037
-09.776,-00.100,-00.004
-09.767,-00.072,+00.002
-09.777,-00.093,-00.022
-09.781,-00.083,-00.013
-09.784,-00.083,-00.011
-09.796,-00.061,-00.013
-09.780,-00.075,-00.002
-09.775,-00.094,-00.031
-09.777,-00.080,-00.034
-09.778,-00.086,-00.015
-09.763,-00.099,-00.022
-09.783,-00.100,-00.003
-09.776,-00.081,-00.027
-09.803,-00.091,-00.027
-09.776,-00.084,-00.027
-09.795,-00.075,-00.031
-09.777,-00.079,+00.005
-09.778,-00.083,-00.003
-09.789,-00.071,+00.002
-09.776,-00.081,-00.052
-09.796,-00.086,-00.023
-09.778,-00.087,-00.020
-09.780,-00.103,-00.013
-09.770,-00.081,-00.033
-09.774,-00.091,-00.044
-09.790,-00.089,-00.012
-09.803,-00.078,-00.019
-09.803,-00.085,-00.027
-09.783,-00.072,-00.024
-09.773,-00.069,-00.044
-09.805,-00.059,+00.009
-09.776,-00.079,-00.016
-09.796,-00.093,-00.053
-09.789,-00.082,+00.006
-09.775,-00.070,-00.052
-09.815,-00.066,+00.019
-09.779,-00.076,-00.023
-09.802,-00.060,-00.009
-09.799,-00.079,-00.022
-09.783,-00.106,-00.052
-09.784,-00.072,-00.028
-09.794,-00.084,-00.010
-09.782,-00.073,-00.027
-09.789,-00.080,+00.001
-09.783,-00.090,-00.015
-09.815,-00.070,-00.005
-09.769,-00.087,-00.016
-09.803,-00.091,-00.003
-09.783,-00.083,-00.036
-09.787,-00.099,-00.025
-09.799,-00.091,-00.038
-09.787,-00.095,-00.017
-09.785,-00.060,-00.030
-09.784,-00.058,-00.007
-09.788,-00.079,-00.007
-09.787,-00.091,-00.035
-09.796,-00.083,-00.049
-09.787,-00.087,-00.027
-09.776,-00.083,-00.024
-09.794,-00.088,+00.015
-09.800,-00.081,-00.031
-09.791,-00.067,-00.026
-09.802,-00.083,-00.015
-09.782,-00.086,+00.012
-09.779,-00.099,-00.017
-09.756,-00.069,-00.015
-09.782,-00.091,-00.009
-09.796,-00.068,-00.022
-09.784,-00.084,-00.024
-09.795,-00.112,-00.028
-09.801,-00.063,-00.031
-09.786,-00.094,-00.047
-09.798,-00.082,-00.010
-09.771,-00.066,-00.012
-09.779,-00.073,-00.005
-09.805,-00.078,-00.017
-09.786,-00.072,-00.030
-09.796,-00.080,-00.023
-09.778,-00.093,-00.039
-09.778,-00.063,-00.011
-09.784,-00.091,+00.013
-09.777,-00.079,-00.029
-09.780,-00.062,-00.009
-09.773,-00.096,-00.010
-09.770,-00.075,-00.008
-09.776,-00.087,-00.010
-09.761,-00.076,-00.020
-09.777,-00.050,-00.053
-09.764,-00.068,-00.003
-09.779,-00.076,+00.019
-09.771,-00.090,+00.004
-09.772,-00.073,-00.015
-09.775,-00.104,-00.035
-09.766,-00.100,+00.014
-09.808,-00.102,-00.043
-09.776,-00.070,+00.004
-09.801,-00.088,-00.025
-09.799,-00.071,-00.018
-09.778,-00.081,-00.042
-09.791,-00.074,-00.014
-09.796,-00.076,-00.024
-09.784,-00.090,-00.031
-09.774,-00.069,-00.015
-09.780,-00.075,-00.007
-09.799,-00.066,-00.016
-09.794,-00.082,-00.033
-09.797,-00.093,-00.003
-09.777,-00.091,-00.032
-09.765,-00.081,-00.029
-09.784,-00.079,-00.040
-09.790,-00.071,-00.023
-09.783,-00.084,-00.025
-09.791,-00.099,-00.013
-09.787,-00.078,-00.016
-09.773,-00.097,-00.039
-09.775,-00.106,-00.041
-09.766,-00.087,+00.010
-09.785,-00.087,+00.010
-09.796,-00.061,-00.028
-09.785,-00.089,-00.029
-09.790,-00.072,-00.031
-09.781,-00.087,-00.015
-09.779,-00.098,-00.031
-09.817,-00.100,-00.050
-09.788,-00.073,-00.003
-09.799,-00.098,+00.017
-09.771,-00.091,-00.024
-09.788,-00.086,-00.007
-09.773,-00.070,-00.014
-09.794,-00.080,-00.041
-09.795,-00.087,-00.037
-09.796,-00.081,-00.004
-09.789,-00.092,-00.022
-09.770,-00.080,-00.028
-09.784,-00.045,-00.017
-09.785,-00.086,-00.011
-09.799,-00.082,+00.009
-09.771,-00.083,-00.005
-09.795,-00.083,-00.025
-09.776,-00.083,-00.015
-09.802,-00.085,-00.027
-09.791,-00.090,-00.012
-09.772,-00.059,-00.018
-09.791,-00.067,-00.025
-09.790,-00.093,-00.036
-09.768,-00.066,-00.014
-09.791,-00.076,-00.056
-09.793,-00.097,-00.016
-09.790,-00.097,-00.051
-09.795,-00.105,+00.012
-09.776,-00.063,-00.005
-09.783,-00.063,-00.031
-09.787,-00.078,-00.017
-09.771,-00.082,-00.044
-09.775,-00.064,-00.019
-09.778,-00.062,-00.021
-09.789,-00.074,-00.023
-09.761,-00.055,-00.026
-09.795,-00.081,-00.030
-09.821,-00.086,+00.021
-09.774,-00.075,-00.003
-09.796,-00.094,+00.009
-09.788,-00.096,-00.026
-09.766,-00.086,-00.005
-09.777,-00.062,-00.039
-09.774,-00.084,-00.031
-09.802,-00.071,-00.051
-09.763,-00.073,-00.050
-09.755,-00.074,-00.024
-09.782,-00.070,-00.046
-09.777,-00.081,-00.004
-09.779,-00.079,-00.033
-09.783,-00.063,-00.016
-09.759,-00.077,+00.001
-09.805,-00.090,-00.058
-09.773,-00.083,-00.030
-09.820,-00.085,-00.010
-09.791,-00.065,-00.035
-09.791,-00.072,-00.030
-09.802,-00.108,-00.028
-09.778,-00.100,-00.044
-09.785,-00.060,-00.046
-09.764,-00.079,-00.020
-09.774,-00.087,-00.028
-09.795,-00.081,-00.010
-09.774,-00.084,-00.027
-09.789,-00.095,-00.021
-09.783,-00.053,-00.024
-09.798,-00.076,-00.006
-09.784,-00.082,-00.019
-09.788,-00.076,+00.002
-09.764,-00.088,-00.041
-09.764,-00.084,-00.053
-09.787,-00.089,-00.029
-09.789,-00.097,-00.023
-09.772,-00.097,-00.006
-09.781,-00.093,-00.035
-09.784,-00.080,-00.012
-09.779,-00.085,+00.003
-09.778,-00.092,+00.007
-09.772,-00.063,-00.027
-09.776,-00.092,+00.029
-09.794,-00.069,-00.029
-09.772,-00.096,-00.054
-09.782,-00.074,-00.032
-09.772,-00.061,-00.013
-09.788,-00.075,-00.036
-09.780,-00.111,-00.042
-09.788,-00.071,+00.008
-09.798,-00.121,-00.037
-09.793,-00.088,-00.011
-09.771,-00.078,-00.021
-09.770,-00.081,-00.029
-09.762,-00.066,-00.013
-09.787,-00.095,-00.045
-09.776,-00.084,+00.011
-09.773,-00.088,-00.044
-09.773,-00.074,-00.044
-09.781,-00.086,-00.024
-09.770,-00.079,-00.036
-09.797,-00.064,-00.059
-09.774,-00.082,-00.023
-09.816,-00.088,-00.027
-09.780,-00.074,-00.038
-09.766,-00.067,+00.005
-09.812,-00.087,-00.030
-09.788,-00.089,-00.005
-09.790,-00.092,-00.034
-09.786,-00.087,-00.026
-09.775,-00.078,-00.016
-09.778,-00.062,-00.015
-09.791,-00.102,-00.047
-09.795,-00.063,-00.003
-09.768,-00.090,+00.008
-09.802,-00.105,-00.008
-09.765,-00.088,-00.015
-09.797,-00.066,-00.028
-09.802,-00.060,-00.030
-09.778,-00.049,-00.056
-09.785,-00.091,-00.038
-09.769,-00.091,-00.035
-09.811,-00.111,-00.017
-09.776,-00.086,+00.012
-09.788,-00.091,-00.036
-09.789,-00.076,-00.046
-09.796,-00.095,-00.016
-09.774,-00.078,-00.016
-09.769,-00.104,-00.024
-09.782,-00.082,-00.022
-09.797,-00.061,-00.012
-09.768,-00.082,-00.036
-09.764,-00.085,-00.020
-09.779,-00.088,-00.041
-09.775,-00.073,-00.010
-09.771,-00.072,-00.039
-09.783,-00.072,-00.027
-09.786,-00.079,-00.008
-09.786,-00.090,-00.018
-09.799,-00.082,-00.031
-09.805,-00.065,-00.047
-09.784,-00.057,-00.019
-09.791,-00.078,-00.028
-09.789,-00.081,-00.029
-09.795,-00.081,-00.044
-09.776,-00.080,-00.051
-09.774,-00.078,-00.036
-09.785,-00.067,-00.050
-09.778,-00.083,-00.014
-09.784,-00.082,-00.034
-09.783,-00.058,-00.040
-09.788,-00.082,-00.012
-09.776,-00.073,-00.011
-09.792,-00.076,-00.035
-09.790,-00.066,-00.031
-09.776,-00.077,-00.020
-09.776,-00.103,-00.052
-09.795,-00.099,-00.005
-09.795,-00.097,-00.009
-09.788,-00.074,+00.001
-09.791,-00.079,-00.015
-09.791,-00.082,-00.019
-09.781,-00.078,-00.026
-09.782,-00.069,-00.052
-09.777,-00.081,+00.004
-09.800,-00.097,-00.022
-09.763,-00.094,-00.039
-09.776,-00.086,-00.034
-09.790,-00.093,-00.021
-09.788,-00.066,-00.025
-09.780,-00.072,-00.049
-09.787,-00.086,-00.027
-09.789,-00.073,-00.032
-09.774,-00.093,-00.010
-09.793,-00.083,-00.039
-09.783,-00.083,+00.016
-09.788,-00.079,-00.044
-09.804,-00.073,-00.040
-09.794,-00.071,-00.003
-09.790,-00.076,-00.005
-09.791,-00.094,-00.024
-09.776,-00.080,-00.026
-09.792,-00.079,-00.021
-09.773,-00.069,-00.024
-09.778,-00.087,-00.026
-09.777,-00.101,-00.012
-09.801,-00.064,+00.015
-09.777,-00.093,-00.003
-09.785,-00.091,-00.023
-09.782,-00.082,-00.017
-09.786,-00.093,-00.019
-09.796,-00.100,-00.029
-09.800,-00.067,-00.035
-09.780,-00.079,-00.024
-09.771,-00.090,+00.009
-09.782,-00.079,-00.021
-09.789,-00.085,-00.020
-09.768,-00.072,-00.004
-09.780,-00.076,-00.015
-09.795,-00.094,-00.054
-09.774,-00.063,-00.047
-09.763,-00.075,-00.004
-09.797,-00.105,-00.045
-09.776,-00.077,-00.009
-09.794,-00.063,-00.022
-09.787,-00.076,-00.018
-09.785,-00.070,-00.005
-09.798,-00.106,-00.010
-09.801,-00.075,-00.003
-09.782,-00.089,-00.031
-09.774,-00.079,-00.040
-09.787,-00.084,-00.025
-09.808,-00.065,+00.000
-09.772,-00.078,-00.002
-09.798,-00.082,-00.009
-09.793,-00.083,+00.006
-09.788,-00.080,-00.038
-09.786,-00.110,-00.039
-09.768,-00.061,-00.037
-09.806,-00.093,-00.022
-09.794,-00.084,-00.015
-09.795,-00.064,-00.034
-09.780,-00.074,-00.005
-09.752,-00.078,-00.032
-09.782,-00.075,-00.005
-09.764,-00.078,-00.054
-09.800,-00.089,-00.013
-09.788,-00.096,-00.039
-09.764,-00.078,-00.023
-09.789,-00.091,-00.002
-09.778,-00.081,-00.032
-09.772,-00.075,-00.020
-09.794,-00.085,-00.020
-09.767,-00.077,-00.004
-09.782,-00.070,+00.016
-09.791,-00.102,-00.037
-09.773,-00.084,-00.014
-09.778,-00.079,-00.001
-09.775,-00.062,-00.018
-09.783,-00.090,-00.030
-09.788,-00.106,-00.050
-09.789,-00.075,-00.027
-09.787,-00.097,-00.017
-09.761,-00.060,+00.001
-09.775,-00.087,-00.046
-09.781,-00.059,-00.015
-09.787,-00.083,-00.018
-09.764,-00.085,-00.027
-09.764,-00.079,-00.001
-09.801,-00.084,-00.024
-09.790,-00.090,-00.040
-09.794,-00.072,-00.039
-09.772,-00.078,-00.022
-09.761,-00.071,-00.020
-09.770,-00.091,-00.031
-09.793,-00.091,-00.035
-09.786,-00.070,-00.001
-09.788,-00.084,-00.014
-09.779,-00.106,-00.024
-09.786,-00.074,+00.000
-09.758,-00.083,-00.022
-09.783,-00.072,+00.001
-09.779,-00.070,-00.026
-09.765,-00.086,-00.031
-09.786,-00.092,+00.019
-09.779,-00.081,-00.020
-09.776,-00.081,-00.012
-09.780,-00.070,-00.014
-09.765,-00.058,-00.031
-09.750,-00.080,-00.005
-09.779,-00.082,-00.037
-09.790,-00.071,-00.025
-09.781,-00.093,-00.015
-09.761,-00.078,-00.043
-09.796,-00.081,-00.024
-09.784,-00.103,-00.051
-09.782,-00.080,+00.003
-09.777,-00.065,+00.004
-09.784,-00.068,-00.017
-09.791,-00.090,-00.011
-09.783,-00.092,-00.004
-09.787,-00.094,-00.032
-09.778,-00.092,-00.010
-09.769,-00.052,-00.015
-09.796,-00.081,-00.000
-09.795,-00.080,-00.018
-09.779,-00.079,-00.001
-09.778,-00.080,+00.003
-09.785,-00.091,-00.048
-09.791,-00.089,-00.002
-09.802,-00.100,-00.010
-09.798,-00.080,-00.022
-09.797,-00.058,-00.024
-09.789,-00.074,-00.003
-09.794,-00.089,-00.039
-09.783,-00.081,-00.001
-09.779,-00.061,-00.071
-09.801,-00.083,-00.022
-09.798,-00.084,-00.018
-09.810,-00.066,-00.029
-09.784,-00.088,-00.008
-09.789,-00.072,-00.000
-09.767,-00.066,-00.020
-09.770,-00.081,-00.047
-09.772,-00.080,-00.010
-09.794,-00.082,-00.036
-09.762,-00.095,-00.027
-09.766,-00.082,-00.044
-09.777,-00.092,-00.024
-09.773,-00.085,-00.011
-09.791,-00.100,-00.029
-09.773,-00.087,-00.016
-09.770,-00.088,-00.061
-09.793,-00.075,-00.016
-09.800,-00.070,-00.025
-09.786,-00.074,-00.042
-09.766,-00.083,-00.027
-09.780,-00.097,-00.000
-09.783,-00.079,-00.020
-09.794,-00.081,-00.046
-09.776,-00.082,-00.038
-09.776,-00.097,-00.026
-09.791,-00.080,-00.030
-09.779,-00.069,-00.049
-09.780,-00.100,-00.022
-09.777,-00.091,-00.041
-09.778,-00.064,-00.054
-09.790,-00.094,-00.001
-09.790,-00.081,-00.035
-09.777,-00.097,-00.015
-09.784,-00.084,-00.030
-09.773,-00.084,-00.031
-09.796,-00.084,-00.047
-09.773,-00.100,-00.043
-09.779,-00.089,-00.004
-09.785,-00.088,-00.031
-09.774,-00.060,-00.002
-09.772,-00.077,-00.002
-09.796,-00.067,-00.038
-09.787,-00.085,-00.045
-09.761,-00.099,-00.031
-09.779,-00.074,-00.022
-09.794,-00.091,-00.014
-09.780,-00.099,-00.023
-09.793,-00.078,-00.025
-09.781,-00.067,-00.012
-09.789,-00.080,-00.055
-09.795,-00.085,-00.007
-09.781,-00.090,-00.027
-09.791,-00.088,-00.001
-09.785,-00.077,-00.041
-09.771,-00.081,+00.014
-09.782,-00.078,-00.043
-09.754,-00.053,-00.022
-09.770,-00.095,-00.052
-09.779,-00.084,-00.057
-09.789,-00.076,-00.022
-09.796,-00.088,-00.023
-09.797,-00.070,-00.021
-09.788,-00.089,-00.034
-09.779,-00.071,-00.051
-09.782,-00.096,+00.013
-09.765,-00.099,-00.026
-09.775,-00.057,-00.024
-09.768,-00.066,-00.004
-09.772,-00.068,+00.006
-09.778,-00.103,-00.023
-09.778,-00.108,-00.002
-09.775,-00.077,-00.009
-09.768,-00.084,-00.031
-09.782,-00.096,-00.006
-09.771,-00.068,-00.020
-09.784,-00.075,+00.018
-09.790,-00.083,-00.015
-09.783,-00.103,-00.014
-09.790,-00.071,-00.020
-09.772,-00.046,-00.050
-09.776,-00.081,-00.039
-09.758,-00.105,-00.033
-09.800,-00.087,-00.059
-09.778,-00.081,+00.008
-09.800,-00.073,-00.030
-09.776,-00.092,-00.029
-09.758,-00.069,-00.007
-09.771,-00.089,+00.003
-09.791,-00.089,-00.055
-09.778,-00.081,-00.043
-09.791,-00.068,-00.007
-09.765,-00.065,-00.041
-09.786,-00.083,-00.014
-09.816,-00.082,-00.007
-09.768,-00.092,-00.006
-09.803,-00.091,+00.002
-09.774,-00.103,-00.012
-09.773,-00.085,-00.044
-09.782,-00.085,-00.030
-09.765,-00.077,-00.028
-09.803,-00.087,-00.023
-09.784,-00.084,-00.028
-09.796,-00.085,-00.031
-09.788,-00.075,-00.015
-09.759,-00.105,-00.012
-09.773,-00.102,-00.023
-09.758,-00.075,-00.020
-09.785,-00.079,-00.002
-09.794,-00.076,-00.033
-09.787,-00.074,-00.044
-09.793,-00.081,-00.038
-09.778,-00.070,-00.036
-09.794,-00.075,-00.022
-09.772,-00.085,-00.018
-09.808,-00.059,-00.025
-09.788,-00.085,-00.024
-09.790,-00.084,-00.035
-09.798,-00.085,-00.030
-09.780,-00.086,-00.018
-09.762,-00.080,-00.014
-09.769,-00.080,+00.033
-09.788,-00.089,+00.012
-09.775,-00.105,-00.018
-09.789,-00.080,-00.015
-09.800,-00.095,-00.043
-09.785,-00.066,-00.026
-09.769,-00.086,-00.021
-09.789,-00.069,-00.032
-09.786,-00.073,-00.036
-09.775,-00.099,-00.039
-09.787,-00.062,-00.046
-09.786,-00.093,-00.007
-09.769,-00.092,+00.014
-09.769,-00.088,-00.067
-09.778,-00.078,-00.036
-09.790,-00.086,-00.007
-09.792,-00.059,-00.023
-09.798,-00.096,-00.039
-09.781,-00.074,-00.015
-09.770,-00.092,-00.020
-09.771,-00.079,-00.031
-09.773,-00.058,-00.030
-09.797,-00.078,-00.015
-09.781,-00.086,-00.043
-09.781,-00.113,-00.053
-09.766,-00.104,-00.028
-09.781,-00.097,+00.008
-09.781,-00.081,+00.001
-09.771,-00.082,-00.007
-09.796,-00.081,-00.026
-09.784,-00.061,-00.019
-09.798,-00.074,-00.020
-09.805,-00.070,-00.030
-09.769,-00.090,-00.019
-09.772,-00.078,-00.024
-09.774,-00.085,-00.018
-09.800,-00.085,+00.008
-09.782,-00.089,-00.032
-09.771,-00.063,-00.039
-09.764,-00.091,-00.024
-09.792,-00.076,-00.008
-09.766,-00.086,-00.033
-09.800,-00.061,-00.036
-09.770,-00.086,-00.006
-09.775,-00.085,-00.030
-09.791,-00.070,-00.016
-09.785,-00.082,-00.041
-09.790,-00.083,-00.050
-09.798,-00.078,-00.018
-09.781,-00.087,-00.017
-09.786,-00.074,-00.024
-09.804,-00.095,-00.019
-09.794,-00.080,-00.028
-09.772,-00.064,-00.010
-09.793,-00.076,-00.013
-09.777,-00.081,-00.004
-09.790,-00.096,-00.025
-09.777,-00.093,-00.013
-09.775,-00.084,-00.021
-09.780,-00.087,-00.048
-09.787,-00.081,-00.034
-09.781,-00.086,+00.003
-09.797,-00.099,+00.014
-09.790,-00.085,-00.037
-09.772,-00.059,-00.031
-09.800,-00.079,-00.051
-09.777,-00.076,+00.003
-09.798,-00.072,-00.012
-09.744,-00.080,-00.009
-09.801,-00.075,-00.035
-09.789,-00.100,-00.047
-09.789,-00.093,-00.017
-09.777,-00.092,-00.032
-09.791,-00.083,-00.024
-09.779,-00.081,-00.026
-09.785,-00.071,-00.010
-09.778,-00.079,-00.026
-09.796,-00.082,-00.006
-09.807,-00.060,-00.020
-09.783,-00.084,+00.000
-09.770,-00.090,-00.019
-09.779,-00.076,-00.056
-09.792,-00.089,-00.011
-09.764,-00.062,-00.035
-09.760,-00.097,-00.030
-09.786,-00.093,-00.011
-09.767,-00.069,-00.029
-09.773,-00.058,-00.006
-09.770,-00.082,-00.012
-09.810,-00.075,+00.012
-09.781,-00.076,-00.020
-09.782,-00.085,-00.028
-09.785,-00.099,-00.012
-09.779,-00.068,+00.027
-09.795,-00.075,-00.046
-09.786,-00.087,-00.012
-09.789,-00.086,-00.042
-09.786,-00.087,-00.015
-09.775,-00.069,-00.046
-09.786,-00.087,-00.032
-09.766,-00.086,-00.035
-09.802,-00.089,-00.026
-09.782,-00.099,-00.030
-09.780,-00.064,-00.032
-09.791,-00.087,+00.000
-09.768,-00.075,-00.033
-09.789,-00.093,-00.028
-09.775,-00.096,-00.021
-09.752,-00.061,+00.022
-09.787,-00.084,-00.006
-09.789,-00.060,-00.040
-09.772,-00.074,-00.028
-09.807,-00.070,-00.029
-09.783,-00.078,+00.004
-09.786,-00.106,-00.014
-09.798,-00.074,-00.019
-09.793,-00.098,-00.030
-09.789,-00.099,-00.006
-09.802,-00.095,-00.004
-09.772,-00.090,-00.004
-09.783,-00.119,-00.043
-09.785,-00.106,-00.013
-09.772,-00.069,-00.031
-09.769,-00.087,-00.016
-09.804,-00.074,-00.018
-09.785,-00.077,-00.042
-09.786,-00.087,-00.056
-09.770,-00.103,-00.037
-09.777,-00.071,+00.007
-09.776,-00.063,-00.002
-09.793,-00.111,-00.022
-09.780,-00.074,-00.021
-09.782,-00.066,-00.008
-09.764,-00.077,-00.030
-09.789,-00.093,-00.055
-09.783,-00.069,-00.013
-09.796,-00.066,-00.009
-09.772,-00.083,-00.016
-09.771,-00.080,-00.024
-09.800,-00.075,-00.029
-09.772,-00.097,-00.004
-09.777,-00.055,-00.008
-09.775,-00.082,-00.037
-09.797,-00.066,-00.022
-09.769,-00.092,-00.021
-09.763,-00.080,-00.016
-09.783,-00.074,+00.004
-09.776,-00.079,-00.019
-09.768,-00.067,-00.042
-09.781,-00.087,-00.022
-09.788,-00.081,-00.001
-09.784,-00.089,-00.012
-09.758,-00.082,-00.011
-09.790,-00.055,-00.034
-09.779,-00.074,+00.007
-09.761,-00.082,+00.001
-09.790,-00.110,-00.035
-09.783,-00.076,-00.035
-09.790,-00.082,-00.027
-09.776,-00.093,-00.033
-09.788,-00.104,-00.000
-09.792,-00.084,-00.005
-09.787,-00.082,-00.007
-09.780,-00.071,-00.003
-09.800,-00.087,-00.034
-09.784,-00.095,-00.029
-09.783,-00.089,+00.013
-09.785,-00.075,-00.021
-09.778,-00.066,-00.041
-09.768,-00.083,+00.005
-09.799,-00.095,-00.010
-09.786,-00.083,-00.034
-09.782,-00.076,-00.029
-09.771,-00.084,-00.022
-09.781,-00.106,-00.009
-09.779,-00.060,-00.036
-09.805,-00.090,-00.040
-09.771,-00.082,-00.011
-09.793,-00.097,-00.017
-09.794,-00.072,-00.066
-09.778,-00.065,-00.000
-09.791,-00.070,-00.033
-09.779,-00.081,-00.000
-09.779,-00.069,+00.014
-09.766,-00.073,-00.031
-09.785,-00.072,-00.018
-09.780,-00.076,-00.017
-09.765,-00.074,-00.007
-09.773,-00.089,+00.004
-09.778,-00.076,-00.029
-09.782,-00.071,-00.022
-09.799,-00.060,-00.009
-09.765,-00.083,-00.036
-09.762,-00.082,-00.038
-09.792,-00.074,-00.031
-09.791,-00.074,-00.037
-09.792,-00.088,-00.041
-09.807,-00.075,-00.034
-09.776,-00.063,-00.010
-09.779,-00.089,+00.020
-09.777,-00.078,-00.011
-09.806,-00.071,-00.021
-09.776,-00.077,-00.012
-09.767,-00.118,-00.047
-09.786,-00.087,+00.023
-09.790,-00.080,-00.027
-09.775,-00.059,-00.014
-09.784,-00.080,-00.022
-09.797,-00.081,-00.022
-09.781,-00.086,-00.060
-09.769,-00.078,-00.027
-09.792,-00.091,-00.023
-09.803,-00.082,-00.028
-09.785,-00.097,-00.004
-09.781,-00.079,-00.010
-09.771,-00.079,-00.027
-09.788,-00.089,-00.035
-09.789,-00.081,-00.005
-09.795,-00.099,-00.035
-09.777,-00.081,-00.031
-09.782,-00.084,-00.003
-09.748,-00.064,-00.046
-09.760,-00.084,-00.000
-09.779,-00.092,-00.039
-09.795,-00.073,+00.011
-09.797,-00.097,-00.009
-09.769,-00.112,-00.038
-09.776,-00.074,-00.032
-09.793,-00.087,-00.026
-09.767,-00.105,-00.049
-09.799,-00.088,-00.020
-09.769,-00.084,-00.026
-09.780,-00.097,-00.037
-09.769,-00.063,-00.021
-09.775,-00.079,+00.002
-09.767,-00.095,-00.053
-09.757,-00.082,-00.051
-09.766,-00.075,-00.010
-09.795,-00.079,+00.019
-09.794,-00.094,-00.031
-09.789,-00.072,-00.020
-09.788,-00.075,-00.031
-09.780,-00.064,-00.027
-09.769,-00.096,+00.003
-09.779,-00.081,-00.015
-09.775,-00.085,-00.028
-09.810,-00.077,-00.015
-09.785,-00.092,-00.043
-09.783,-00.090,+00.008
-09.785,-00.103,-00.041
-09.783,-00.072,-00.030
-09.778,-00.097,-00.052
-09.779,-00.074,-00.035
-09.766,-00.084,-00.038
-09.801,-00.065,-00.024
-09.787,-00.066,+00.005
-09.783,-00.081,+00.014
-09.770,-00.074,-00.030
-09.781,-00.093,-00.037
-09.775,-00.076,-00.011
-09.784,-00.097,-00.054
-09.798,-00.089,+00.021
-09.807,-00.082,-00.054
-09.782,-00.074,-00.027
-09.788,-00.061,-00.007
-09.781,-00.089,-00.008
-09.800,-00.086,-00.023
-09.773,-00.099,-00.004
-09.808,-00.061,-00.020
-09.794,-00.088,-00.017
-09.773,-00.086,-00.013
-09.796,-00.083,-00.007
-09.791,-00.075,+00.009
-09.783,-00.069,-00.015
-09.795,-00.083,-00.039
-09.778,-00.075,-00.034
-09.777,-00.111,-00.001
-09.784,-00.069,-00.017
-09.765,-00.091,-00.026
-09.799,-00.065,+00.018
-09.798,-00.082,-00.023
-09.787,-00.065,+00.013
-09.793,-00.109,-00.017
-09.783,-00.072,-00.035
-09.795,-00.069,-00.067
-09.777,-00.059,-00.027
-09.798,-00.074,-00.016
-09.789,-00.080,-00.021
-09.776,-00.088,-00.071
-09.772,-00.104,-00.011
-09.765,-00.076,-00.042
-09.802,-00.093,-00.032
-09.779,-00.100,-00.042
-09.776,-00.106,-00.048
-09.782,-00.077,-00.013
-09.760,-00.084,-00.030
-09.799,-00.088,-00.056
-09.770,-00.074,-00.036
-09.789,-00.080,-00.030
-09.756,-00.065,-00.001
-09.790,-00.086,+00.002
-09.792,-00.072,-00.001
-09.799,-00.088,-00.015
-09.772,-00.090,-00.027
-09.778,-00.058,-00.012
-09.772,-00.082,-00.026
-09.798,-00.069,-00.049
-09.766,-00.073,-00.036
-09.799,-00.095,-00.010
-09.807,-00.092,-00.028
-09.784,-00.067,-00.058
-09.782,-00.065,-00.037
-09.754,-00.072,-00.003
-09.787,-00.094,-00.022
-09.782,-00.090,-00.007
-09.780,-00.071,-00.012
-09.783,-00.082,-00.019
-09.779,-00.083,-00.048
-09.771,-00.055,+00.022
-09.779,-00.093,-00.036
-09.796,-00.088,-00.033
-09.804,-00.089,-00.015
-09.776,-00.086,-00.038
-09.790,-00.096,-00.016
-09.795,-00.107,-00.039
-09.786,-00.073,-00.028
-09.776,-00.077,-00.025
-09.767,-00.073,+00.000
-09.805,-00.067,-00.010
-09.802,-00.079,-00.031
-09.772,-00.078,-00.030
-09.793,-00.087,+00.013
-09.766,-00.070,-00.005
-09.777,-00.081,+00.020
-09.779,-00.082,-00.025
-09.770,-00.093,-00.007
-09.796,-00.095,-00.009
-09.768,-00.070,-00.031
-09.748,-00.073,-00.006
-09.762,-00.110,-00.026
-09.768,-00.083,+00.003
-09.809,-00.102,-00.024
-09.791,-00.097,-00.028
-09.781,-00.066,-00.014
-09.779,-00.076,-00.063
-09.786,-00.079,-00.034
-09.769,-00.076,-00.020
-09.782,-00.070,-00.000
-09.763,-00.083,-00.024
-09.787,-00.068,-00.058
-09.777,-00.062,-00.042
-09.788,-00.080,-00.015
-09.774,-00.089,-00.055
-09.790,-00.073,-00.046
-09.759,-00.081,-00.007
-09.778,-00.093,-00.006
-09.792,-00.080,-00.031
-09.794,-00.073,-00.018
-09.779,-00.093,-00.017
-09.788,-00.073,-00.022
-09.811,-00.092,-00.062
-09.823,-00.082,-00.002
-09.775,-00.085,-00.050
-09.781,-00.089,-00.035
-09.782,-00.087,-00.048
-09.783,-00.095,-00.030
-09.795,-00.109,-00.005
-09.780,-00.065,-00.009
-09.804,-00.090,-00.013
-09.796,-00.083,-00.039
-09.780,-00.080,-00.023
-09.789,-00.086,-00.000
-09.793,-00.058,-00.021
-09.805,-00.079,-00.012
-09.783,-00.089,-00.041
-09.794,-00.085,-00.036
-09.786,-00.103,-00.023
-09.787,-00.072,-00.003
-09.789,-00.075,-00.024
-09.778,-00.093,-00.031
-09.778,-00.097,-00.038
-09.786,-00.089,-00.029
-09.774,-00.082,-00.009
-09.789,-00.098,-00.016
-09.754,-00.073,-00.022
-09.780,-00.096,-00.016
-09.786,-00.073,-00.043
-09.779,-00.075,+00.000
-09.781,-00.084,-00.020
-09.780,-00.082,-00.015
-09.755,-00.094,-00.023
-09.762,-00.053,-00.025
-09.797,-00.080,-00.046
-09.770,-00.081,-00.020
-09.794,-00.098,+00.010
-09.789,-00.078,-00.013
-09.774,-00.094,-00.018
-09.774,-00.085,-00.012
-09.783,-00.074,-00.045
-09.772,-00.076,-00.023
-09.773,-00.069,-00.012
-09.796,-00.083,-00.008
-09.768,-00.068,-00.030
-09.770,-00.084,-00.042
-09.774,-00.060,-00.028
-09.763,-00.089,-00.025
-09.797,-00.094,+00.020
-09.771,-00.083,-00.050
-09.792,-00.076,-00.026
-09.805,-00.091,-00.008
-09.784,-00.073,-00.055
-09.787,-00.076,-00.027
-09.790,-00.084,-00.026
-09.781,-00.061,-00.015
-09.792,-00.076,-00.038
-09.777,-00.072,-00.045
-09.775,-00.095,-00.016
-09.764,-00.094,-00.033
-09.784,-00.079,-00.016
-09.795,-00.071,-00.043
-09.802,-00.082,-00.037
-09.760,-00.088,-00.004
-09.794,-00.104,+00.001
-09.796,-00.087,+00.005
-09.806,-00.088,-00.023
-09.783,-00.071,+00.000
-09.785,-00.075,+00.009
-09.768,-00.077,-00.030
-09.791,-00.076,-00.025
-09.775,-00.085,-00.018
-09.783,-00.086,-00.065
-09.791,-00.075,+00.006
-09.777,-00.089,+00.016
-09.783,-00.076,-00.006
-09.790,-00.065,+00.021
-09.808,-00.078,-00.014
-09.775,-00.081,-00.004
-09.778,-00.055,-00.004
-09.788,-00.076,-00.039
-09.780,-00.069,-00.054
-09.780,-00.059,-00.006
-09.779,-00.069,-00.027
-09.766,-00.094,-00.047
-09.760,-00.082,+00.002
-09.768,-00.066,-00.030
-09.780,-00.083,-00.025
-09.781,-00.077,-00.017
-09.775,-00.092,+00.002
-09.799,-00.102,-00.045
-09.755,-00.067,-00.021
-09.773,-00.063,-00.011
-09.798,-00.090,-00.011
-09.775,-00.083,-00.014
-09.802,-00.066,-00.022
-09.780,-00.055,-00.025
-09.762,-00.064,-00.020
-09.790,-00.088,-00.030
-09.787,-00.063,-00.037
-09.789,-00.076,-00.030
-09.772,-00.084,+00.002
-09.794,-00.076,-00.015
-09.792,-00.074,-00.001
-09.800,-00.090,-00.026
-09.788,-00.083,-00.029
-09.770,-00.070,-00.035
-09.769,-00.075,-00.050
-09.777,-00.081,-00.003
-09.770,-00.065,-00.023
-09.788,-00.104,-00.003
-09.789,-00.080,-00.018
-09.795,-00.079,-00.013
-09.792,-00.071,-00.018
-09.773,-00.064,-00.019
-09.785,-00.085,-00.036
-09.777,-00.060,-00.033
-09.765,-00.076,-00.003
-09.778,-00.092,-00.053
-09.794,-00.070,-00.054
-09.774,-00.103,-00.025
-09.777,-00.089,-00.000
-09.787,-00.080,-00.017
-09.784,-00.093,-00.052
-09.782,-00.065,-00.033
-09.808,-00.076,-00.042
-09.790,-00.089,-00.024
-09.791,-00.066,-00.046
-09.773,-00.074,+00.008
-09.795,-00.098,-00.006
-09.767,-00.087,-00.033
-09.777,-00.090,-00.030
-09.784,-00.098,-00.016
-09.805,-00.077,-00.006
-09.777,-00.067,-00.024
-09.801,-00.072,-00.038
-09.777,-00.085,-00.043
-09.783,-00.084,-00.005
-09.783,-00.087,-00.043
-09.766,-00.073,+00.007
-09.765,-00.075,-00.024
-09.785,-00.085,-00.058
-09.766,-00.098,-00.040
-09.771,-00.065,-00.015
-09.780,-00.091,-00.014
-09.797,-00.081,-00.005
-09.786,-00.072,-00.000
-09.775,-00.089,-00.034
-09.805,-00.064,-00.045
-09.799,-00.089,-00.032
-09.778,-00.096,-00.041
-09.806,-00.112,-00.017
-09.783,-00.078,-00.030
-09.791,-00.063,-00.033
-09.771,-00.081,-00.018
-09.783,-00.100,-00.014
-09.772,-00.063,-00.014
-09.772,-00.069,-00.038
-09.780,-00.084,-00.018
-09.771,-00.058,-00.046
-09.783,-00.068,-00.016
-09.780,-00.070,-00.025
-09.781,-00.086,-00.007
-09.793,-00.088,-00.021
-09.767,-00.100,-00.022
-09.773,-00.060,-00.026
-09.762,-00.084,-00.045
-09.801,-00.068,-00.018
-09.765,-00.083,-00.056
-09.792,-00.066,+00.013
-09.782,-00.084,-00.039
-09.786,-00.063,-00.005
-09.788,-00.075,+00.006
-09.805,-00.079,-00.029
-09.797,-00.074,-00.035
-09.783,-00.075,-00.042
-09.790,-00.070,+00.004
-09.774,-00.097,-00.019
-09.782,-00.081,-00.009
-09.782,-00.097,-00.012
-09.787,-00.095,-00.003
-09.786,-00.083,-00.008
-09.799,-00.072,-00.009
-09.779,-00.094,-00.040
-09.795,-00.076,+00.004
-09.787,-00.095,-00.014
-09.795,-00.092,-00.020
-09.793,-00.079,-00.025
-09.797,-00.060,-00.021
-09.804,-00.071,-00.027
-09.795,-00.053,-00.029
-09.778,-00.046,-00.016
-09.765,-00.080,-00.042
-09.769,-00.073,+00.014
-09.769,-00.076,-00.070
-09.775,-00.073,-00.027
-09.776,-00.064,-00.012
-09.758,-00.080,-00.003
-09.788,-00.085,-00.013
-09.772,-00.079,-00.004
-09.782,-00.070,-00.027
-09.769,-00.082,-00.024
-09.792,-00.096,-00.011
-09.772,-00.082,-00.028
-09.777,-00.081,-00.038
-09.764,-00.065,-00.040
-09.776,-00.070,-00.017
-09.775,-00.068,-00.041
-09.804,-00.073,-00.028
-09.789,-00.085,-00.020
-09.805,-00.080,-00.036
-09.776,-00.106,-00.010
-09.763,-00.081,-00.017
-09.803,-00.086,-00.044
-09.790,-00.080,-00.025
-09.808,-00.099,-00.032
-09.791,-00.070,-00.050
-09.810,-00.090,-00.025
-09.779,-00.085,-00.017
-09.801,-00.080,+00.015
-09.784,-00.080,+00.001
-09.750,-00.054,-00.033
-09.777,-00.076,-00.031
-09.773,-00.112,-00.020
-09.779,-00.068,-00.017
-09.770,-00.077,-00.006
-09.777,-00.081,-00.024
-09.793,-00.077,-00.047
-09.779,-00.072,-00.066
-09.764,-00.066,-00.006
-09.813,-00.050,-00.055
-09.771,-00.070,-00.018
-09.797,-00.106,-00.009
-09.779,-00.070,-00.003
-09.780,-00.076,-00.029
-09.785,-00.082,-00.043
-09.774,-00.077,+00.013
-09.789,-00.081,-00.026
-09.785,-00.069,-00.021
-09.780,-00.054,+00.007
-09.784,-00.079,-00.024
-09.797,-00.066,-00.028
-09.796,-00.086,-00.009
-09.780,-00.047,-00.002
-09.796,-00.082,-00.003
-09.771,-00.087,-00.026
-09.763,-00.085,-00.005
-09.776,-00.081,-00.021
-09.781,-00.074,-00.018
-09.786,-00.101,+00.001
-09.765,-00.096,-00.043
-09.795,-00.098,-00.030
-09.810,-00.081,-00.009
-09.784,-00.066,-00.049
-09.812,-00.095,-00.010
-09.789,-00.083,-00.052
-09.793,-00.073,-00.005
-09.794,-00.078,-00.019
-09.780,-00.086,-00.001
-09.782,-00.095,-00.056
-09.792,-00.070,-00.017
-09.773,-00.072,-00.001
-09.797,-00.077,-00.010
-09.785,-00.073,-00.031
-09.760,-00.064,-00.003
-09.775,-00.077,-00.039
-09.764,-00.071,-00.057
-09.784,-00.059,-00.018
-09.789,-00.077,-00.029
-09.785,-00.104,-00.043
-09.787,-00.077,-00.020
-09.775,-00.086,-00.029
-09.773,-00.091,-00.012
-09.783,-00.069,-00.065
-09.777,-00.062,-00.015
-09.782,-00.063,-00.018
-09.782,-00.083,-00.039
-09.768,-00.090,-00.032
-09.781,-00.068,-00.036
-09.782,-00.072,+00.006
-09.776,-00.063,+00.007
-09.766,-00.085,-00.025
-09.777,-00.071,-00.002
-09.791,-00.077,-00.030
-09.797,-00.095,-00.054
-09.789,-00.062,-00.047
-09.791,-00.076,+00.018
-09.778,-00.070,-00.047
-09.778,-00.053,-00.019
-09.798,-00.082,-00.016
-09.776,-00.086,-00.028
-09.776,-00.101,-00.007
-09.783,-00.086,-00.027
-09.778,-00.078,+00.011
-09.805,-00.076,-00.011
-09.794,-00.086,-00.023
-09.791,-00.065,-00.011
-09.795,-00.088,-00.033
-09.759,-00.064,-00.026
-09.786,-00.080,-00.064
-09.779,-00.090,+00.002
-09.780,-00.066,-00.028
-09.779,-00.080,-00.021
-09.785,-00.096,-00.033

