+3603676.010
+3603675.990
+3603675.970
+3603675.960
+3603675.960
+3603675.960
+3603675.940
+3603675.920
+3603675.930
+3603675.930
+3603675.910
+3603675.910
+3603675.910
+3603675.890
+3603675.890
+3603675.890
+3603675.890
+3603675.880
+3603675.890
+3603675.870
+3603675.900
+3603675.920
+3603675.920
+3603675.930
+3603675.930
+3603675.910
+3603675.900
+3603675.890
+3603675.880
+3603675.870
+3603675.850
+3603675.870
+3603675.890
+3603675.890
+3603675.890
+3603675.880
+3603675.870
+3603675.870
+3603675.840
+3603675.840
+3603675.840
+3603675.880
+3603675.910
+3603675.950
+3603675.950
+3603675.940
+3603675.930
+3603675.940
+3603675.950
+3603675.950
+3603675.930
+3603675.940
+3603675.950
+3603675.930
+3603675.910
+3603675.950
+3603675.970
+3603675.990
+3603676.000
+3603676.010
+3603676.010
+3603676.010
+3603676.010
+3603676.010
+3603675.970
+3603675.960
+3603675.940
+3603675.910
+3603675.910
+3603675.910
+3603675.900
+3603675.870
+3603675.880
+3603675.850
+3603675.840
+3603675.850
+3603675.820
+3603675.820
+3603675.800
+3603675.790
+3603675.790
+3603675.810
+3603675.800
+3603675.800
+3603675.800
+3603675.820
+3603675.820
+3603675.820
+3603675.850
+3603675.860
+3603675.870
+3603675.900
+3603675.910
+3603675.920
+3603675.950
+3603675.940
+3603675.960
+3603675.970
+3603675.970
+3603675.950
+3603675.930
+3603675.930
+3603675.910
+3603675.920
+3603675.890
+3603675.900
+3603675.870
+3603675.860
+3603675.860
+3603675.850
+3603675.870
+3603675.840
+3603675.850
+3603675.840
+3603675.870
+3603675.860
+3603675.870
+3603675.850
+3603675.870
+3603675.860
+3603675.870
+3603675.880
+3603675.880
+3603675.880
+3603675.880
+3603675.890
+3603675.880
+3603675.880
+3603675.880
+3603675.890
+3603675.860
+3603675.850
+3603675.840
+3603675.840
+3603675.810
+3603675.800
+3603675.790
+3603675.810
+3603675.810
+3603675.810
+3603675.790
+3603675.770
+3603675.780
+3603675.790
+3603675.780
+3603675.740
+3603675.740
+3603675.730
+3603675.740
+3603675.740
+3603675.730
+3603675.720
+3603675.720
+3603675.720
+3603675.710
+3603675.690
+3603675.700
+3603675.710
+3603675.710
+3603675.700
+3603675.690
+3603675.690
+3603675.700
+3603675.690
+3603675.700
+3603675.710
+3603675.690
+3603675.680
+3603675.680
+3603675.670
+3603675.670
+3603675.670
+3603675.660
+3603675.650
+3603675.640
+3603675.630
+3603675.610
+3603675.610
+3603675.600
+3603675.600
+3603675.610
+3603675.610
+3603675.610
+3603675.630
+3603675.640
+3603675.640
+3603675.630
+3603675.610
+3603675.600
+3603675.600
+3603675.600
+3603675.590
+3603675.600
+3603675.620
+3603675.620
+3603675.620
+3603675.600
+3603675.590
+3603675.580
+3603675.560
+3603675.540
+3603675.520
+3603675.540
+3603675.550
+3603675.560
+3603675.550
+3603675.550
+3603675.550
+3603675.570
+3603675.590
+3603675.590
+3603675.610
+3603675.630
+3603675.640
+3603675.660
+3603675.650
+3603675.640
+3603675.650
+3603675.620
+3603675.610
+3603675.620
+3603675.610
+3603675.600
+3603675.590
+3603675.570
+3603675.550
+3603675.550
+3603675.560
+3603675.550
+3603675.550
+3603675.550
+3603675.540
+3603675.570
+3603675.590
+3603675.620
+3603675.650
+3603675.660
+3603675.680
+3603675.700
+3603675.740
+3603675.770
+3603675.800
+3603675.820
+3603675.850
+3603675.890
+3603675.920
+3603675.930
+3603675.960
+3603675.990
+3603676.020
+3603676.020
+3603676.040
+3603676.060
+3603676.060
+3603676.070
+3603676.090
+3603676.110
+3603676.150
+3603676.190
+3603676.230
+3603676.280
+3603676.310
+3603676.320
+3603676.310
+3603676.340
+3603676.360
+3603676.420
+3603676.450
+3603676.470
+3603676.510
+3603676.560
+3603676.590
+3603676.580
+3603676.580
+3603676.600
+3603676.670
+3603676.710
+3603676.750
+3603676.760
+3603676.760
+3603676.760
+3603676.760
+3603676.790
+3603676.820
+3603676.850
+3603676.880
+3603676.890
+3603676.900
+3603676.900
+3603676.930
+3603676.970
+3603677.000
+3603677.030
+3603677.030
+3603677.030
+3603677.020
+3603677.000
+3603677.010
+3603677.030
+3603677.020
+3603677.020
+3603677.030
+3603677.050
+3603677.070
+3603677.080
+3603677.090
+3603677.100
+3603677.090
+3603677.080
+3603677.070
+3603677.100
+3603677.120
+3603677.160
+3603677.190
+3603677.200
+3603677.210
+3603677.220
+3603677.240
+3603677.260
+3603677.280
+3603677.310
+3603677.300
+3603677.310
+3603677.310
+3603677.330
+3603677.350
+3603677.350
+3603677.360
+3603677.370
+3603677.370
+3603677.380
+3603677.370
+3603677.370
+3603677.370
+3603677.360
+3603677.340
+3603677.340
+3603677.360
+3603677.380
+3603677.390
+3603677.420
+3603677.410
+3603677.420
+3603677.420
+3603677.420
+3603677.420
+3603677.420
+3603677.430
+3603677.430
+3603677.440
+3603677.440
+3603677.450
+3603677.460
+3603677.480
+3603677.490
+3603677.500
+3603677.490
+3603677.490
+3603677.500
+3603677.520
+3603677.510
+3603677.530
+3603677.550
+3603677.570
+3603677.600
+3603677.620
+3603677.620
+3603677.630
+3603677.640
+3603677.630
+3603677.630
+3603677.650
+3603677.650
+3603677.640
+3603677.650
+3603677.650
+3603677.650
+3603677.660
+3603677.670
+3603677.650
+3603677.660
+3603677.680
+3603677.690
+3603677.720
+3603677.720
+3603677.720
+3603677.730
+3603677.730
+3603677.740
+3603677.740
+3603677.760
+3603677.770
+3603677.790
+3603677.770
+3603677.760
+3603677.750
+3603677.720
+3603677.710
+3603677.710
+3603677.700
+3603677.710
+3603677.690
+3603677.680
+3603677.700
+3603677.710
+3603677.730
+3603677.740
+3603677.730
+3603677.760
+3603677.760
+3603677.740
+3603677.730
+3603677.710
+3603677.700
+3603677.680
+3603677.660
+3603677.650
+3603677.660
+3603677.660
+3603677.660
+3603677.670
+3603677.660
+3603677.640
+3603677.620
+3603677.580
+3603677.570
+3603677.570
+3603677.570
+3603677.580
+3603677.580
+3603677.590
+3603677.580
+3603677.580
+3603677.580
+3603677.590
+3603677.600
+3603677.620
+3603677.630
+3603677.640
+3603677.640
+3603677.650
+3603677.640
+3603677.650
+3603677.620
+3603677.600
+3603677.580
+3603677.560
+3603677.530
+3603677.500
+3603677.480
+3603677.460
+3603677.430
+3603677.440
+3603677.450
+3603677.420
+3603677.410
+3603677.410
+3603677.410
+3603677.400
+3603677.390
+3603677.380
+3603677.390
+3603677.380
+3603677.340
+3603677.300
+3603677.280
+3603677.260
+3603677.230
+3603677.210
+3603677.200
+3603677.200
+3603677.170
+3603677.160
+3603677.170
+3603677.150
+3603677.130
+3603677.110
+3603677.090
+3603677.070
+3603677.060
+3603677.040
+3603677.040
+3603677.050
+3603677.040
+3603677.030
+3603677.010
+3603677.010
+3603677.020
+3603677.000
+3603676.970
+3603676.960
+3603676.940
+3603676.960
+3603676.940
+3603676.960
+3603676.970
+3603676.980
+3603676.990
+3603676.990
+3603677.010
+3603677.020
+3603677.020
+3603677.020
+3603677.010
+3603676.990
+3603676.990
+3603676.990
+3603676.980
+3603676.980
+3603676.970
+3603676.990
+3603676.980
+3603677.000
+3603676.990
+3603676.990
+3603676.960
+3603676.960
+3603676.970
+3603676.950
+3603676.950
+3603676.940
+3603676.940
+3603676.950
+3603676.950
+3603676.960
+3603676.970
+3603676.940
+3603676.930
+3603676.920
+3603676.900
+3603676.900
+3603676.900
+3603676.880
+3603676.880
+3603676.850
+3603676.820
+3603676.810
+3603676.810
+3603676.800
+3603676.790
+3603676.800
+3603676.820
+3603676.810
+3603676.820
+3603676.810
+3603676.800
+3603676.800
+3603676.800
+3603676.810
+3603676.800
+3603676.800
+3603676.800
+3603676.790
+3603676.780
+3603676.770
+3603676.760
+3603676.760
+3603676.740
+3603676.730
+3603676.700
+3603676.680
+3603676.640
+3603676.610
+3603676.570
+3603676.540
+3603676.490
+3603676.460
+3603676.440
+3603676.420
+3603676.400
+3603676.390
+3603676.370
+3603676.350
+3603676.340
+3603676.320
+3603676.310
+3603676.290
+3603676.260
+3603676.220
+3603676.180
+3603676.160
+3603676.140
+3603676.120
+3603676.110
+3603676.070
+3603676.040
+3603676.010
+3603676.010
+3603675.980
+3603675.970
+3603675.950
+3603675.940
+3603675.910
+3603675.880
+3603675.860
+3603675.870
+3603675.880
+3603675.900
+3603675.910
+3603675.910
+3603675.910
+3603675.920
+3603675.940
+3603675.950
+3603675.970
+3603675.990
+3603676.000
+3603676.010
+3603676.040
+3603676.060
+3603676.070
+3603676.070
+3603676.090
+3603676.120
+3603676.140
+3603676.160
+3603676.190
+3603676.210
+3603676.230
+3603676.240
+3603676.250
+3603676.240
+3603676.230
+3603676.200
+3603676.180
+3603676.170
+3603676.150
+3603676.130
+3603676.120
+3603676.100
+3603676.090
+3603676.090
+3603676.070
+3603676.080
+3603676.080
+3603676.080
+3603676.090
+3603676.090
+3603676.090
+3603676.070
+3603676.070
+3603676.080
+3603676.080
+3603676.090
+3603676.110
+3603676.110
+3603676.120
+3603676.140
+3603676.150
+3603676.150
+3603676.140
+3603676.140
+3603676.130
+3603676.120
+3603676.110
+3603676.100
+3603676.090
+3603676.080
+3603676.070
+3603676.060
+3603676.070
+3603676.060
+3603676.060
+3603676.060
+3603676.070
+3603676.090
+3603676.090
+3603676.100
+3603676.110
+3603676.120
+3603676.150
+3603676.170
+3603676.180
+3603676.210
+3603676.250
+3603676.280
+3603676.300
+3603676.310
+3603676.310
+3603676.330
+3603676.330
+3603676.360
+3603676.390
+3603676.400
+3603676.420
+3603676.440
+3603676.440
+3603676.450
+3603676.480
+3603676.520
+3603676.540
+3603676.560
+3603676.570
+3603676.590
+3603676.610
+3603676.630
+3603676.660
+3603676.660
+3603676.660
+3603676.660
+3603676.670
+3603676.670
+3603676.670
+3603676.670
+3603676.690
+3603676.700
+3603676.710
+3603676.710
+3603676.720
+3603676.730
+3603676.730
+3603676.740
+3603676.770
+3603676.790
+3603676.810
+3603676.830
+3603676.850
+3603676.870
+3603676.870
+3603676.880
+3603676.910
+3603676.930
+3603676.930
+3603676.930
+3603676.950
+3603676.960
+3603676.990
+3603677.010
+3603677.040
+3603677.060
+3603677.070
+3603677.080
+3603677.080
+3603677.100
+3603677.120
+3603677.130
+3603677.140
+3603677.150
+3603677.150
+3603677.160
+3603677.160
+3603677.150
+3603677.160
+3603677.170
+3603677.190
+3603677.190
+3603677.180
+3603677.170
+3603677.170
+3603677.170
+3603677.170
+3603677.170
+3603677.160
+3603677.140
+3603677.120
+3603677.120
+3603677.120
+3603677.120
+3603677.110
+3603677.100
+3603677.090
+3603677.100
+3603677.110
+3603677.120
+3603677.110
+3603677.090
+3603677.090
+3603677.100
+3603677.110
+3603677.130
+3603677.130
+3603677.130
+3603677.140
+3603677.140
+3603677.150
+3603677.170
+3603677.170
+3603677.180
+3603677.190
+3603677.190
+3603677.190
+3603677.190
+3603677.190
+3603677.200
+3603677.230
+3603677.220
+3603677.220
+3603677.220
+3603677.200
+3603677.210
+3603677.200
+3603677.210
+3603677.220
+3603677.210
+3603677.200
+3603677.170
+3603677.140
+3603677.120
+3603677.100
+3603677.100
+3603677.090
+3603677.070
+3603677.050
+3603677.030
+3603677.020
+3603677.010
+3603677.000
+3603676.990
+3603676.970
+3603676.950
+3603676.920
+3603676.900
+3603676.880
+3603676.860
+3603676.840
+3603676.850
+3603676.830
+3603676.830
+3603676.820
+3603676.820
+3603676.810
+3603676.810
+3603676.810
+3603676.810
+3603676.800
+3603676.790
+3603676.780
+3603676.780
+3603676.770
+3603676.770
+3603676.770
+3603676.770
+3603676.770
+3603676.790
+3603676.790
+3603676.800
+3603676.800
+3603676.820
+3603676.850
+3603676.870
+3603676.880
+3603676.880
+3603676.870
+3603676.880
+3603676.900
+3603676.920
+3603676.910
+3603676.910
+3603676.920
+3603676.940
+3603676.940
+3603676.960
+3603676.990
+3603677.020
+3603677.050
+3603677.070
+3603677.070
+3603677.080
+3603677.090
+3603677.110
+3603677.120
+3603677.100
+3603677.110
+3603677.120
+3603677.130
+3603677.140
+3603677.140
+3603677.150
+3603677.170
+3603677.180
+3603677.180
+3603677.200
+3603677.210
+3603677.230
+3603677.240
+3603677.240
+3603677.250
+3603677.260
+3603677.260
+3603677.250
+3603677.250
+3603677.260
+3603677.280
+3603677.280
+3603677.290
+3603677.290
+3603677.310
+3603677.330
+3603677.360
+3603677.400
+3603677.410
+3603677.430
+3603677.440
+3603677.450
+3603677.480
+3603677.480
+3603677.520
+3603677.530
+3603677.560
+3603677.570
+3603677.570
+3603677.620
+3603677.650
+3603677.680
+3603677.670
+3603677.670
+3603677.690
+3603677.710
+3603677.730
+3603677.740
+3603677.770
+3603677.770
+3603677.750
+3603677.790
+3603677.810
+3603677.820
+3603677.840
+3603677.850
+3603677.840
+3603677.840
+3603677.860
+3603677.880
+3603677.900
+3603677.900
+3603677.890
+3603677.890
+3603677.900
+3603677.900
+3603677.890
+3603677.880
+3603677.870
+3603677.840
+3603677.830
+3603677.830
+3603677.840
+3603677.840
+3603677.810
+3603677.790
+3603677.790
+3603677.800
+3603677.790
+3603677.780
+3603677.760
+3603677.740
+3603677.730
+3603677.710
+3603677.710
+3603677.700
+3603677.710
+3603677.700
+3603677.700
+3603677.700
+3603677.720
+3603677.730
+3603677.740
+3603677.760
+3603677.770
+3603677.780
+3603677.800
+3603677.800
+3603677.810
+3603677.820
+3603677.830
+3603677.840
+3603677.860
+3603677.870
+3603677.860
+3603677.850
+3603677.840
+3603677.840
+3603677.850
+3603677.870
+3603677.890
+3603677.890
+3603677.880
+3603677.890
+3603677.880
+3603677.880
+3603677.890
+3603677.880
+3603677.880
+3603677.890
+3603677.860
+3603677.870
+3603677.880
+3603677.860
+3603677.860
+3603677.840
+3603677.840
+3603677.830
+3603677.820
+3603677.840
+3603677.830
+3603677.840
+3603677.840
+3603677.850
+3603677.850
+3603677.860
+3603677.870
+3603677.880
+3603677.870
+3603677.890
+3603677.890
+3603677.880
+3603677.860
+3603677.860
+3603677.860
+3603677.840
+3603677.850
+3603677.830
+3603677.820
+3603677.800
+3603677.800
+3603677.800
+3603677.780
+3603677.780
+3603677.760
+3603677.770
+3603677.770
+3603677.760
+3603677.770
+3603677.740
+3603677.730
+3603677.750
+3603677.770
+3603677.770
+3603677.780
+3603677.810
+3603677.810
+3603677.800
+3603677.820
+3603677.820
+3603677.830
+3603677.820
+3603677.830
+3603677.840
+3603677.810
+3603677.830
+3603677.840
+3603677.840
+3603677.830
+3603677.840
+3603677.830
+3603677.820
+3603677.820
+3603677.810
+3603677.800
+3603677.780
+3603677.760
+3603677.750
+3603677.740
+3603677.730
+3603677.730
+3603677.730
+3603677.720
+3603677.700
+3603677.680
+3603677.670
+3603677.640
+3603677.620
+3603677.610
+3603677.590
+3603677.600
+3603677.600
+3603677.610
+3603677.590
+3603677.590
+3603677.600
+3603677.620
+3603677.620
+3603677.630
+3603677.640
+3603677.650
+3603677.650
+3603677.660
+3603677.670
+3603677.690
+3603677.690
+3603677.690
+3603677.700
+3603677.710
+3603677.700
+3603677.700
+3603677.730
+3603677.730
+3603677.750
+3603677.740
+3603677.760
+3603677.750
+3603677.750
+3603677.750
+3603677.760
+3603677.760
+3603677.770
+3603677.790
+3603677.790
+3603677.800
+3603677.800
+3603677.800
+3603677.800
+3603677.790
+3603677.810
+3603677.810
+3603677.790
+3603677.760
+3603677.760
+3603677.770
+3603677.750
+3603677.720
+3603677.720
+3603677.730
+3603677.740
+3603677.740
+3603677.750
+3603677.750
+3603677.750
+3603677.750
+3603677.730
+3603677.700
+3603677.690
+3603677.680
+3603677.670
+3603677.660
+3603677.650
+3603677.640
+3603677.620
+3603677.620
+3603677.610
+3603677.620
+3603677.600
+3603677.600
+3603677.610
+3603677.620
+3603677.640
+3603677.660
+3603677.660
+3603677.660
+3603677.660
+3603677.650
+3603677.670
+3603677.650
+3603677.650
+3603677.640
+3603677.610
+3603677.610
+3603677.610
+3603677.620
+3603677.620
+3603677.600
+3603677.590
+3603677.580
+3603677.580
+3603677.580
+3603677.570
+3603677.560
+3603677.540
+3603677.510
+3603677.500
+3603677.480
+3603677.480
+3603677.470
+3603677.460
+3603677.460
+3603677.450
+3603677.430
+3603677.430
+3603677.410
+3603677.410
+3603677.410
+3603677.390
+3603677.370
+3603677.360
+3603677.350
+3603677.340
+3603677.320
+3603677.300
+3603677.290
+3603677.280
+3603677.260
+3603677.250
+3603677.240
+3603677.240
+3603677.240
+3603677.220
+3603677.220
+3603677.220
+3603677.240
+3603677.250
+3603677.230
+3603677.230
+3603677.210
+3603677.200
+3603677.200
+3603677.200
+3603677.210
+3603677.220
+3603677.210
+3603677.220
+3603677.230
+3603677.230
+3603677.240
+3603677.230
+3603677.220
+3603677.220
+3603677.230
+3603677.230
+3603677.240
+3603677.240
+3603677.230
+3603677.240
+3603677.250
+3603677.260
+3603677.270
+3603677.270
+3603677.270
+3603677.270
+3603677.270
+3603677.270
+3603677.260
+3603677.260
+3603677.240
+3603677.260
+3603677.240
+3603677.230
+3603677.230
+3603677.210
+3603677.190
+3603677.180
+3603677.180
+3603677.180
+3603677.160
+3603677.170
+3603677.160
+3603677.150
+3603677.140
+3603677.130
+3603677.130
+3603677.120
+3603677.120
+3603677.120
+3603677.120
+3603677.130
+3603677.150
+3603677.170
+3603677.170
+3603677.180
+3603677.180
+3603677.210
+3603677.230
+3603677.250
+3603677.260
+3603677.280
+3603677.290
+3603677.300
+3603677.330
+3603677.360
+3603677.360
+3603677.380
+3603677.400
+3603677.420
+3603677.430
+3603677.440
+3603677.450
+3603677.460
+3603677.480
+3603677.510
+3603677.540
+3603677.570
+3603677.580
+3603677.580
+3603677.600
+3603677.610
+3603677.600
+3603677.620
+3603677.660
+3603677.670
+3603677.710
+3603677.720
+3603677.730
+3603677.750
+3603677.750
+3603677.760
+3603677.780
+3603677.800
+3603677.820
+3603677.830
+3603677.830
+3603677.840
+3603677.850
+3603677.860
+3603677.880
+3603677.890
+3603677.910
+3603677.940
+3603677.950
+3603677.930
+3603677.930
+3603677.930
+3603677.940
+3603677.960
+3603677.970
+3603678.020
+3603678.050
+3603678.070
+3603678.090
+3603678.110
+3603678.110
+3603678.150
+3603678.180
+3603678.220
+3603678.270
+3603678.320
+3603678.330
+3603678.320
+3603678.340
+3603678.360
+3603678.370
+3603678.380
+3603678.390
+3603678.390
+3603678.390
+3603678.400
+3603678.400
+3603678.420
+3603678.430
+3603678.440
+3603678.430
+3603678.430
+3603678.430
+3603678.430
+3603678.460
+3603678.450
+3603678.440
+3603678.440
+3603678.470
+3603678.500
+3603678.510
+3603678.510
+3603678.500
+3603678.480
+3603678.480
+3603678.470
+3603678.480
+3603678.470
+3603678.470
+3603678.470
+3603678.440
+3603678.410
+3603678.380
+3603678.380
+3603678.370
+3603678.340
+3603678.300
+3603678.260
+3603678.240
+3603678.210
+3603678.170
+3603678.140
+3603678.130
+3603678.110
+3603678.060
+3603678.030
+3603678.020
+3603677.990
+3603677.950
+3603677.950
+3603677.930
+3603677.890
+3603677.870
+3603677.890
+3603677.870
+3603677.850
+3603677.820
+3603677.810
+3603677.780
+3603677.770
+3603677.790
+3603677.780
+3603677.760
+3603677.760
+3603677.740
+3603677.720
+3603677.680
+3603677.660
+3603677.660
+3603677.630
+3603677.640
+3603677.620
+3603677.590
+3603677.550
+3603677.530
+3603677.490
+3603677.440
+3603677.420
+3603677.390
+3603677.360
+3603677.350
+3603677.310
+3603677.300
+3603677.270
+3603677.220
+3603677.200
+3603677.160
+3603677.140
+3603677.120
+3603677.070
+3603677.070
+3603677.040
+3603677.020
+3603676.980
+3603676.930
+3603676.900
+3603676.890
+3603676.850
+3603676.830
+3603676.790
+3603676.770
+3603676.730
+3603676.740
+3603676.710
+3603676.670
+3603676.690
+3603676.660
+3603676.650
+3603676.640
+3603676.630
+3603676.630
+3603676.610
+3603676.590
+3603676.560
+3603676.540
+3603676.530
+3603676.530
+3603676.500
+3603676.510
+3603676.490
+3603676.500
+3603676.520
+3603676.510
+3603676.490
+3603676.500
+3603676.500
+3603676.500
+3603676.490
+3603676.500
+3603676.500
+3603676.520
+3603676.530
+3603676.500
+3603676.490
+3603676.480
+3603676.450
+3603676.410
+3603676.400
+3603676.370
+3603676.340
