-2007262.580
-2007262.570
-2007262.550
-2007262.530
-2007262.510
-2007262.490
-2007262.480
-2007262.460
-2007262.470
-2007262.470
-2007262.470
-2007262.480
-2007262.470
-2007262.470
-2007262.470
-2007262.480
-2007262.490
-2007262.500
-2007262.500
-2007262.500
-2007262.510
-2007262.510
-2007262.510
-2007262.510
-2007262.530
-2007262.530
-2007262.540
-2007262.550
-2007262.570
-2007262.580
-2007262.580
-2007262.590
-2007262.600
-2007262.600
-2007262.600
-2007262.600
-2007262.590
-2007262.600
-2007262.590
-2007262.580
-2007262.570
-2007262.570
-2007262.580
-2007262.580
-2007262.590
-2007262.600
-2007262.590
-2007262.590
-2007262.590
-2007262.590
-2007262.580
-2007262.590
-2007262.600
-2007262.600
-2007262.590
-2007262.590
-2007262.600
-2007262.610
-2007262.620
-2007262.620
-2007262.600
-2007262.590
-2007262.590
-2007262.600
-2007262.600
-2007262.600
-2007262.600
-2007262.600
-2007262.590
-2007262.600
-2007262.610
-2007262.600
-2007262.610
-2007262.600
-2007262.600
-2007262.610
-2007262.600
-2007262.600
-2007262.590
-2007262.590
-2007262.600
-2007262.620
-2007262.620
-2007262.610
-2007262.610
-2007262.620
-2007262.620
-2007262.620
-2007262.630
-2007262.640
-2007262.640
-2007262.650
-2007262.660
-2007262.660
-2007262.680
-2007262.680
-2007262.690
-2007262.690
-2007262.700
-2007262.700
-2007262.700
-2007262.720
-2007262.730
-2007262.730
-2007262.730
-2007262.750
-2007262.740
-2007262.740
-2007262.750
-2007262.740
-2007262.760
-2007262.760
-2007262.770
-2007262.760
-2007262.780
-2007262.780
-2007262.780
-2007262.770
-2007262.770
-2007262.780
-2007262.790
-2007262.790
-2007262.780
-2007262.780
-2007262.790
-2007262.790
-2007262.800
-2007262.810
-2007262.810
-2007262.820
-2007262.820
-2007262.820
-2007262.810
-2007262.810
-2007262.800
-2007262.790
-2007262.790
-2007262.800
-2007262.800
-2007262.810
-2007262.800
-2007262.800
-2007262.810
-2007262.810
-2007262.810
-2007262.800
-2007262.810
-2007262.810
-2007262.810
-2007262.810
-2007262.800
-2007262.790
-2007262.790
-2007262.790
-2007262.790
-2007262.780
-2007262.770
-2007262.780
-2007262.790
-2007262.780
-2007262.770
-2007262.760
-2007262.750
-2007262.740
-2007262.750
-2007262.740
-2007262.730
-2007262.730
-2007262.730
-2007262.720
-2007262.720
-2007262.730
-2007262.720
-2007262.700
-2007262.700
-2007262.710
-2007262.690
-2007262.690
-2007262.680
-2007262.690
-2007262.700
-2007262.710
-2007262.700
-2007262.710
-2007262.710
-2007262.710
-2007262.720
-2007262.710
-2007262.710
-2007262.700
-2007262.690
-2007262.690
-2007262.700
-2007262.700
-2007262.700
-2007262.700
-2007262.690
-2007262.690
-2007262.680
-2007262.690
-2007262.700
-2007262.690
-2007262.700
-2007262.710
-2007262.700
-2007262.680
-2007262.680
-2007262.680
-2007262.690
-2007262.700
-2007262.690
-2007262.680
-2007262.680
-2007262.680
-2007262.680
-2007262.670
-2007262.650
-2007262.660
-2007262.640
-2007262.650
-2007262.660
-2007262.650
-2007262.650
-2007262.650
-2007262.650
-2007262.660
-2007262.680
-2007262.700
-2007262.720
-2007262.730
-2007262.740
-2007262.760
-2007262.780
-2007262.790
-2007262.810
-2007262.820
-2007262.820
-2007262.830
-2007262.840
-2007262.860
-2007262.870
-2007262.880
-2007262.910
-2007262.940
-2007262.970
-2007262.990
-2007263.000
-2007263.010
-2007263.020
-2007263.030
-2007263.040
-2007263.060
-2007263.080
-2007263.090
-2007263.110
-2007263.130
-2007263.140
-2007263.150
-2007263.160
-2007263.160
-2007263.170
-2007263.170
-2007263.180
-2007263.190
-2007263.200
-2007263.210
-2007263.240
-2007263.250
-2007263.260
-2007263.270
-2007263.290
-2007263.300
-2007263.300
-2007263.300
-2007263.300
-2007263.320
-2007263.340
-2007263.350
-2007263.360
-2007263.370
-2007263.380
-2007263.380
-2007263.390
-2007263.400
-2007263.410
-2007263.420
-2007263.440
-2007263.470
-2007263.480
-2007263.490
-2007263.500
-2007263.510
-2007263.530
-2007263.550
-2007263.550
-2007263.560
-2007263.560
-2007263.570
-2007263.590
-2007263.600
-2007263.600
-2007263.600
-2007263.610
-2007263.630
-2007263.650
-2007263.660
-2007263.680
-2007263.690
-2007263.710
-2007263.730
-2007263.740
-2007263.740
-2007263.760
-2007263.770
-2007263.790
-2007263.800
-2007263.810
-2007263.830
-2007263.850
-2007263.870
-2007263.890
-2007263.890
-2007263.900
-2007263.900
-2007263.900
-2007263.890
-2007263.890
-2007263.890
-2007263.890
-2007263.890
-2007263.900
-2007263.890
-2007263.880
-2007263.870
-2007263.870
-2007263.860
-2007263.850
-2007263.850
-2007263.850
-2007263.860
-2007263.870
-2007263.870
-2007263.870
-2007263.860
-2007263.860
-2007263.850
-2007263.840
-2007263.840
-2007263.850
-2007263.850
-2007263.850
-2007263.840
-2007263.860
-2007263.880
-2007263.890
-2007263.900
-2007263.890
-2007263.910
-2007263.920
-2007263.920
-2007263.930
-2007263.940
-2007263.950
-2007263.960
-2007263.970
-2007263.980
-2007263.990
-2007264.000
-2007264.000
-2007264.000
-2007264.000
-2007264.010
-2007264.020
-2007264.020
-2007264.020
-2007264.020
-2007264.010
-2007264.010
-2007264.020
-2007264.020
-2007264.020
-2007264.030
-2007264.020
-2007264.020
-2007264.010
-2007264.010
-2007264.000
-2007263.990
-2007263.990
-2007263.980
-2007263.990
-2007263.990
-2007264.000
-2007263.990
-2007264.000
-2007264.000
-2007264.000
-2007264.000
-2007264.000
-2007264.000
-2007263.990
-2007263.980
-2007263.970
-2007263.970
-2007263.980
-2007263.980
-2007263.980
-2007263.980
-2007263.980
-2007263.970
-2007263.960
-2007263.960
-2007263.950
-2007263.940
-2007263.940
-2007263.930
-2007263.920
-2007263.930
-2007263.930
-2007263.920
-2007263.920
-2007263.920
-2007263.920
-2007263.920
-2007263.920
-2007263.920
-2007263.910
-2007263.900
-2007263.910
-2007263.920
-2007263.930
-2007263.920
-2007263.910
-2007263.900
-2007263.900
-2007263.890
-2007263.890
-2007263.890
-2007263.880
-2007263.860
-2007263.860
-2007263.870
-2007263.880
-2007263.850
-2007263.840
-2007263.820
-2007263.820
-2007263.820
-2007263.820
-2007263.790
-2007263.790
-2007263.800
-2007263.800
-2007263.780
-2007263.750
-2007263.750
-2007263.740
-2007263.740
-2007263.740
-2007263.740
-2007263.730
-2007263.720
-2007263.720
-2007263.700
-2007263.680
-2007263.660
-2007263.660
-2007263.660
-2007263.650
-2007263.650
-2007263.650
-2007263.650
-2007263.650
-2007263.650
-2007263.650
-2007263.640
-2007263.650
-2007263.650
-2007263.640
-2007263.640
-2007263.630
-2007263.630
-2007263.650
-2007263.660
-2007263.670
-2007263.680
-2007263.680
-2007263.700
-2007263.680
-2007263.660
-2007263.660
-2007263.640
-2007263.650
-2007263.650
-2007263.660
-2007263.660
-2007263.660
-2007263.660
-2007263.650
-2007263.660
-2007263.650
-2007263.640
-2007263.640
-2007263.640
-2007263.640
-2007263.640
-2007263.640
-2007263.640
-2007263.640
-2007263.630
-2007263.640
-2007263.630
-2007263.640
-2007263.640
-2007263.650
-2007263.640
-2007263.640
-2007263.630
-2007263.610
-2007263.590
-2007263.570
-2007263.560
-2007263.560
-2007263.560
-2007263.550
-2007263.530
-2007263.520
-2007263.520
-2007263.510
-2007263.510
-2007263.520
-2007263.530
-2007263.540
-2007263.530
-2007263.520
-2007263.520
-2007263.510
-2007263.500
-2007263.510
-2007263.510
-2007263.530
-2007263.530
-2007263.530
-2007263.530
-2007263.530
-2007263.520
-2007263.540
-2007263.550
-2007263.560
-2007263.550
-2007263.550
-2007263.550
-2007263.560
-2007263.560
-2007263.560
-2007263.560
-2007263.570
-2007263.560
-2007263.550
-2007263.540
-2007263.530
-2007263.520
-2007263.510
-2007263.490
-2007263.480
-2007263.460
-2007263.440
-2007263.440
-2007263.440
-2007263.440
-2007263.430
-2007263.420
-2007263.420
-2007263.410
-2007263.400
-2007263.390
-2007263.380
-2007263.370
-2007263.350
-2007263.330
-2007263.320
-2007263.310
-2007263.310
-2007263.290
-2007263.260
-2007263.240
-2007263.230
-2007263.220
-2007263.190
-2007263.160
-2007263.140
-2007263.120
-2007263.100
-2007263.080
-2007263.070
-2007263.070
-2007263.070
-2007263.070
-2007263.070
-2007263.060
-2007263.040
-2007263.030
-2007263.030
-2007263.020
-2007262.990
-2007262.980
-2007262.970
-2007262.960
-2007262.950
-2007262.950
-2007262.950
-2007262.930
-2007262.930
-2007262.930
-2007262.930
-2007262.920
-2007262.920
-2007262.910
-2007262.900
-2007262.890
-2007262.870
-2007262.850
-2007262.830
-2007262.810
-2007262.790
-2007262.780
-2007262.760
-2007262.750
-2007262.740
-2007262.730
-2007262.720
-2007262.700
-2007262.680
-2007262.660
-2007262.650
-2007262.640
-2007262.630
-2007262.620
-2007262.610
-2007262.600
-2007262.600
-2007262.590
-2007262.590
-2007262.590
-2007262.600
-2007262.590
-2007262.590
-2007262.600
-2007262.600
-2007262.600
-2007262.600
-2007262.600
-2007262.580
-2007262.580
-2007262.570
-2007262.570
-2007262.570
-2007262.570
-2007262.570
-2007262.580
-2007262.590
-2007262.590
-2007262.590
-2007262.590
-2007262.600
-2007262.610
-2007262.630
-2007262.640
-2007262.650
-2007262.670
-2007262.690
-2007262.710
-2007262.720
-2007262.730
-2007262.750
-2007262.760
-2007262.770
-2007262.770
-2007262.780
-2007262.790
-2007262.810
-2007262.820
-2007262.840
-2007262.860
-2007262.870
-2007262.890
-2007262.900
-2007262.910
-2007262.920
-2007262.930
-2007262.940
-2007262.960
-2007262.970
-2007262.980
-2007262.990
-2007263.000
-2007263.020
-2007263.030
-2007263.040
-2007263.050
-2007263.060
-2007263.060
-2007263.070
-2007263.080
-2007263.090
-2007263.100
-2007263.120
-2007263.140
-2007263.150
-2007263.150
-2007263.160
-2007263.180
-2007263.190
-2007263.210
-2007263.230
-2007263.250
-2007263.270
-2007263.290
-2007263.300
-2007263.320
-2007263.330
-2007263.340
-2007263.350
-2007263.360
-2007263.370
-2007263.380
-2007263.400
-2007263.410
-2007263.430
-2007263.440
-2007263.460
-2007263.480
-2007263.500
-2007263.520
-2007263.540
-2007263.560
-2007263.570
-2007263.580
-2007263.580
-2007263.590
-2007263.600
-2007263.610
-2007263.630
-2007263.640
-2007263.660
-2007263.680
-2007263.680
-2007263.690
-2007263.700
-2007263.710
-2007263.730
-2007263.740
-2007263.750
-2007263.760
-2007263.760
-2007263.760
-2007263.770
-2007263.780
-2007263.780
-2007263.780
-2007263.790
-2007263.800
-2007263.800
-2007263.800
-2007263.800
-2007263.790
-2007263.800
-2007263.810
-2007263.820
-2007263.840
-2007263.840
-2007263.850
-2007263.860
-2007263.860
-2007263.870
-2007263.880
-2007263.880
-2007263.880
-2007263.890
-2007263.890
-2007263.890
-2007263.880
-2007263.890
-2007263.900
-2007263.920
-2007263.920
-2007263.920
-2007263.920
-2007263.920
-2007263.920
-2007263.920
-2007263.930
-2007263.940
-2007263.940
-2007263.940
-2007263.940
-2007263.940
-2007263.940
-2007263.950
-2007263.950
-2007263.960
-2007263.970
-2007263.980
-2007263.980
-2007263.980
-2007263.990
-2007263.990
-2007264.000
-2007263.990
-2007263.980
-2007263.970
-2007263.960
-2007263.960
-2007263.950
-2007263.950
-2007263.940
-2007263.940
-2007263.940
-2007263.940
-2007263.930
-2007263.940
-2007263.930
-2007263.920
-2007263.910
-2007263.910
-2007263.910
-2007263.910
-2007263.920
-2007263.930
-2007263.930
-2007263.940
-2007263.930
-2007263.940
-2007263.950
-2007263.960
-2007263.980
-2007264.000
-2007264.010
-2007264.020
-2007264.030
-2007264.030
-2007264.040
-2007264.040
-2007264.050
-2007264.050
-2007264.060
-2007264.050
-2007264.040
-2007264.050
-2007264.060
-2007264.060
-2007264.070
-2007264.090
-2007264.110
-2007264.120
-2007264.120
-2007264.110
-2007264.110
-2007264.110
-2007264.120
-2007264.130
-2007264.120
-2007264.130
-2007264.150
-2007264.160
-2007264.170
-2007264.170
-2007264.190
-2007264.200
-2007264.200
-2007264.200
-2007264.210
-2007264.220
-2007264.230
-2007264.240
-2007264.240
-2007264.250
-2007264.250
-2007264.260
-2007264.260
-2007264.260
-2007264.270
-2007264.270
-2007264.270
-2007264.270
-2007264.270
-2007264.280
-2007264.290
-2007264.300
-2007264.310
-2007264.320
-2007264.330
-2007264.330
-2007264.330
-2007264.330
-2007264.320
-2007264.330
-2007264.340
-2007264.340
-2007264.340
-2007264.340
-2007264.350
-2007264.360
-2007264.360
-2007264.360
-2007264.370
-2007264.380
-2007264.380
-2007264.380
-2007264.390
-2007264.400
-2007264.400
-2007264.390
-2007264.410
-2007264.420
-2007264.420
-2007264.430
-2007264.420
-2007264.420
-2007264.430
-2007264.440
-2007264.440
-2007264.440
-2007264.450
-2007264.450
-2007264.450
-2007264.460
-2007264.460
-2007264.460
-2007264.460
-2007264.470
-2007264.460
-2007264.460
-2007264.470
-2007264.480
-2007264.490
-2007264.490
-2007264.490
-2007264.480
-2007264.480
-2007264.480
-2007264.470
-2007264.450
-2007264.430
-2007264.430
-2007264.410
-2007264.410
-2007264.400
-2007264.400
-2007264.390
-2007264.380
-2007264.380
-2007264.380
-2007264.380
-2007264.380
-2007264.370
-2007264.360
-2007264.350
-2007264.340
-2007264.310
-2007264.310
-2007264.300
-2007264.290
-2007264.280
-2007264.280
-2007264.280
-2007264.280
-2007264.280
-2007264.280
-2007264.270
-2007264.260
-2007264.260
-2007264.260
-2007264.270
-2007264.270
-2007264.270
-2007264.270
-2007264.270
-2007264.270
-2007264.260
-2007264.250
-2007264.240
-2007264.240
-2007264.240
-2007264.240
-2007264.230
-2007264.230
-2007264.220
-2007264.210
-2007264.200
-2007264.200
-2007264.200
-2007264.200
-2007264.200
-2007264.210
-2007264.210
-2007264.200
-2007264.200
-2007264.190
-2007264.190
-2007264.190
-2007264.190
-2007264.180
-2007264.170
-2007264.150
-2007264.150
-2007264.140
-2007264.120
-2007264.120
-2007264.110
-2007264.100
-2007264.090
-2007264.070
-2007264.070
-2007264.050
-2007264.050
-2007264.030
-2007264.030
-2007264.020
-2007264.010
-2007264.010
-2007263.980
-2007263.970
-2007263.970
-2007263.960
-2007263.950
-2007263.950
-2007263.960
-2007263.950
-2007263.940
-2007263.940
-2007263.940
-2007263.940
-2007263.930
-2007263.940
-2007263.930
-2007263.910
-2007263.920
-2007263.920
-2007263.920
-2007263.910
-2007263.920
-2007263.920
-2007263.920
-2007263.920
-2007263.920
-2007263.910
-2007263.900
-2007263.900
-2007263.900
-2007263.890
-2007263.890
-2007263.900
-2007263.900
-2007263.910
-2007263.910
-2007263.900
-2007263.890
-2007263.890
-2007263.880
-2007263.870
-2007263.870
-2007263.870
-2007263.870
-2007263.880
-2007263.870
-2007263.870
-2007263.870
-2007263.870
-2007263.870
-2007263.870
-2007263.870
-2007263.860
-2007263.850
-2007263.850
-2007263.850
-2007263.850
-2007263.840
-2007263.830
-2007263.820
-2007263.820
-2007263.830
-2007263.830
-2007263.850
-2007263.860
-2007263.860
-2007263.840
-2007263.840
-2007263.820
-2007263.820
-2007263.810
-2007263.810
-2007263.810
-2007263.800
-2007263.790
-2007263.780
-2007263.780
-2007263.780
-2007263.760
-2007263.750
-2007263.740
-2007263.750
-2007263.740
-2007263.730
-2007263.710
-2007263.700
-2007263.700
-2007263.690
-2007263.680
-2007263.680
-2007263.670
-2007263.670
-2007263.660
-2007263.670
-2007263.680
-2007263.680
-2007263.670
-2007263.660
-2007263.650
-2007263.650
-2007263.650
-2007263.650
-2007263.650
-2007263.640
-2007263.640
-2007263.630
-2007263.630
-2007263.630
-2007263.630
-2007263.620
-2007263.610
-2007263.610
-2007263.610
-2007263.600
-2007263.610
-2007263.610
-2007263.610
-2007263.610
-2007263.590
-2007263.590
-2007263.580
-2007263.570
-2007263.570
-2007263.550
-2007263.550
-2007263.550
-2007263.550
-2007263.550
-2007263.550
-2007263.540
-2007263.540
-2007263.550
-2007263.540
-2007263.540
-2007263.530
-2007263.520
-2007263.500
-2007263.490
-2007263.480
-2007263.480
-2007263.470
-2007263.460
-2007263.460
-2007263.450
-2007263.440
-2007263.440
-2007263.440
-2007263.440
-2007263.440
-2007263.440
-2007263.450
-2007263.450
-2007263.440
-2007263.450
-2007263.440
-2007263.440
-2007263.450
-2007263.440
-2007263.440
-2007263.450
-2007263.460
-2007263.460
-2007263.460
-2007263.460
-2007263.460
-2007263.470
-2007263.470
-2007263.470
-2007263.450
-2007263.450
-2007263.440
-2007263.420
-2007263.410
-2007263.410
-2007263.400
-2007263.400
-2007263.400
-2007263.390
-2007263.380
-2007263.380
-2007263.390
-2007263.360
-2007263.320
-2007263.310
-2007263.310
-2007263.310
-2007263.300
-2007263.300
-2007263.300
-2007263.290
-2007263.290
-2007263.300
-2007263.310
-2007263.310
-2007263.310
-2007263.310
-2007263.320
-2007263.320
-2007263.310
-2007263.330
-2007263.340
-2007263.360
-2007263.360
-2007263.370
-2007263.380
-2007263.380
-2007263.380
-2007263.370
-2007263.380
-2007263.400
-2007263.400
-2007263.410
-2007263.410
-2007263.420
-2007263.430
-2007263.430
-2007263.450
-2007263.460
-2007263.470
-2007263.480
-2007263.480
-2007263.480
-2007263.490
-2007263.500
-2007263.510
-2007263.520
-2007263.520
-2007263.530
-2007263.540
-2007263.550
-2007263.570
-2007263.580
-2007263.580
-2007263.580
-2007263.590
-2007263.610
-2007263.620
-2007263.630
-2007263.650
-2007263.660
-2007263.680
-2007263.680
-2007263.690
-2007263.700
-2007263.700
-2007263.710
-2007263.730
-2007263.740
-2007263.740
-2007263.740
-2007263.740
-2007263.750
-2007263.750
-2007263.760
-2007263.760
-2007263.760
-2007263.790
-2007263.800
-2007263.810
-2007263.830
-2007263.830
-2007263.830
-2007263.840
-2007263.860
-2007263.880
-2007263.890
-2007263.900
-2007263.910
-2007263.930
-2007263.940
-2007263.960
-2007263.970
-2007263.980
-2007263.990
-2007264.000
-2007264.010
-2007264.020
-2007264.030
-2007264.040
-2007264.060
-2007264.070
-2007264.090
-2007264.100
-2007264.110
-2007264.120
-2007264.130
-2007264.130
-2007264.150
-2007264.160
-2007264.170
-2007264.190
-2007264.200
-2007264.210
-2007264.200
-2007264.210
-2007264.220
-2007264.230
-2007264.230
-2007264.230
-2007264.240
-2007264.240
-2007264.240
-2007264.240
-2007264.250
-2007264.240
-2007264.240
-2007264.240
-2007264.240
-2007264.240
-2007264.240
-2007264.260
-2007264.260
-2007264.260
-2007264.270
-2007264.290
-2007264.310
-2007264.330
-2007264.340
-2007264.340
-2007264.330
-2007264.340
-2007264.340
-2007264.350
-2007264.350
-2007264.360
-2007264.370
-2007264.370
-2007264.370
-2007264.370
-2007264.370
-2007264.370
-2007264.360
-2007264.350
-2007264.340
-2007264.340
-2007264.330
-2007264.320
-2007264.320
-2007264.310
-2007264.310
-2007264.290
-2007264.280
-2007264.280
-2007264.270
-2007264.250
-2007264.240
-2007264.230
-2007264.220
-2007264.210
-2007264.220
-2007264.210
-2007264.200
-2007264.190
-2007264.190
-2007264.180
-2007264.170
-2007264.190
-2007264.190
-2007264.180
-2007264.180
-2007264.170
-2007264.160
-2007264.140
-2007264.130
-2007264.120
-2007264.100
-2007264.090
-2007264.080
-2007264.060
-2007264.040
-2007264.020
-2007264.000
-2007263.980
-2007263.980
-2007263.970
-2007263.950
-2007263.940
-2007263.920
-2007263.900
-2007263.890
-2007263.860
-2007263.860
-2007263.840
-2007263.830
-2007263.820
-2007263.800
-2007263.790
-2007263.760
-2007263.750
-2007263.730
-2007263.700
-2007263.680
-2007263.670
-2007263.640
-2007263.620
-2007263.600
-2007263.600
-2007263.580
-2007263.580
-2007263.570
-2007263.550
-2007263.540
-2007263.520
-2007263.510
-2007263.500
-2007263.490
-2007263.480
-2007263.460
-2007263.440
-2007263.420
-2007263.400
-2007263.380
-2007263.370
-2007263.350
-2007263.340
-2007263.310
-2007263.300
-2007263.310
-2007263.290
-2007263.280
-2007263.280
-2007263.260
-2007263.250
-2007263.230
-2007263.210
-2007263.200
-2007263.190
-2007263.180
-2007263.160
-2007263.140
-2007263.130
-2007263.100
-2007263.080
-2007263.070
-2007263.060
-2007263.040
