-4857713.170
-4857713.160
-4857713.150
-4857713.140
-4857713.140
-4857713.140
-4857713.130
-4857713.110
-4857713.140
-4857713.170
-4857713.160
-4857713.180
-4857713.180
-4857713.180
-4857713.170
-4857713.180
-4857713.190
-4857713.190
-4857713.190
-4857713.210
-4857713.260
-4857713.280
-4857713.300
-4857713.310
-4857713.330
-4857713.330
-4857713.380
-4857713.410
-4857713.430
-4857713.470
-4857713.490
-4857713.540
-4857713.570
-4857713.590
-4857713.590
-4857713.600
-4857713.590
-4857713.600
-4857713.570
-4857713.570
-4857713.580
-4857713.620
-4857713.660
-4857713.700
-4857713.720
-4857713.710
-4857713.710
-4857713.740
-4857713.750
-4857713.740
-4857713.720
-4857713.720
-4857713.770
-4857713.770
-4857713.770
-4857713.790
-4857713.800
-4857713.840
-4857713.860
-4857713.880
-4857713.870
-4857713.870
-4857713.870
-4857713.900
-4857713.880
-4857713.890
-4857713.870
-4857713.840
-4857713.830
-4857713.840
-4857713.840
-4857713.820
-4857713.850
-4857713.820
-4857713.820
-4857713.830
-4857713.830
-4857713.840
-4857713.820
-4857713.830
-4857713.830
-4857713.840
-4857713.820
-4857713.810
-4857713.810
-4857713.840
-4857713.850
-4857713.870
-4857713.900
-4857713.930
-4857713.950
-4857713.970
-4857713.970
-4857713.990
-4857714.020
-4857714.020
-4857714.060
-4857714.080
-4857714.120
-4857714.090
-4857714.090
-4857714.130
-4857714.120
-4857714.140
-4857714.120
-4857714.170
-4857714.160
-4857714.180
-4857714.190
-4857714.180
-4857714.240
-4857714.210
-4857714.220
-4857714.210
-4857714.260
-4857714.270
-4857714.290
-4857714.260
-4857714.290
-4857714.300
-4857714.330
-4857714.340
-4857714.350
-4857714.340
-4857714.330
-4857714.370
-4857714.380
-4857714.390
-4857714.390
-4857714.420
-4857714.410
-4857714.430
-4857714.430
-4857714.460
-4857714.450
-4857714.480
-4857714.510
-4857714.540
-4857714.570
-4857714.600
-4857714.600
-4857714.600
-4857714.630
-4857714.660
-4857714.670
-4857714.640
-4857714.660
-4857714.660
-4857714.680
-4857714.680
-4857714.680
-4857714.680
-4857714.690
-4857714.710
-4857714.720
-4857714.700
-4857714.720
-4857714.750
-4857714.770
-4857714.750
-4857714.750
-4857714.730
-4857714.720
-4857714.710
-4857714.730
-4857714.730
-4857714.730
-4857714.730
-4857714.710
-4857714.690
-4857714.700
-4857714.710
-4857714.690
-4857714.690
-4857714.720
-4857714.730
-4857714.680
-4857714.680
-4857714.670
-4857714.660
-4857714.690
-4857714.690
-4857714.660
-4857714.670
-4857714.670
-4857714.690
-4857714.690
-4857714.660
-4857714.630
-4857714.610
-4857714.600
-4857714.570
-4857714.550
-4857714.550
-4857714.540
-4857714.530
-4857714.490
-4857714.490
-4857714.500
-4857714.500
-4857714.500
-4857714.450
-4857714.460
-4857714.470
-4857714.470
-4857714.420
-4857714.400
-4857714.380
-4857714.410
-4857714.420
-4857714.410
-4857714.400
-4857714.410
-4857714.400
-4857714.420
-4857714.400
-4857714.370
-4857714.380
-4857714.340
-4857714.310
-4857714.300
-4857714.290
-4857714.270
-4857714.270
-4857714.250
-4857714.230
-4857714.250
-4857714.250
-4857714.240
-4857714.250
-4857714.260
-4857714.270
-4857714.290
-4857714.280
-4857714.290
-4857714.280
-4857714.260
-4857714.250
-4857714.240
-4857714.250
-4857714.230
-4857714.200
-4857714.220
-4857714.250
-4857714.300
-4857714.320
-4857714.310
-4857714.310
-4857714.320
-4857714.320
-4857714.290
-4857714.280
-4857714.280
-4857714.260
-4857714.270
-4857714.300
-4857714.320
-4857714.330
-4857714.370
-4857714.380
-4857714.390
-4857714.370
-4857714.360
-4857714.370
-4857714.400
-4857714.410
-4857714.470
-4857714.490
-4857714.510
-4857714.530
-4857714.580
-4857714.620
-4857714.610
-4857714.610
-4857714.630
-4857714.710
-4857714.740
-4857714.780
-4857714.790
-4857714.810
-4857714.800
-4857714.800
-4857714.830
-4857714.850
-4857714.860
-4857714.870
-4857714.880
-4857714.890
-4857714.890
-4857714.910
-4857714.940
-4857714.960
-4857714.980
-4857714.980
-4857714.980
-4857714.960
-4857714.950
-4857714.970
-4857715.000
-4857714.990
-4857714.960
-4857714.960
-4857714.960
-4857714.980
-4857714.970
-4857714.980
-4857715.000
-4857714.980
-4857714.980
-4857714.970
-4857715.000
-4857715.000
-4857715.040
-4857715.070
-4857715.080
-4857715.080
-4857715.090
-4857715.100
-4857715.110
-4857715.130
-4857715.160
-4857715.190
-4857715.220
-4857715.230
-4857715.260
-4857715.280
-4857715.290
-4857715.310
-4857715.330
-4857715.330
-4857715.340
-4857715.320
-4857715.320
-4857715.300
-4857715.290
-4857715.260
-4857715.290
-4857715.320
-4857715.340
-4857715.330
-4857715.370
-4857715.350
-4857715.360
-4857715.360
-4857715.340
-4857715.320
-4857715.300
-4857715.280
-4857715.280
-4857715.270
-4857715.260
-4857715.250
-4857715.240
-4857715.250
-4857715.230
-4857715.220
-4857715.190
-4857715.200
-4857715.200
-4857715.220
-4857715.210
-4857715.240
-4857715.260
-4857715.290
-4857715.290
-4857715.280
-4857715.270
-4857715.250
-4857715.240
-4857715.230
-4857715.210
-4857715.240
-4857715.220
-4857715.200
-4857715.220
-4857715.220
-4857715.230
-4857715.240
-4857715.270
-4857715.240
-4857715.250
-4857715.280
-4857715.290
-4857715.310
-4857715.320
-4857715.320
-4857715.320
-4857715.310
-4857715.320
-4857715.320
-4857715.320
-4857715.310
-4857715.320
-4857715.300
-4857715.300
-4857715.300
-4857715.290
-4857715.300
-4857715.330
-4857715.330
-4857715.340
-4857715.310
-4857715.290
-4857715.300
-4857715.320
-4857715.340
-4857715.370
-4857715.390
-4857715.450
-4857715.440
-4857715.430
-4857715.440
-4857715.440
-4857715.440
-4857715.440
-4857715.400
-4857715.380
-4857715.380
-4857715.380
-4857715.380
-4857715.390
-4857715.400
-4857715.400
-4857715.400
-4857715.390
-4857715.390
-4857715.400
-4857715.420
-4857715.440
-4857715.480
-4857715.500
-4857715.480
-4857715.450
-4857715.430
-4857715.440
-4857715.430
-4857715.470
-4857715.490
-4857715.500
-4857715.480
-4857715.490
-4857715.510
-4857715.520
-4857715.480
-4857715.470
-4857715.460
-4857715.470
-4857715.440
-4857715.420
-4857715.390
-4857715.390
-4857715.360
-4857715.370
-4857715.350
-4857715.340
-4857715.390
-4857715.410
-4857715.380
-4857715.370
-4857715.350
-4857715.330
-4857715.320
-4857715.290
-4857715.260
-4857715.220
-4857715.170
-4857715.150
-4857715.130
-4857715.120
-4857715.120
-4857715.140
-4857715.120
-4857715.110
-4857715.150
-4857715.130
-4857715.100
-4857715.100
-4857715.090
-4857715.070
-4857715.080
-4857715.070
-4857715.060
-4857715.080
-4857715.070
-4857715.080
-4857715.080
-4857715.060
-4857715.080
-4857715.050
-4857715.030
-4857715.020
-4857714.970
-4857715.000
-4857714.970
-4857715.010
-4857715.020
-4857715.010
-4857715.010
-4857714.990
-4857714.980
-4857714.960
-4857714.940
-4857714.930
-4857714.910
-4857714.870
-4857714.860
-4857714.840
-4857714.820
-4857714.820
-4857714.810
-4857714.830
-4857714.810
-4857714.830
-4857714.820
-4857714.840
-4857714.820
-4857714.820
-4857714.820
-4857714.790
-4857714.790
-4857714.780
-4857714.780
-4857714.810
-4857714.820
-4857714.810
-4857714.810
-4857714.770
-4857714.740
-4857714.720
-4857714.710
-4857714.700
-4857714.680
-4857714.640
-4857714.610
-4857714.570
-4857714.540
-4857714.560
-4857714.560
-4857714.570
-4857714.530
-4857714.540
-4857714.540
-4857714.530
-4857714.520
-4857714.520
-4857714.510
-4857714.510
-4857714.490
-4857714.480
-4857714.450
-4857714.420
-4857714.400
-4857714.380
-4857714.370
-4857714.350
-4857714.340
-4857714.320
-4857714.260
-4857714.220
-4857714.170
-4857714.120
-4857714.080
-4857714.050
-4857714.020
-4857714.000
-4857713.950
-4857713.920
-4857713.920
-4857713.900
-4857713.880
-4857713.880
-4857713.860
-4857713.820
-4857713.810
-4857713.780
-4857713.780
-4857713.750
-4857713.710
-4857713.660
-4857713.590
-4857713.550
-4857713.530
-4857713.520
-4857713.500
-4857713.460
-4857713.430
-4857713.410
-4857713.410
-4857713.390
-4857713.380
-4857713.370
-4857713.340
-4857713.310
-4857713.280
-4857713.260
-4857713.250
-4857713.270
-4857713.310
-4857713.330
-4857713.330
-4857713.340
-4857713.350
-4857713.370
-4857713.380
-4857713.380
-4857713.380
-4857713.390
-4857713.380
-4857713.400
-4857713.420
-4857713.430
-4857713.430
-4857713.450
-4857713.470
-4857713.480
-4857713.520
-4857713.540
-4857713.550
-4857713.570
-4857713.590
-4857713.590
-4857713.580
-4857713.560
-4857713.520
-4857713.500
-4857713.490
-4857713.470
-4857713.450
-4857713.430
-4857713.400
-4857713.370
-4857713.350
-4857713.320
-4857713.320
-4857713.290
-4857713.280
-4857713.290
-4857713.280
-4857713.250
-4857713.210
-4857713.210
-4857713.200
-4857713.200
-4857713.210
-4857713.240
-4857713.240
-4857713.260
-4857713.260
-4857713.280
-4857713.290
-4857713.290
-4857713.300
-4857713.300
-4857713.310
-4857713.300
-4857713.300
-4857713.280
-4857713.270
-4857713.270
-4857713.270
-4857713.290
-4857713.300
-4857713.320
-4857713.310
-4857713.340
-4857713.380
-4857713.400
-4857713.420
-4857713.450
-4857713.460
-4857713.500
-4857713.520
-4857713.530
-4857713.550
-4857713.590
-4857713.630
-4857713.650
-4857713.650
-4857713.660
-4857713.690
-4857713.710
-4857713.750
-4857713.770
-4857713.800
-4857713.820
-4857713.850
-4857713.860
-4857713.880
-4857713.920
-4857713.980
-4857714.020
-4857714.020
-4857714.020
-4857714.040
-4857714.050
-4857714.080
-4857714.090
-4857714.090
-4857714.090
-4857714.080
-4857714.070
-4857714.080
-4857714.080
-4857714.080
-4857714.120
-4857714.150
-4857714.160
-4857714.170
-4857714.200
-4857714.220
-4857714.230
-4857714.280
-4857714.320
-4857714.370
-4857714.400
-4857714.430
-4857714.460
-4857714.480
-4857714.490
-4857714.520
-4857714.570
-4857714.620
-4857714.640
-4857714.670
-4857714.700
-4857714.740
-4857714.800
-4857714.850
-4857714.920
-4857714.980
-4857715.030
-4857715.060
-4857715.070
-4857715.090
-4857715.130
-4857715.150
-4857715.170
-4857715.190
-4857715.200
-4857715.220
-4857715.230
-4857715.230
-4857715.250
-4857715.270
-4857715.290
-4857715.270
-4857715.260
-4857715.270
-4857715.290
-4857715.300
-4857715.290
-4857715.300
-4857715.290
-4857715.280
-4857715.250
-4857715.230
-4857715.220
-4857715.210
-4857715.210
-4857715.220
-4857715.220
-4857715.240
-4857715.260
-4857715.260
-4857715.250
-4857715.250
-4857715.250
-4857715.250
-4857715.250
-4857715.270
-4857715.290
-4857715.280
-4857715.280
-4857715.250
-4857715.250
-4857715.250
-4857715.250
-4857715.230
-4857715.240
-4857715.230
-4857715.220
-4857715.220
-4857715.210
-4857715.210
-4857715.220
-4857715.200
-4857715.190
-4857715.170
-4857715.160
-4857715.170
-4857715.160
-4857715.180
-4857715.170
-4857715.160
-4857715.150
-4857715.110
-4857715.070
-4857715.040
-4857715.030
-4857715.010
-4857714.970
-4857714.910
-4857714.870
-4857714.830
-4857714.800
-4857714.760
-4857714.740
-4857714.720
-4857714.680
-4857714.640
-4857714.600
-4857714.570
-4857714.530
-4857714.500
-4857714.470
-4857714.480
-4857714.450
-4857714.430
-4857714.410
-4857714.390
-4857714.380
-4857714.380
-4857714.380
-4857714.370
-4857714.360
-4857714.350
-4857714.370
-4857714.380
-4857714.380
-4857714.370
-4857714.370
-4857714.360
-4857714.360
-4857714.380
-4857714.380
-4857714.370
-4857714.370
-4857714.400
-4857714.410
-4857714.440
-4857714.450
-4857714.460
-4857714.440
-4857714.430
-4857714.440
-4857714.460
-4857714.440
-4857714.460
-4857714.470
-4857714.490
-4857714.490
-4857714.530
-4857714.550
-4857714.590
-4857714.610
-4857714.640
-4857714.650
-4857714.670
-4857714.670
-4857714.680
-4857714.680
-4857714.650
-4857714.650
-4857714.670
-4857714.690
-4857714.700
-4857714.690
-4857714.690
-4857714.700
-4857714.690
-4857714.680
-4857714.700
-4857714.720
-4857714.740
-4857714.740
-4857714.730
-4857714.730
-4857714.730
-4857714.730
-4857714.720
-4857714.710
-4857714.740
-4857714.760
-4857714.760
-4857714.740
-4857714.750
-4857714.780
-4857714.820
-4857714.880
-4857714.930
-4857714.940
-4857714.990
-4857715.000
-4857715.020
-4857715.050
-4857715.040
-4857715.070
-4857715.060
-4857715.100
-4857715.120
-4857715.130
-4857715.190
-4857715.230
-4857715.260
-4857715.270
-4857715.280
-4857715.290
-4857715.310
-4857715.330
-4857715.350
-4857715.390
-4857715.400
-4857715.390
-4857715.430
-4857715.440
-4857715.430
-4857715.450
-4857715.440
-4857715.420
-4857715.430
-4857715.450
-4857715.460
-4857715.480
-4857715.490
-4857715.490
-4857715.480
-4857715.480
-4857715.440
-4857715.410
-4857715.390
-4857715.350
-4857715.320
-4857715.300
-4857715.270
-4857715.270
-4857715.250
-4857715.200
-4857715.170
-4857715.150
-4857715.160
-4857715.150
-4857715.140
-4857715.120
-4857715.100
-4857715.110
-4857715.100
-4857715.120
-4857715.110
-4857715.140
-4857715.130
-4857715.160
-4857715.180
-4857715.220
-4857715.230
-4857715.250
-4857715.280
-4857715.320
-4857715.350
-4857715.370
-4857715.370
-4857715.400
-4857715.400
-4857715.420
-4857715.440
-4857715.460
-4857715.480
-4857715.460
-4857715.460
-4857715.460
-4857715.470
-4857715.490
-4857715.490
-4857715.490
-4857715.490
-4857715.490
-4857715.510
-4857715.500
-4857715.500
-4857715.510
-4857715.490
-4857715.500
-4857715.530
-4857715.510
-4857715.530
-4857715.570
-4857715.550
-4857715.550
-4857715.540
-4857715.520
-4857715.500
-4857715.500
-4857715.510
-4857715.510
-4857715.530
-4857715.550
-4857715.560
-4857715.570
-4857715.600
-4857715.610
-4857715.630
-4857715.620
-4857715.640
-4857715.640
-4857715.630
-4857715.590
-4857715.600
-4857715.600
-4857715.580
-4857715.590
-4857715.590
-4857715.590
-4857715.590
-4857715.590
-4857715.600
-4857715.600
-4857715.630
-4857715.620
-4857715.640
-4857715.630
-4857715.640
-4857715.670
-4857715.640
-4857715.650
-4857715.670
-4857715.700
-4857715.710
-4857715.720
-4857715.770
-4857715.790
-4857715.790
-4857715.840
-4857715.860
-4857715.880
-4857715.880
-4857715.910
-4857715.950
-4857715.920
-4857715.930
-4857715.940
-4857715.950
-4857715.940
-4857715.950
-4857715.960
-4857715.960
-4857715.980
-4857715.970
-4857715.960
-4857715.920
-4857715.900
-4857715.900
-4857715.890
-4857715.900
-4857715.900
-4857715.900
-4857715.890
-4857715.880
-4857715.880
-4857715.870
-4857715.850
-4857715.830
-4857715.820
-4857715.790
-4857715.810
-4857715.820
-4857715.840
-4857715.830
-4857715.850
-4857715.860
-4857715.890
-4857715.910
-4857715.950
-4857715.960
-4857715.970
-4857715.990
-4857716.040
-4857716.060
-4857716.120
-4857716.120
-4857716.130
-4857716.160
-4857716.190
-4857716.200
-4857716.200
-4857716.250
-4857716.280
-4857716.310
-4857716.280
-4857716.310
-4857716.300
-4857716.310
-4857716.310
-4857716.320
-4857716.310
-4857716.310
-4857716.330
-4857716.330
-4857716.350
-4857716.360
-4857716.370
-4857716.370
-4857716.380
-4857716.420
-4857716.420
-4857716.410
-4857716.390
-4857716.400
-4857716.430
-4857716.400
-4857716.370
-4857716.360
-4857716.380
-4857716.400
-4857716.390
-4857716.400
-4857716.400
-4857716.410
-4857716.400
-4857716.390
-4857716.360
-4857716.360
-4857716.350
-4857716.340
-4857716.340
-4857716.360
-4857716.350
-4857716.330
-4857716.330
-4857716.330
-4857716.360
-4857716.340
-4857716.340
-4857716.360
-4857716.360
-4857716.380
-4857716.420
-4857716.410
-4857716.410
-4857716.410
-4857716.390
-4857716.410
-4857716.400
-4857716.400
-4857716.380
-4857716.330
-4857716.330
-4857716.320
-4857716.310
-4857716.320
-4857716.290
-4857716.280
-4857716.270
-4857716.270
-4857716.250
-4857716.240
-4857716.220
-4857716.180
-4857716.140
-4857716.130
-4857716.100
-4857716.080
-4857716.090
-4857716.090
-4857716.080
-4857716.070
-4857716.040
-4857716.040
-4857716.040
-4857716.060
-4857716.070
-4857716.040
-4857716.030
-4857716.030
-4857716.000
-4857715.990
-4857715.950
-4857715.920
-4857715.890
-4857715.850
-4857715.830
-4857715.810
-4857715.780
-4857715.770
-4857715.770
-4857715.760
-4857715.760
-4857715.770
-4857715.780
-4857715.770
-4857715.730
-4857715.710
-4857715.670
-4857715.630
-4857715.630
-4857715.650
-4857715.640
-4857715.630
-4857715.600
-4857715.600
-4857715.630
-4857715.640
-4857715.630
-4857715.600
-4857715.580
-4857715.590
-4857715.620
-4857715.630
-4857715.620
-4857715.610
-4857715.610
-4857715.620
-4857715.610
-4857715.620
-4857715.620
-4857715.630
-4857715.630
-4857715.620
-4857715.590
-4857715.570
-4857715.560
-4857715.540
-4857715.540
-4857715.590
-4857715.560
-4857715.540
-4857715.550
-4857715.520
-4857715.510
-4857715.490
-4857715.480
-4857715.470
-4857715.440
-4857715.430
-4857715.410
-4857715.400
-4857715.400
-4857715.390
-4857715.390
-4857715.380
-4857715.390
-4857715.400
-4857715.410
-4857715.420
-4857715.440
-4857715.460
-4857715.470
-4857715.500
-4857715.510
-4857715.560
-4857715.610
-4857715.620
-4857715.650
-4857715.690
-4857715.710
-4857715.730
-4857715.790
-4857715.850
-4857715.860
-4857715.890
-4857715.920
-4857715.970
-4857716.000
-4857716.020
-4857716.060
-4857716.080
-4857716.110
-4857716.140
-4857716.190
-4857716.240
-4857716.280
-4857716.300
-4857716.320
-4857716.340
-4857716.340
-4857716.360
-4857716.390
-4857716.400
-4857716.450
-4857716.450
-4857716.470
-4857716.500
-4857716.500
-4857716.510
-4857716.550
-4857716.580
-4857716.620
-4857716.650
-4857716.650
-4857716.670
-4857716.660
-4857716.650
-4857716.670
-4857716.680
-4857716.690
-4857716.740
-4857716.780
-4857716.790
-4857716.790
-4857716.810
-4857716.830
-4857716.880
-4857716.900
-4857716.970
-4857717.020
-4857717.050
-4857717.090
-4857717.110
-4857717.120
-4857717.180
-4857717.220
-4857717.260
-4857717.340
-4857717.390
-4857717.410
-4857717.420
-4857717.470
-4857717.500
-4857717.520
-4857717.530
-4857717.530
-4857717.540
-4857717.550
-4857717.560
-4857717.560
-4857717.590
-4857717.590
-4857717.610
-4857717.610
-4857717.630
-4857717.650
-4857717.670
-4857717.700
-4857717.690
-4857717.690
-4857717.710
-4857717.740
-4857717.760
-4857717.770
-4857717.780
-4857717.790
-4857717.800
-4857717.810
-4857717.810
-4857717.840
-4857717.830
-4857717.840
-4857717.850
-4857717.830
-4857717.790
-4857717.770
-4857717.770
-4857717.770
-4857717.740
-4857717.710
-4857717.670
-4857717.660
-4857717.620
-4857717.580
-4857717.550
-4857717.530
-4857717.520
-4857717.450
-4857717.420
-4857717.410
-4857717.380
-4857717.330
-4857717.320
-4857717.290
-4857717.260
-4857717.260
-4857717.280
-4857717.260
-4857717.230
-4857717.170
-4857717.160
-4857717.140
-4857717.120
-4857717.140
-4857717.130
-4857717.100
-4857717.090
-4857717.060
-4857717.020
-4857716.980
-4857716.960
-4857716.940
-4857716.890
-4857716.910
-4857716.890
-4857716.840
-4857716.800
-4857716.760
-4857716.700
-4857716.630
-4857716.590
-4857716.540
-4857716.490
-4857716.460
-4857716.400
-4857716.370
-4857716.320
-4857716.230
-4857716.180
-4857716.110
-4857716.080
-4857716.040
-4857715.950
-4857715.920
-4857715.860
-4857715.820
-4857715.740
-4857715.640
-4857715.580
-4857715.520
-4857715.450
-4857715.390
-4857715.330
-4857715.300
-4857715.220
-4857715.230
-4857715.190
-4857715.090
-4857715.110
-4857715.060
-4857715.040
-4857715.020
-4857714.980
-4857714.970
-4857714.930
-4857714.890
-4857714.840
-4857714.810
-4857714.770
-4857714.750
-4857714.700
-4857714.680
-4857714.640
-4857714.620
-4857714.610
-4857714.570
-4857714.530
-4857714.540
-4857714.530
-4857714.540
-4857714.520
-4857714.520
-4857714.490
-4857714.500
-4857714.490
-4857714.440
-4857714.410
-4857714.370
-4857714.320
-4857714.270
-4857714.220
-4857714.170
-4857714.140
